Using pre-set license
Built from '2020.3/staging' branch; Version is '2020.3.5f1 (8095aa901b9b) revision 8426922'; Using compiler version '192528614'; Build Type 'Release'
OS: 'Windows 10 Home; OS build 19042.1288; Version 2009; 64bit' Language: 'en' Physical Memory: 32588 MB
BatchMode: 1, IsHumanControllingUs: 0, StartBugReporterOnCrash: 0, Is64bit: 1, IsPro: 0

 COMMAND LINE ARGUMENTS:
C:\Program Files\Unity\Hub\Editor\2020.3.5f1\Editor\Unity.exe
-adb2
-batchMode
-noUpm
-name
AssetImportWorker0
-projectPath
D:/My Projects/Unity3D/JrProgrammer/JrProgrammingOOPChallenge/Adventurer_JrProgrammerOOPChallenge/Adventurer
-logFile
Logs/AssetImportWorker0.log
-srvPort
63795
Successfully changed project path to: D:/My Projects/Unity3D/JrProgrammer/JrProgrammingOOPChallenge/Adventurer_JrProgrammerOOPChallenge/Adventurer
D:/My Projects/Unity3D/JrProgrammer/JrProgrammingOOPChallenge/Adventurer_JrProgrammerOOPChallenge/Adventurer
Using Asset Import Pipeline V2.
Refreshing native plugins compatible for Editor in 85.82 ms, found 1 plugins.
Preloading 0 native plugins for Editor in 0.00 ms.
Initialize engine version: 2020.3.5f1 (8095aa901b9b)
[Subsystems] Discovering subsystems at path C:/Program Files/Unity/Hub/Editor/2020.3.5f1/Editor/Data/Resources/UnitySubsystems
[Subsystems] Discovering subsystems at path D:/My Projects/Unity3D/JrProgrammer/JrProgrammingOOPChallenge/Adventurer_JrProgrammerOOPChallenge/Adventurer/Assets
GfxDevice: creating device client; threaded=0
Direct3D:
    Version:  Direct3D 11.0 [level 11.1]
    Renderer: NVIDIA GeForce RTX 2060 (ID=0x1f15)
    Vendor:   
    VRAM:     5980 MB
    Driver:   30.0.14.9649
Initialize mono
Mono path[0] = 'C:/Program Files/Unity/Hub/Editor/2020.3.5f1/Editor/Data/Managed'
Mono path[1] = 'C:/Program Files/Unity/Hub/Editor/2020.3.5f1/Editor/Data/MonoBleedingEdge/lib/mono/unityjit'
Mono config path = 'C:/Program Files/Unity/Hub/Editor/2020.3.5f1/Editor/Data/MonoBleedingEdge/etc'
Using monoOptions --debugger-agent=transport=dt_socket,embedding=1,server=y,suspend=n,address=127.0.0.1:56356
Begin MonoManager ReloadAssembly
Registering precompiled unity dll's ...
Register platform support module: C:/Program Files/Unity/Hub/Editor/2020.3.5f1/Editor/Data/PlaybackEngines/WebGLSupport/UnityEditor.WebGL.Extensions.dll
Register platform support module: C:/Program Files/Unity/Hub/Editor/2020.3.5f1/Editor/Data/PlaybackEngines/WindowsStandaloneSupport/UnityEditor.WindowsStandalone.Extensions.dll
Registered in 0.003559 seconds.
Native extension for WindowsStandalone target not found
Native extension for WebGL target not found
Refreshing native plugins compatible for Editor in 33.77 ms, found 1 plugins.
Preloading 0 native plugins for Editor in 0.00 ms.
Mono: successfully reloaded assembly
- Completed reload, in  3.302 seconds
Platform modules already initialized, skipping
Registering precompiled user dll's ...
Registered in 0.000882 seconds.
Begin MonoManager ReloadAssembly
Native extension for WindowsStandalone target not found
Native extension for WebGL target not found
Refreshing native plugins compatible for Editor in 34.57 ms, found 1 plugins.
Preloading 0 native plugins for Editor in 0.00 ms.
Mono: successfully reloaded assembly
- Completed reload, in  0.849 seconds
Platform modules already initialized, skipping
========================================================================
Worker process is ready to serve import requests
Launched and connected shader compiler UnityShaderCompiler.exe after 0.09 seconds
Refreshing native plugins compatible for Editor in 0.37 ms, found 1 plugins.
Preloading 0 native plugins for Editor in 0.00 ms.
Unloading 2142 Unused Serialized files (Serialized files now loaded: 0)
System memory in use before: 99.3 MB.
System memory in use after: 99.3 MB.

Unloading 26 unused Assets to reduce memory usage. Loaded Objects now: 2588.
Total: 1.974500 ms (FindLiveObjects: 0.248500 ms CreateObjectMapping: 0.131100 ms MarkObjects: 1.486200 ms  DeleteObjects: 0.107200 ms)

AssetImportParameters requested are different than current active one (requested -> active):
  requireTextureImportCompression: false -> true
========================================================================
Received Import Request.
  path: Assets/Scripts/Game/Combat/Stats/StatbarDataProvider.cs
  artifactKey: Guid(c0b1b18ebca0c2d46947d89e9475e98f) Importer(815301076,1909f56bfc062723c751e8b465ee728b)
Start importing Assets/Scripts/Game/Combat/Stats/StatbarDataProvider.cs using Guid(c0b1b18ebca0c2d46947d89e9475e98f) Importer(815301076,1909f56bfc062723c751e8b465ee728b)  -> (artifact id: '36f9e12f4f0daaa65a11a735cc887a12') in 0.104494 seconds
  Import took 0.130900 seconds .

========================================================================
Received Import Request.
  Time since last request: 0.000518 seconds.
  path: Assets/Scripts/Game/Combat/Stats
  artifactKey: Guid(f4cce90f51a9728438940bbd7114d7cd) Importer(815301076,1909f56bfc062723c751e8b465ee728b)
Start importing Assets/Scripts/Game/Combat/Stats using Guid(f4cce90f51a9728438940bbd7114d7cd) Importer(815301076,1909f56bfc062723c751e8b465ee728b)  -> (artifact id: '7f74f431217eece419301fc8df8075ca') in 0.003355 seconds
  Import took 0.024560 seconds .

========================================================================
Received Prepare
Registering precompiled user dll's ...
Registered in 0.000915 seconds.
Begin MonoManager ReloadAssembly
Native extension for WindowsStandalone target not found
Native extension for WebGL target not found
Refreshing native plugins compatible for Editor in 0.34 ms, found 1 plugins.
Preloading 0 native plugins for Editor in 0.00 ms.
Mono: successfully reloaded assembly
- Completed reload, in  0.765 seconds
Platform modules already initialized, skipping
Refreshing native plugins compatible for Editor in 0.36 ms, found 1 plugins.
Preloading 0 native plugins for Editor in 0.00 ms.
Unloading 2124 Unused Serialized files (Serialized files now loaded: 0)
System memory in use before: 98.1 MB.
System memory in use after: 98.1 MB.

Unloading 12 unused Assets to reduce memory usage. Loaded Objects now: 2592.
Total: 2.080800 ms (FindLiveObjects: 0.256400 ms CreateObjectMapping: 0.079600 ms MarkObjects: 1.659200 ms  DeleteObjects: 0.084800 ms)

AssetImportParameters requested are different than current active one (requested -> active):
  requireTextureImportCompression: false -> true
========================================================================
Received Import Request.
  Time since last request: 30.743997 seconds.
  path: Assets/Scripts/Game/Stats/StaminaStat.cs
  artifactKey: Guid(4ce7701e3799448489885376d571bd9a) Importer(815301076,1909f56bfc062723c751e8b465ee728b)
Start importing Assets/Scripts/Game/Stats/StaminaStat.cs using Guid(4ce7701e3799448489885376d571bd9a) Importer(815301076,1909f56bfc062723c751e8b465ee728b)  -> (artifact id: '4e2a47d9767c9fc749abdf5eaf0108ae') in 0.006572 seconds
  Import took 0.022100 seconds .

========================================================================
Received Import Request.
  Time since last request: 0.021905 seconds.
  path: Assets/Scripts/Game/Stats/StaminaStat.cs
  artifactKey: Guid(4ce7701e3799448489885376d571bd9a) Importer(815301076,1909f56bfc062723c751e8b465ee728b)
Start importing Assets/Scripts/Game/Stats/StaminaStat.cs using Guid(4ce7701e3799448489885376d571bd9a) Importer(815301076,1909f56bfc062723c751e8b465ee728b)  -> (artifact id: '4e2a47d9767c9fc749abdf5eaf0108ae') in 0.003460 seconds
  Import took 0.006639 seconds .

========================================================================
Received Prepare
Registering precompiled user dll's ...
Registered in 0.001339 seconds.
Begin MonoManager ReloadAssembly
Native extension for WindowsStandalone target not found
Native extension for WebGL target not found
Refreshing native plugins compatible for Editor in 0.37 ms, found 1 plugins.
Preloading 0 native plugins for Editor in 0.00 ms.
Mono: successfully reloaded assembly
- Completed reload, in  0.808 seconds
Platform modules already initialized, skipping
Refreshing native plugins compatible for Editor in 0.34 ms, found 1 plugins.
Preloading 0 native plugins for Editor in 0.00 ms.
Unloading 2125 Unused Serialized files (Serialized files now loaded: 0)
System memory in use before: 98.2 MB.
System memory in use after: 98.2 MB.

Unloading 12 unused Assets to reduce memory usage. Loaded Objects now: 2597.
Total: 2.186900 ms (FindLiveObjects: 0.341700 ms CreateObjectMapping: 0.092800 ms MarkObjects: 1.657900 ms  DeleteObjects: 0.093500 ms)

AssetImportParameters requested are different than current active one (requested -> active):
  requireTextureImportCompression: false -> true
========================================================================
Received Import Request.
  Time since last request: 83.706426 seconds.
  path: Assets/Prefabs/Entities/Actors/Player/Player.prefab
  artifactKey: Guid(4bbae7298348f874bb6c5517d01d4c5a) Importer(815301076,1909f56bfc062723c751e8b465ee728b)
Start importing Assets/Prefabs/Entities/Actors/Player/Player.prefab using Guid(4bbae7298348f874bb6c5517d01d4c5a) Importer(815301076,1909f56bfc062723c751e8b465ee728b)  -> (artifact id: '3c12929d392176dc6d656a051954e092') in 0.210193 seconds
  Import took 0.232631 seconds .

========================================================================
Received Import Request.
  Time since last request: 34.476950 seconds.
  path: Assets/Prefabs/Entities/Actors/Enemy
  artifactKey: Guid(ee46816b74c2b4b45bf8c25f05938d53) Importer(815301076,1909f56bfc062723c751e8b465ee728b)
Start importing Assets/Prefabs/Entities/Actors/Enemy using Guid(ee46816b74c2b4b45bf8c25f05938d53) Importer(815301076,1909f56bfc062723c751e8b465ee728b)  -> (artifact id: '605095f2aa959f376e754748859e8e44') in 0.003708 seconds
  Import took 0.015860 seconds .

========================================================================
Received Import Request.
  Time since last request: 12.590017 seconds.
  path: Assets/Prefabs/Entities/Actors/Enemy/BaseEnemy Variant.prefab
  artifactKey: Guid(4a0bc12fa56a6a0499d81d02a5301426) Importer(815301076,1909f56bfc062723c751e8b465ee728b)
Start importing Assets/Prefabs/Entities/Actors/Enemy/BaseEnemy Variant.prefab using Guid(4a0bc12fa56a6a0499d81d02a5301426) Importer(815301076,1909f56bfc062723c751e8b465ee728b)  -> (artifact id: 'c09c2c12ef4c132f147661205a420775') in 0.006165 seconds
  Import took 0.031940 seconds .

========================================================================
Received Prepare
Registering precompiled user dll's ...
Registered in 0.000785 seconds.
Begin MonoManager ReloadAssembly
Native extension for WindowsStandalone target not found
Native extension for WebGL target not found
Refreshing native plugins compatible for Editor in 0.36 ms, found 1 plugins.
Preloading 0 native plugins for Editor in 0.00 ms.
Mono: successfully reloaded assembly
- Completed reload, in  0.825 seconds
Platform modules already initialized, skipping
Refreshing native plugins compatible for Editor in 0.34 ms, found 1 plugins.
Preloading 0 native plugins for Editor in 0.00 ms.
Unloading 2126 Unused Serialized files (Serialized files now loaded: 0)
System memory in use before: 101.2 MB.
System memory in use after: 101.2 MB.

Unloading 12 unused Assets to reduce memory usage. Loaded Objects now: 2609.
Total: 1.921100 ms (FindLiveObjects: 0.169000 ms CreateObjectMapping: 0.070800 ms MarkObjects: 1.590700 ms  DeleteObjects: 0.090000 ms)

AssetImportParameters requested are different than current active one (requested -> active):
  requireTextureImportCompression: false -> true
========================================================================
Received Import Request.
  Time since last request: 3505.500181 seconds.
  path: Assets/Scenes/Game.unity
  artifactKey: Guid(5a4263b681d10e84e83d5e9e3ea69ec1) Importer(815301076,1909f56bfc062723c751e8b465ee728b)
Start importing Assets/Scenes/Game.unity using Guid(5a4263b681d10e84e83d5e9e3ea69ec1) Importer(815301076,1909f56bfc062723c751e8b465ee728b)  -> (artifact id: '4dc768670e698734544634d8c3358917') in 0.023340 seconds
  Import took 0.027179 seconds .

========================================================================
Received Import Request.
  Time since last request: 0.012523 seconds.
  path: Assets/Scenes/Game.unity
  artifactKey: Guid(5a4263b681d10e84e83d5e9e3ea69ec1) Importer(815301076,1909f56bfc062723c751e8b465ee728b)
Start importing Assets/Scenes/Game.unity using Guid(5a4263b681d10e84e83d5e9e3ea69ec1) Importer(815301076,1909f56bfc062723c751e8b465ee728b)  -> (artifact id: '4dc768670e698734544634d8c3358917') in 0.003992 seconds
  Import took 0.007388 seconds .

========================================================================
Received Prepare
Registering precompiled user dll's ...
Registered in 0.000813 seconds.
Begin MonoManager ReloadAssembly
Native extension for WindowsStandalone target not found
Native extension for WebGL target not found
Refreshing native plugins compatible for Editor in 0.36 ms, found 1 plugins.
Preloading 0 native plugins for Editor in 0.00 ms.
Mono: successfully reloaded assembly
- Completed reload, in  0.736 seconds
Platform modules already initialized, skipping
Refreshing native plugins compatible for Editor in 0.35 ms, found 1 plugins.
Preloading 0 native plugins for Editor in 0.00 ms.
Unloading 2126 Unused Serialized files (Serialized files now loaded: 0)
System memory in use before: 101.3 MB.
System memory in use after: 101.2 MB.

Unloading 12 unused Assets to reduce memory usage. Loaded Objects now: 2613.
Total: 2.095300 ms (FindLiveObjects: 0.285400 ms CreateObjectMapping: 0.085200 ms MarkObjects: 1.628700 ms  DeleteObjects: 0.095100 ms)

AssetImportParameters requested are different than current active one (requested -> active):
  requireTextureImportCompression: false -> true
========================================================================
Received Prepare
Registering precompiled user dll's ...
Registered in 0.000718 seconds.
Begin MonoManager ReloadAssembly
Native extension for WindowsStandalone target not found
Native extension for WebGL target not found
Refreshing native plugins compatible for Editor in 0.36 ms, found 1 plugins.
Preloading 0 native plugins for Editor in 0.00 ms.
Mono: successfully reloaded assembly
- Completed reload, in  0.756 seconds
Platform modules already initialized, skipping
Refreshing native plugins compatible for Editor in 0.35 ms, found 1 plugins.
Preloading 0 native plugins for Editor in 0.00 ms.
Unloading 2126 Unused Serialized files (Serialized files now loaded: 0)
System memory in use before: 101.3 MB.
System memory in use after: 101.2 MB.

Unloading 12 unused Assets to reduce memory usage. Loaded Objects now: 2617.
Total: 2.232700 ms (FindLiveObjects: 0.263000 ms CreateObjectMapping: 0.086700 ms MarkObjects: 1.773600 ms  DeleteObjects: 0.108500 ms)

AssetImportParameters requested are different than current active one (requested -> active):
  requireTextureImportCompression: false -> true
========================================================================
Received Import Request.
  Time since last request: 69.250259 seconds.
  path: Assets/Scenes/Game.unity
  artifactKey: Guid(5a4263b681d10e84e83d5e9e3ea69ec1) Importer(815301076,1909f56bfc062723c751e8b465ee728b)
Start importing Assets/Scenes/Game.unity using Guid(5a4263b681d10e84e83d5e9e3ea69ec1) Importer(815301076,1909f56bfc062723c751e8b465ee728b)  -> (artifact id: 'b868c23ef6aedd3cf6ba16302634916a') in 0.013519 seconds
  Import took 0.102151 seconds .

========================================================================
Received Prepare
Registering precompiled user dll's ...
Registered in 0.000773 seconds.
Begin MonoManager ReloadAssembly
Native extension for WindowsStandalone target not found
Native extension for WebGL target not found
Refreshing native plugins compatible for Editor in 0.34 ms, found 1 plugins.
Preloading 0 native plugins for Editor in 0.00 ms.
Mono: successfully reloaded assembly
- Completed reload, in  0.753 seconds
Platform modules already initialized, skipping
Refreshing native plugins compatible for Editor in 0.36 ms, found 1 plugins.
Preloading 0 native plugins for Editor in 0.00 ms.
Unloading 2126 Unused Serialized files (Serialized files now loaded: 0)
System memory in use before: 101.3 MB.
System memory in use after: 101.3 MB.

Unloading 12 unused Assets to reduce memory usage. Loaded Objects now: 2621.
Total: 1.890500 ms (FindLiveObjects: 0.195400 ms CreateObjectMapping: 0.090100 ms MarkObjects: 1.512400 ms  DeleteObjects: 0.091900 ms)

AssetImportParameters requested are different than current active one (requested -> active):
  requireTextureImportCompression: false -> true
========================================================================
Received Prepare
Registering precompiled user dll's ...
Registered in 0.001005 seconds.
Begin MonoManager ReloadAssembly
Native extension for WindowsStandalone target not found
Native extension for WebGL target not found
Refreshing native plugins compatible for Editor in 0.34 ms, found 1 plugins.
Preloading 0 native plugins for Editor in 0.00 ms.
Mono: successfully reloaded assembly
- Completed reload, in  0.753 seconds
Platform modules already initialized, skipping
Refreshing native plugins compatible for Editor in 0.36 ms, found 1 plugins.
Preloading 0 native plugins for Editor in 0.00 ms.
Unloading 2126 Unused Serialized files (Serialized files now loaded: 0)
System memory in use before: 101.3 MB.
System memory in use after: 101.3 MB.

Unloading 12 unused Assets to reduce memory usage. Loaded Objects now: 2625.
Total: 1.861700 ms (FindLiveObjects: 0.211100 ms CreateObjectMapping: 0.087400 ms MarkObjects: 1.471600 ms  DeleteObjects: 0.091100 ms)

AssetImportParameters requested are different than current active one (requested -> active):
  requireTextureImportCompression: false -> true
========================================================================
Received Import Request.
  Time since last request: 178.532277 seconds.
  path: Assets/Scenes/Game.unity
  artifactKey: Guid(5a4263b681d10e84e83d5e9e3ea69ec1) Importer(815301076,1909f56bfc062723c751e8b465ee728b)
Start importing Assets/Scenes/Game.unity using Guid(5a4263b681d10e84e83d5e9e3ea69ec1) Importer(815301076,1909f56bfc062723c751e8b465ee728b)  -> (artifact id: '663687c6a1e5df850eab05834a8a8acf') in 0.013000 seconds
  Import took 0.106151 seconds .

========================================================================
Received Prepare
Registering precompiled user dll's ...
Registered in 0.000686 seconds.
Begin MonoManager ReloadAssembly
Native extension for WindowsStandalone target not found
Native extension for WebGL target not found
Refreshing native plugins compatible for Editor in 0.34 ms, found 1 plugins.
Preloading 0 native plugins for Editor in 0.00 ms.
Mono: successfully reloaded assembly
- Completed reload, in  0.730 seconds
Platform modules already initialized, skipping
Refreshing native plugins compatible for Editor in 0.35 ms, found 1 plugins.
Preloading 0 native plugins for Editor in 0.00 ms.
Unloading 2126 Unused Serialized files (Serialized files now loaded: 0)
System memory in use before: 101.3 MB.
System memory in use after: 101.3 MB.

Unloading 12 unused Assets to reduce memory usage. Loaded Objects now: 2629.
Total: 2.184300 ms (FindLiveObjects: 0.240900 ms CreateObjectMapping: 0.122900 ms MarkObjects: 1.682000 ms  DeleteObjects: 0.137800 ms)

AssetImportParameters requested are different than current active one (requested -> active):
  requireTextureImportCompression: false -> true
========================================================================
Received Import Request.
  Time since last request: 3515.358054 seconds.
  path: Assets/Scenes/Game.unity
  artifactKey: Guid(5a4263b681d10e84e83d5e9e3ea69ec1) Importer(815301076,1909f56bfc062723c751e8b465ee728b)
Start importing Assets/Scenes/Game.unity using Guid(5a4263b681d10e84e83d5e9e3ea69ec1) Importer(815301076,1909f56bfc062723c751e8b465ee728b)  -> (artifact id: '36cc31be0bb9774840d503d3f87df3c2') in 0.013503 seconds
  Import took 0.017129 seconds .

========================================================================
Received Prepare
Registering precompiled user dll's ...
Registered in 0.000710 seconds.
Begin MonoManager ReloadAssembly
Native extension for WindowsStandalone target not found
Native extension for WebGL target not found
Refreshing native plugins compatible for Editor in 0.37 ms, found 1 plugins.
Preloading 0 native plugins for Editor in 0.00 ms.
Mono: successfully reloaded assembly
- Completed reload, in  0.789 seconds
Platform modules already initialized, skipping
Refreshing native plugins compatible for Editor in 0.35 ms, found 1 plugins.
Preloading 0 native plugins for Editor in 0.00 ms.
Unloading 2126 Unused Serialized files (Serialized files now loaded: 0)
System memory in use before: 101.3 MB.
System memory in use after: 101.3 MB.

Unloading 12 unused Assets to reduce memory usage. Loaded Objects now: 2633.
Total: 1.930300 ms (FindLiveObjects: 0.201200 ms CreateObjectMapping: 0.136900 ms MarkObjects: 1.487400 ms  DeleteObjects: 0.103300 ms)

AssetImportParameters requested are different than current active one (requested -> active):
  requireTextureImportCompression: false -> true
========================================================================
Received Import Request.
  Time since last request: 205.004044 seconds.
  path: Assets/Settings/Input/PlayerInputAction.inputactions
  artifactKey: Guid(44e4cac492206df4f8bb6d34a2561848) Importer(815301076,1909f56bfc062723c751e8b465ee728b)
Start importing Assets/Settings/Input/PlayerInputAction.inputactions using Guid(44e4cac492206df4f8bb6d34a2561848) Importer(815301076,1909f56bfc062723c751e8b465ee728b)  -> (artifact id: '6f51de5b589d05218306310071c3b077') in 0.019832 seconds
  Import took 0.036591 seconds .

========================================================================
Received Prepare
Registering precompiled user dll's ...
Registered in 0.000743 seconds.
Begin MonoManager ReloadAssembly
Native extension for WindowsStandalone target not found
Native extension for WebGL target not found
Refreshing native plugins compatible for Editor in 0.34 ms, found 1 plugins.
Preloading 0 native plugins for Editor in 0.00 ms.
Mono: successfully reloaded assembly
- Completed reload, in  0.745 seconds
Platform modules already initialized, skipping
Refreshing native plugins compatible for Editor in 0.34 ms, found 1 plugins.
Preloading 0 native plugins for Editor in 0.00 ms.
Unloading 2126 Unused Serialized files (Serialized files now loaded: 0)
System memory in use before: 101.4 MB.
System memory in use after: 101.3 MB.

Unloading 12 unused Assets to reduce memory usage. Loaded Objects now: 2637.
Total: 1.867000 ms (FindLiveObjects: 0.188000 ms CreateObjectMapping: 0.072900 ms MarkObjects: 1.504500 ms  DeleteObjects: 0.101100 ms)

AssetImportParameters requested are different than current active one (requested -> active):
  requireTextureImportCompression: false -> true
========================================================================
Received Import Request.
  Time since last request: 129.353019 seconds.
  path: Assets/Settings/Input/PlayerInputAction.inputactions
  artifactKey: Guid(44e4cac492206df4f8bb6d34a2561848) Importer(815301076,1909f56bfc062723c751e8b465ee728b)
Start importing Assets/Settings/Input/PlayerInputAction.inputactions using Guid(44e4cac492206df4f8bb6d34a2561848) Importer(815301076,1909f56bfc062723c751e8b465ee728b)  -> (artifact id: '2dfa54cad9691b8e30354e86c22c2046') in 0.024562 seconds
  Import took 0.038325 seconds .

========================================================================
Received Prepare
Registering precompiled user dll's ...
Registered in 0.000689 seconds.
Begin MonoManager ReloadAssembly
Native extension for WindowsStandalone target not found
Native extension for WebGL target not found
Refreshing native plugins compatible for Editor in 0.34 ms, found 1 plugins.
Preloading 0 native plugins for Editor in 0.00 ms.
Mono: successfully reloaded assembly
- Completed reload, in  0.755 seconds
Platform modules already initialized, skipping
Refreshing native plugins compatible for Editor in 0.35 ms, found 1 plugins.
Preloading 0 native plugins for Editor in 0.00 ms.
Unloading 2126 Unused Serialized files (Serialized files now loaded: 0)
System memory in use before: 101.4 MB.
System memory in use after: 101.3 MB.

Unloading 12 unused Assets to reduce memory usage. Loaded Objects now: 2641.
Total: 1.860000 ms (FindLiveObjects: 0.220200 ms CreateObjectMapping: 0.090600 ms MarkObjects: 1.455900 ms  DeleteObjects: 0.092200 ms)

AssetImportParameters requested are different than current active one (requested -> active):
  requireTextureImportCompression: false -> true
========================================================================
Received Import Request.
  Time since last request: 5.963639 seconds.
  path: Assets/Settings/Input/PlayerInputAction.cs
  artifactKey: Guid(64b34148aa51c3546aa12e13a4335bdf) Importer(815301076,1909f56bfc062723c751e8b465ee728b)
Start importing Assets/Settings/Input/PlayerInputAction.cs using Guid(64b34148aa51c3546aa12e13a4335bdf) Importer(815301076,1909f56bfc062723c751e8b465ee728b)  -> (artifact id: '6b714f25a3bb63c7b5f6959ac655bcfb') in 0.006405 seconds
  Import took 0.023848 seconds .

========================================================================
Received Import Request.
  Time since last request: 0.003161 seconds.
  path: Assets/Settings/Input/PlayerInputAction.cs
  artifactKey: Guid(64b34148aa51c3546aa12e13a4335bdf) Importer(815301076,1909f56bfc062723c751e8b465ee728b)
Start importing Assets/Settings/Input/PlayerInputAction.cs using Guid(64b34148aa51c3546aa12e13a4335bdf) Importer(815301076,1909f56bfc062723c751e8b465ee728b)  -> (artifact id: '6b714f25a3bb63c7b5f6959ac655bcfb') in 0.004089 seconds
  Import took 0.006926 seconds .

========================================================================
Received Import Request.
  Time since last request: 1.360251 seconds.
  path: Assets/Settings/Input/PlayerInputHandler.cs
  artifactKey: Guid(09780908afae1c74a8d1722c3646b94f) Importer(815301076,1909f56bfc062723c751e8b465ee728b)
Start importing Assets/Settings/Input/PlayerInputHandler.cs using Guid(09780908afae1c74a8d1722c3646b94f) Importer(815301076,1909f56bfc062723c751e8b465ee728b)  -> (artifact id: 'eaa8352ce5f483cfaf01a2d987b2c145') in 0.009292 seconds
  Import took 0.021031 seconds .

========================================================================
Received Prepare
Registering precompiled user dll's ...
Registered in 0.000731 seconds.
Begin MonoManager ReloadAssembly
Native extension for WindowsStandalone target not found
Native extension for WebGL target not found
Refreshing native plugins compatible for Editor in 0.34 ms, found 1 plugins.
Preloading 0 native plugins for Editor in 0.00 ms.
Mono: successfully reloaded assembly
- Completed reload, in  0.760 seconds
Platform modules already initialized, skipping
Refreshing native plugins compatible for Editor in 0.35 ms, found 1 plugins.
Preloading 0 native plugins for Editor in 0.00 ms.
Unloading 2126 Unused Serialized files (Serialized files now loaded: 0)
System memory in use before: 101.4 MB.
System memory in use after: 101.4 MB.

Unloading 12 unused Assets to reduce memory usage. Loaded Objects now: 2645.
Total: 2.073400 ms (FindLiveObjects: 0.183500 ms CreateObjectMapping: 0.084300 ms MarkObjects: 1.715300 ms  DeleteObjects: 0.089500 ms)

AssetImportParameters requested are different than current active one (requested -> active):
  requireTextureImportCompression: false -> true
========================================================================
Received Import Request.
  Time since last request: 123.185084 seconds.
  path: Assets/Settings/Input/PlayerInputHandler.cs
  artifactKey: Guid(09780908afae1c74a8d1722c3646b94f) Importer(815301076,1909f56bfc062723c751e8b465ee728b)
Start importing Assets/Settings/Input/PlayerInputHandler.cs using Guid(09780908afae1c74a8d1722c3646b94f) Importer(815301076,1909f56bfc062723c751e8b465ee728b)  -> (artifact id: '67fc30eaaa90e5dfa0f1985d3d9b83fa') in 0.005878 seconds
  Import took 0.247134 seconds .

========================================================================
Received Import Request.
  Time since last request: 1553.039952 seconds.
  path: Assets/Scripts/Game/Core
  artifactKey: Guid(92f433cfdb2e8a946b403f9f183c3cfa) Importer(815301076,1909f56bfc062723c751e8b465ee728b)
Start importing Assets/Scripts/Game/Core using Guid(92f433cfdb2e8a946b403f9f183c3cfa) Importer(815301076,1909f56bfc062723c751e8b465ee728b)  -> (artifact id: '80e6eaf71119e814eae14dc1856f66a8') in 0.004545 seconds
  Import took 0.008140 seconds .

========================================================================
Received Import Request.
  Time since last request: 17.994360 seconds.
  path: Assets/Scripts/Utility/SingletonMonoBehaviour.cs
  artifactKey: Guid(f23cdb14ace6eb549a79f1b15df18831) Importer(815301076,1909f56bfc062723c751e8b465ee728b)
Start importing Assets/Scripts/Utility/SingletonMonoBehaviour.cs using Guid(f23cdb14ace6eb549a79f1b15df18831) Importer(815301076,1909f56bfc062723c751e8b465ee728b)  -> (artifact id: 'e1080513c36419bfed828dd34fc0ed49') in 0.101666 seconds
  Import took 0.110208 seconds .

========================================================================
Received Prepare
Registering precompiled user dll's ...
Registered in 0.000742 seconds.
Begin MonoManager ReloadAssembly
Native extension for WindowsStandalone target not found
Native extension for WebGL target not found
Refreshing native plugins compatible for Editor in 0.35 ms, found 1 plugins.
Preloading 0 native plugins for Editor in 0.00 ms.
Mono: successfully reloaded assembly
- Completed reload, in  0.750 seconds
Platform modules already initialized, skipping
Refreshing native plugins compatible for Editor in 0.35 ms, found 1 plugins.
Preloading 0 native plugins for Editor in 0.00 ms.
Unloading 2126 Unused Serialized files (Serialized files now loaded: 0)
System memory in use before: 101.4 MB.
System memory in use after: 101.4 MB.

Unloading 12 unused Assets to reduce memory usage. Loaded Objects now: 2649.
Total: 2.080600 ms (FindLiveObjects: 0.223600 ms CreateObjectMapping: 0.085000 ms MarkObjects: 1.668700 ms  DeleteObjects: 0.102300 ms)

AssetImportParameters requested are different than current active one (requested -> active):
  requireTextureImportCompression: false -> true
========================================================================
Received Import Request.
  Time since last request: 15.834105 seconds.
  path: Assets/Scripts/Core/Grid.cs
  artifactKey: Guid(2ce6154a7bfc0704897da8817bc04221) Importer(815301076,1909f56bfc062723c751e8b465ee728b)
Start importing Assets/Scripts/Core/Grid.cs using Guid(2ce6154a7bfc0704897da8817bc04221) Importer(815301076,1909f56bfc062723c751e8b465ee728b)  -> (artifact id: '813ee6490f3d33325f7cb9677c119d27') in 0.005995 seconds
  Import took 0.009014 seconds .

========================================================================
Received Import Request.
  Time since last request: 0.016911 seconds.
  path: Assets/Scripts/Core/Grid.cs
  artifactKey: Guid(2ce6154a7bfc0704897da8817bc04221) Importer(815301076,1909f56bfc062723c751e8b465ee728b)
Start importing Assets/Scripts/Core/Grid.cs using Guid(2ce6154a7bfc0704897da8817bc04221) Importer(815301076,1909f56bfc062723c751e8b465ee728b)  -> (artifact id: '813ee6490f3d33325f7cb9677c119d27') in 0.003124 seconds
  Import took 0.005953 seconds .

========================================================================
Received Prepare
Registering precompiled user dll's ...
Registered in 0.000693 seconds.
Begin MonoManager ReloadAssembly
Native extension for WindowsStandalone target not found
Native extension for WebGL target not found
Refreshing native plugins compatible for Editor in 0.37 ms, found 1 plugins.
Preloading 0 native plugins for Editor in 0.00 ms.
Mono: successfully reloaded assembly
- Completed reload, in  0.797 seconds
Platform modules already initialized, skipping
Refreshing native plugins compatible for Editor in 0.36 ms, found 1 plugins.
Preloading 0 native plugins for Editor in 0.00 ms.
Unloading 2127 Unused Serialized files (Serialized files now loaded: 0)
System memory in use before: 101.4 MB.
System memory in use after: 101.4 MB.

Unloading 12 unused Assets to reduce memory usage. Loaded Objects now: 2654.
Total: 1.890900 ms (FindLiveObjects: 0.224600 ms CreateObjectMapping: 0.084800 ms MarkObjects: 1.482400 ms  DeleteObjects: 0.098100 ms)

AssetImportParameters requested are different than current active one (requested -> active):
  requireTextureImportCompression: false -> true
