Using pre-set license
Built from '2020.3/staging' branch; Version is '2020.3.5f1 (8095aa901b9b) revision 8426922'; Using compiler version '192528614'; Build Type 'Release'
OS: 'Windows 10 Home; OS build 19042.1288; Version 2009; 64bit' Language: 'en' Physical Memory: 32588 MB
BatchMode: 1, IsHumanControllingUs: 0, StartBugReporterOnCrash: 0, Is64bit: 1, IsPro: 0

 COMMAND LINE ARGUMENTS:
C:\Program Files\Unity\Hub\Editor\2020.3.5f1\Editor\Unity.exe
-adb2
-batchMode
-noUpm
-name
AssetImportWorker3
-projectPath
D:/My Projects/Unity3D/JrProgrammer/JrProgrammingOOPChallenge/Adventurer_JrProgrammerOOPChallenge/Adventurer
-logFile
Logs/AssetImportWorker3.log
-srvPort
63795
Successfully changed project path to: D:/My Projects/Unity3D/JrProgrammer/JrProgrammingOOPChallenge/Adventurer_JrProgrammerOOPChallenge/Adventurer
D:/My Projects/Unity3D/JrProgrammer/JrProgrammingOOPChallenge/Adventurer_JrProgrammerOOPChallenge/Adventurer
Using Asset Import Pipeline V2.
Refreshing native plugins compatible for Editor in 91.68 ms, found 1 plugins.
Preloading 0 native plugins for Editor in 0.00 ms.
Initialize engine version: 2020.3.5f1 (8095aa901b9b)
[Subsystems] Discovering subsystems at path C:/Program Files/Unity/Hub/Editor/2020.3.5f1/Editor/Data/Resources/UnitySubsystems
[Subsystems] Discovering subsystems at path D:/My Projects/Unity3D/JrProgrammer/JrProgrammingOOPChallenge/Adventurer_JrProgrammerOOPChallenge/Adventurer/Assets
GfxDevice: creating device client; threaded=0
Direct3D:
    Version:  Direct3D 11.0 [level 11.1]
    Renderer: NVIDIA GeForce RTX 2060 (ID=0x1f15)
    Vendor:   
    VRAM:     5980 MB
    Driver:   30.0.14.9649
Initialize mono
Mono path[0] = 'C:/Program Files/Unity/Hub/Editor/2020.3.5f1/Editor/Data/Managed'
Mono path[1] = 'C:/Program Files/Unity/Hub/Editor/2020.3.5f1/Editor/Data/MonoBleedingEdge/lib/mono/unityjit'
Mono config path = 'C:/Program Files/Unity/Hub/Editor/2020.3.5f1/Editor/Data/MonoBleedingEdge/etc'
Using monoOptions --debugger-agent=transport=dt_socket,embedding=1,server=y,suspend=n,address=127.0.0.1:56800
Begin MonoManager ReloadAssembly
Registering precompiled unity dll's ...
Register platform support module: C:/Program Files/Unity/Hub/Editor/2020.3.5f1/Editor/Data/PlaybackEngines/WebGLSupport/UnityEditor.WebGL.Extensions.dll
Register platform support module: C:/Program Files/Unity/Hub/Editor/2020.3.5f1/Editor/Data/PlaybackEngines/WindowsStandaloneSupport/UnityEditor.WindowsStandalone.Extensions.dll
Registered in 0.003588 seconds.
Native extension for WindowsStandalone target not found
Native extension for WebGL target not found
Refreshing native plugins compatible for Editor in 37.18 ms, found 1 plugins.
Preloading 0 native plugins for Editor in 0.00 ms.
Mono: successfully reloaded assembly
- Completed reload, in  4.369 seconds
Platform modules already initialized, skipping
Registering precompiled user dll's ...
Registered in 0.000779 seconds.
Begin MonoManager ReloadAssembly
Native extension for WindowsStandalone target not found
Native extension for WebGL target not found
Refreshing native plugins compatible for Editor in 35.06 ms, found 1 plugins.
Preloading 0 native plugins for Editor in 0.00 ms.
Mono: successfully reloaded assembly
- Completed reload, in  0.907 seconds
Platform modules already initialized, skipping
========================================================================
Worker process is ready to serve import requests
Launched and connected shader compiler UnityShaderCompiler.exe after 0.15 seconds
Refreshing native plugins compatible for Editor in 0.53 ms, found 1 plugins.
Preloading 0 native plugins for Editor in 0.00 ms.
Unloading 2152 Unused Serialized files (Serialized files now loaded: 0)
System memory in use before: 99.7 MB.
System memory in use after: 99.6 MB.

Unloading 26 unused Assets to reduce memory usage. Loaded Objects now: 2598.
Total: 2.778100 ms (FindLiveObjects: 0.554600 ms CreateObjectMapping: 0.157600 ms MarkObjects: 1.911300 ms  DeleteObjects: 0.153900 ms)

AssetImportParameters requested are different than current active one (requested -> active):
  requireTextureImportCompression: false -> true
========================================================================
Received Import Request.
  path: Assets/MapData/Castle.asset
  artifactKey: Guid(c3b1904031c7f3c40a7ea46a3705a2c0) Importer(815301076,1909f56bfc062723c751e8b465ee728b)
Start importing Assets/MapData/Castle.asset using Guid(c3b1904031c7f3c40a7ea46a3705a2c0) Importer(815301076,1909f56bfc062723c751e8b465ee728b)  -> (artifact id: 'a4b4dc5da7e7ee84f2b8c6c510bde4cb') in 0.071427 seconds
  Import took 0.074395 seconds .

========================================================================
Received Prepare
Registering precompiled user dll's ...
Registered in 0.000712 seconds.
Begin MonoManager ReloadAssembly
Native extension for WindowsStandalone target not found
Native extension for WebGL target not found
Refreshing native plugins compatible for Editor in 0.36 ms, found 1 plugins.
Preloading 0 native plugins for Editor in 0.00 ms.
Mono: successfully reloaded assembly
- Completed reload, in  0.760 seconds
Platform modules already initialized, skipping
Refreshing native plugins compatible for Editor in 0.37 ms, found 1 plugins.
Preloading 0 native plugins for Editor in 0.00 ms.
Unloading 2134 Unused Serialized files (Serialized files now loaded: 0)
System memory in use before: 98.5 MB.
System memory in use after: 98.5 MB.

Unloading 12 unused Assets to reduce memory usage. Loaded Objects now: 2602.
Total: 1.844600 ms (FindLiveObjects: 0.198200 ms CreateObjectMapping: 0.107400 ms MarkObjects: 1.445900 ms  DeleteObjects: 0.092300 ms)

AssetImportParameters requested are different than current active one (requested -> active):
  requireTextureImportCompression: false -> true
========================================================================
Received Import Request.
  Time since last request: 110.490639 seconds.
  path: Assets/MapData/Castle.asset
  artifactKey: Guid(c3b1904031c7f3c40a7ea46a3705a2c0) Importer(815301076,1909f56bfc062723c751e8b465ee728b)
Start importing Assets/MapData/Castle.asset using Guid(c3b1904031c7f3c40a7ea46a3705a2c0) Importer(815301076,1909f56bfc062723c751e8b465ee728b)  -> (artifact id: '5f9f6227776fd2f2f61d70b1c8636988') in 0.013653 seconds
  Import took 0.016657 seconds .

========================================================================
Received Import Request.
  Time since last request: 0.073074 seconds.
  path: Assets/MapData/Castle.asset
  artifactKey: Guid(c3b1904031c7f3c40a7ea46a3705a2c0) Importer(815301076,1909f56bfc062723c751e8b465ee728b)
Start importing Assets/MapData/Castle.asset using Guid(c3b1904031c7f3c40a7ea46a3705a2c0) Importer(815301076,1909f56bfc062723c751e8b465ee728b)  -> (artifact id: '5f9f6227776fd2f2f61d70b1c8636988') in 0.005342 seconds
  Import took 0.008134 seconds .

========================================================================
Received Prepare
Registering precompiled user dll's ...
Registered in 0.000721 seconds.
Begin MonoManager ReloadAssembly
Native extension for WindowsStandalone target not found
Native extension for WebGL target not found
Refreshing native plugins compatible for Editor in 0.35 ms, found 1 plugins.
Preloading 0 native plugins for Editor in 0.00 ms.
Mono: successfully reloaded assembly
- Completed reload, in  0.774 seconds
Platform modules already initialized, skipping
Refreshing native plugins compatible for Editor in 0.35 ms, found 1 plugins.
Preloading 0 native plugins for Editor in 0.00 ms.
Unloading 2134 Unused Serialized files (Serialized files now loaded: 0)
System memory in use before: 98.5 MB.
System memory in use after: 98.5 MB.

Unloading 12 unused Assets to reduce memory usage. Loaded Objects now: 2606.
Total: 1.796600 ms (FindLiveObjects: 0.182900 ms CreateObjectMapping: 0.075100 ms MarkObjects: 1.447300 ms  DeleteObjects: 0.090500 ms)

AssetImportParameters requested are different than current active one (requested -> active):
  requireTextureImportCompression: false -> true
========================================================================
Received Prepare
Registering precompiled user dll's ...
Registered in 0.000883 seconds.
Begin MonoManager ReloadAssembly
Native extension for WindowsStandalone target not found
Native extension for WebGL target not found
Refreshing native plugins compatible for Editor in 0.36 ms, found 1 plugins.
Preloading 0 native plugins for Editor in 0.00 ms.
Mono: successfully reloaded assembly
- Completed reload, in  0.767 seconds
Platform modules already initialized, skipping
Refreshing native plugins compatible for Editor in 0.35 ms, found 1 plugins.
Preloading 0 native plugins for Editor in 0.00 ms.
Unloading 2134 Unused Serialized files (Serialized files now loaded: 0)
System memory in use before: 98.6 MB.
System memory in use after: 98.5 MB.

Unloading 12 unused Assets to reduce memory usage. Loaded Objects now: 2610.
Total: 1.990200 ms (FindLiveObjects: 0.180100 ms CreateObjectMapping: 0.077200 ms MarkObjects: 1.641900 ms  DeleteObjects: 0.090100 ms)

AssetImportParameters requested are different than current active one (requested -> active):
  requireTextureImportCompression: false -> true
========================================================================
Received Prepare
Registering precompiled user dll's ...
Registered in 0.000789 seconds.
Begin MonoManager ReloadAssembly
Native extension for WindowsStandalone target not found
Native extension for WebGL target not found
Refreshing native plugins compatible for Editor in 0.38 ms, found 1 plugins.
Preloading 0 native plugins for Editor in 0.00 ms.
Mono: successfully reloaded assembly
- Completed reload, in  0.781 seconds
Platform modules already initialized, skipping
Refreshing native plugins compatible for Editor in 0.35 ms, found 1 plugins.
Preloading 0 native plugins for Editor in 0.00 ms.
Unloading 2134 Unused Serialized files (Serialized files now loaded: 0)
System memory in use before: 98.6 MB.
System memory in use after: 98.6 MB.

Unloading 12 unused Assets to reduce memory usage. Loaded Objects now: 2614.
Total: 2.083200 ms (FindLiveObjects: 0.161200 ms CreateObjectMapping: 0.072300 ms MarkObjects: 1.763900 ms  DeleteObjects: 0.085200 ms)

AssetImportParameters requested are different than current active one (requested -> active):
  requireTextureImportCompression: false -> true
========================================================================
Received Import Request.
  Time since last request: 3135.787634 seconds.
  path: Assets/Prefabs/Rooms/Castle/CastleRoom_I.prefab
  artifactKey: Guid(08d84e547c1a78a4e9a22af16abb4181) Importer(815301076,1909f56bfc062723c751e8b465ee728b)
Start importing Assets/Prefabs/Rooms/Castle/CastleRoom_I.prefab using Guid(08d84e547c1a78a4e9a22af16abb4181) Importer(815301076,1909f56bfc062723c751e8b465ee728b)  -> (artifact id: '2f2a5931a17e90e1c79e2dc410e6a7fe') in 0.302981 seconds
  Import took 0.306082 seconds .

========================================================================
Received Import Request.
  Time since last request: 0.007282 seconds.
  path: Assets/Prefabs/Rooms/Castle/CastleRoom_I.prefab
  artifactKey: Guid(08d84e547c1a78a4e9a22af16abb4181) Importer(815301076,1909f56bfc062723c751e8b465ee728b)
Start importing Assets/Prefabs/Rooms/Castle/CastleRoom_I.prefab using Guid(08d84e547c1a78a4e9a22af16abb4181) Importer(815301076,1909f56bfc062723c751e8b465ee728b)  -> (artifact id: '2f2a5931a17e90e1c79e2dc410e6a7fe') in 0.011856 seconds
  Import took 0.015134 seconds .

========================================================================
Received Import Request.
  Time since last request: 2.931131 seconds.
  path: Assets/Prefabs/Rooms/Castle/CastleRoom_I.prefab
  artifactKey: Guid(08d84e547c1a78a4e9a22af16abb4181) Importer(815301076,1909f56bfc062723c751e8b465ee728b)
Start importing Assets/Prefabs/Rooms/Castle/CastleRoom_I.prefab using Guid(08d84e547c1a78a4e9a22af16abb4181) Importer(815301076,1909f56bfc062723c751e8b465ee728b)  -> (artifact id: '66137ec6b0c81c53ac76c7ae41d54f90') in 0.092059 seconds
  Import took 0.095650 seconds .

========================================================================
Received Import Request.
  Time since last request: 0.690409 seconds.
  path: Assets/Prefabs/Rooms/Castle/CastleRoom_L.prefab
  artifactKey: Guid(d138fb59984286942a86fb59f8009c99) Importer(815301076,1909f56bfc062723c751e8b465ee728b)
Start importing Assets/Prefabs/Rooms/Castle/CastleRoom_L.prefab using Guid(d138fb59984286942a86fb59f8009c99) Importer(815301076,1909f56bfc062723c751e8b465ee728b)  -> (artifact id: 'f81d575d64db7970ea90d51d8e432c63') in 0.050748 seconds
  Import took 0.053797 seconds .

========================================================================
Received Import Request.
  Time since last request: 3.380981 seconds.
  path: Assets/Prefabs/Rooms/Castle/CastleRoom_L.prefab
  artifactKey: Guid(d138fb59984286942a86fb59f8009c99) Importer(815301076,1909f56bfc062723c751e8b465ee728b)
Start importing Assets/Prefabs/Rooms/Castle/CastleRoom_L.prefab using Guid(d138fb59984286942a86fb59f8009c99) Importer(815301076,1909f56bfc062723c751e8b465ee728b)  -> (artifact id: 'e2173458521e1f8110ec554bcb097f68') in 0.012483 seconds
  Import took 0.032384 seconds .

========================================================================
Received Import Request.
  Time since last request: 0.968830 seconds.
  path: Assets/Prefabs/Rooms/Castle/CastleRoom_O.prefab
  artifactKey: Guid(629ea72afa00a74468f46a20a1f046a3) Importer(815301076,1909f56bfc062723c751e8b465ee728b)
Start importing Assets/Prefabs/Rooms/Castle/CastleRoom_O.prefab using Guid(629ea72afa00a74468f46a20a1f046a3) Importer(815301076,1909f56bfc062723c751e8b465ee728b)  -> (artifact id: 'e2540fd15f516b209876956c18608547') in 0.050081 seconds
  Import took 0.053102 seconds .

========================================================================
Received Import Request.
  Time since last request: 2.037651 seconds.
  path: Assets/Prefabs/Rooms/Castle/CastleRoom_O.prefab
  artifactKey: Guid(629ea72afa00a74468f46a20a1f046a3) Importer(815301076,1909f56bfc062723c751e8b465ee728b)
Start importing Assets/Prefabs/Rooms/Castle/CastleRoom_O.prefab using Guid(629ea72afa00a74468f46a20a1f046a3) Importer(815301076,1909f56bfc062723c751e8b465ee728b)  -> (artifact id: '1484223440268828a93f79103b89b36e') in 0.306778 seconds
  Import took 0.310434 seconds .

========================================================================
Received Import Request.
  Time since last request: 1.086613 seconds.
  path: Assets/Prefabs/Rooms/Castle/CastleRoom_T.prefab
  artifactKey: Guid(20607b05e56bd0043889e62b945d3ca6) Importer(815301076,1909f56bfc062723c751e8b465ee728b)
Start importing Assets/Prefabs/Rooms/Castle/CastleRoom_T.prefab using Guid(20607b05e56bd0043889e62b945d3ca6) Importer(815301076,1909f56bfc062723c751e8b465ee728b)  -> (artifact id: '6a46b5527abb4de0e55bb05b7f7a97dc') in 0.143880 seconds
  Import took 0.267014 seconds .

========================================================================
Received Import Request.
  Time since last request: 1.511657 seconds.
  path: Assets/Prefabs/Rooms/Castle/CastleRoom_T.prefab
  artifactKey: Guid(20607b05e56bd0043889e62b945d3ca6) Importer(815301076,1909f56bfc062723c751e8b465ee728b)
Start importing Assets/Prefabs/Rooms/Castle/CastleRoom_T.prefab using Guid(20607b05e56bd0043889e62b945d3ca6) Importer(815301076,1909f56bfc062723c751e8b465ee728b)  -> (artifact id: '3084ca9eb926e85ed53e67d3c258dcce') in 0.021254 seconds
  Import took 0.037951 seconds .

========================================================================
Received Import Request.
  Time since last request: 0.797395 seconds.
  path: Assets/Prefabs/Rooms/Castle/CastleRoom_U.prefab
  artifactKey: Guid(e66138367760c80449db222474f85589) Importer(815301076,1909f56bfc062723c751e8b465ee728b)
Start importing Assets/Prefabs/Rooms/Castle/CastleRoom_U.prefab using Guid(e66138367760c80449db222474f85589) Importer(815301076,1909f56bfc062723c751e8b465ee728b)  -> (artifact id: 'f64cfa1231cbf2cd0ad9cb4779586254') in 0.051056 seconds
  Import took 0.063947 seconds .

========================================================================
Received Import Request.
  Time since last request: 2.482420 seconds.
  path: Assets/Prefabs/Rooms/Castle/CastleRoom_U.prefab
  artifactKey: Guid(e66138367760c80449db222474f85589) Importer(815301076,1909f56bfc062723c751e8b465ee728b)
Start importing Assets/Prefabs/Rooms/Castle/CastleRoom_U.prefab using Guid(e66138367760c80449db222474f85589) Importer(815301076,1909f56bfc062723c751e8b465ee728b)  -> (artifact id: '1b5804eb6373bfabe6052fd331d22725') in 0.069728 seconds
  Import took 0.103834 seconds .

========================================================================
Received Import Request.
  Time since last request: 0.804274 seconds.
  path: Assets/Prefabs/Rooms/Castle/CastleRoom_X.prefab
  artifactKey: Guid(e88bbcfc6452228459bb099addc4fb12) Importer(815301076,1909f56bfc062723c751e8b465ee728b)
Start importing Assets/Prefabs/Rooms/Castle/CastleRoom_X.prefab using Guid(e88bbcfc6452228459bb099addc4fb12) Importer(815301076,1909f56bfc062723c751e8b465ee728b)  -> (artifact id: '4fbdba9e39870dcc2666ec68bd9a7cb9') in 0.046309 seconds
  Import took 0.133689 seconds .

========================================================================
Received Import Request.
  Time since last request: 1.956769 seconds.
  path: Assets/Prefabs/Rooms/Castle/CastleRoom_X.prefab
  artifactKey: Guid(e88bbcfc6452228459bb099addc4fb12) Importer(815301076,1909f56bfc062723c751e8b465ee728b)
Start importing Assets/Prefabs/Rooms/Castle/CastleRoom_X.prefab using Guid(e88bbcfc6452228459bb099addc4fb12) Importer(815301076,1909f56bfc062723c751e8b465ee728b)  -> (artifact id: 'ad229ff1cf0e00332a0073b7426a8050') in 0.012139 seconds
  Import took 0.111529 seconds .

========================================================================
Received Prepare
Registering precompiled user dll's ...
Registered in 0.000781 seconds.
Begin MonoManager ReloadAssembly
Native extension for WindowsStandalone target not found
Native extension for WebGL target not found
Refreshing native plugins compatible for Editor in 0.34 ms, found 1 plugins.
Preloading 0 native plugins for Editor in 0.00 ms.
Mono: successfully reloaded assembly
- Completed reload, in  0.751 seconds
Platform modules already initialized, skipping
Refreshing native plugins compatible for Editor in 0.35 ms, found 1 plugins.
Preloading 0 native plugins for Editor in 0.00 ms.
Unloading 2134 Unused Serialized files (Serialized files now loaded: 0)
System memory in use before: 101.6 MB.
System memory in use after: 101.6 MB.

Unloading 12 unused Assets to reduce memory usage. Loaded Objects now: 2625.
Total: 1.952700 ms (FindLiveObjects: 0.264500 ms CreateObjectMapping: 0.112800 ms MarkObjects: 1.487900 ms  DeleteObjects: 0.086500 ms)

AssetImportParameters requested are different than current active one (requested -> active):
  requireTextureImportCompression: false -> true
========================================================================
Received Prepare
Registering precompiled user dll's ...
Registered in 0.000852 seconds.
Begin MonoManager ReloadAssembly
Native extension for WindowsStandalone target not found
Native extension for WebGL target not found
Refreshing native plugins compatible for Editor in 0.36 ms, found 1 plugins.
Preloading 0 native plugins for Editor in 0.00 ms.
Mono: successfully reloaded assembly
- Completed reload, in  0.754 seconds
Platform modules already initialized, skipping
Refreshing native plugins compatible for Editor in 0.35 ms, found 1 plugins.
Preloading 0 native plugins for Editor in 0.00 ms.
Unloading 2134 Unused Serialized files (Serialized files now loaded: 0)
System memory in use before: 101.6 MB.
System memory in use after: 101.6 MB.

Unloading 12 unused Assets to reduce memory usage. Loaded Objects now: 2629.
Total: 1.909400 ms (FindLiveObjects: 0.180300 ms CreateObjectMapping: 0.085400 ms MarkObjects: 1.555400 ms  DeleteObjects: 0.087600 ms)

AssetImportParameters requested are different than current active one (requested -> active):
  requireTextureImportCompression: false -> true
========================================================================
Received Prepare
Registering precompiled user dll's ...
Registered in 0.000732 seconds.
Begin MonoManager ReloadAssembly
Native extension for WindowsStandalone target not found
Native extension for WebGL target not found
Refreshing native plugins compatible for Editor in 0.34 ms, found 1 plugins.
Preloading 0 native plugins for Editor in 0.00 ms.
Mono: successfully reloaded assembly
- Completed reload, in  0.776 seconds
Platform modules already initialized, skipping
Refreshing native plugins compatible for Editor in 0.36 ms, found 1 plugins.
Preloading 0 native plugins for Editor in 0.00 ms.
Unloading 2134 Unused Serialized files (Serialized files now loaded: 0)
System memory in use before: 101.6 MB.
System memory in use after: 101.6 MB.

Unloading 12 unused Assets to reduce memory usage. Loaded Objects now: 2633.
Total: 1.919400 ms (FindLiveObjects: 0.179300 ms CreateObjectMapping: 0.070400 ms MarkObjects: 1.581500 ms  DeleteObjects: 0.087400 ms)

AssetImportParameters requested are different than current active one (requested -> active):
  requireTextureImportCompression: false -> true
========================================================================
Received Prepare
Registering precompiled user dll's ...
Registered in 0.000754 seconds.
Begin MonoManager ReloadAssembly
Native extension for WindowsStandalone target not found
Native extension for WebGL target not found
Refreshing native plugins compatible for Editor in 0.36 ms, found 1 plugins.
Preloading 0 native plugins for Editor in 0.00 ms.
Mono: successfully reloaded assembly
- Completed reload, in  0.782 seconds
Platform modules already initialized, skipping
Refreshing native plugins compatible for Editor in 0.37 ms, found 1 plugins.
Preloading 0 native plugins for Editor in 0.00 ms.
Unloading 2134 Unused Serialized files (Serialized files now loaded: 0)
System memory in use before: 101.6 MB.
System memory in use after: 101.6 MB.

Unloading 12 unused Assets to reduce memory usage. Loaded Objects now: 2637.
Total: 2.105000 ms (FindLiveObjects: 0.218200 ms CreateObjectMapping: 0.126500 ms MarkObjects: 1.630700 ms  DeleteObjects: 0.129000 ms)

AssetImportParameters requested are different than current active one (requested -> active):
  requireTextureImportCompression: false -> true
========================================================================
Received Prepare
Registering precompiled user dll's ...
Registered in 0.000626 seconds.
Begin MonoManager ReloadAssembly
Native extension for WindowsStandalone target not found
Native extension for WebGL target not found
Refreshing native plugins compatible for Editor in 0.44 ms, found 1 plugins.
Preloading 0 native plugins for Editor in 0.00 ms.
Mono: successfully reloaded assembly
- Completed reload, in  0.755 seconds
Platform modules already initialized, skipping
Refreshing native plugins compatible for Editor in 0.35 ms, found 1 plugins.
Preloading 0 native plugins for Editor in 0.00 ms.
Unloading 2134 Unused Serialized files (Serialized files now loaded: 0)
System memory in use before: 101.7 MB.
System memory in use after: 101.6 MB.

Unloading 12 unused Assets to reduce memory usage. Loaded Objects now: 2641.
Total: 2.017400 ms (FindLiveObjects: 0.206300 ms CreateObjectMapping: 0.076100 ms MarkObjects: 1.629500 ms  DeleteObjects: 0.104800 ms)

AssetImportParameters requested are different than current active one (requested -> active):
  requireTextureImportCompression: false -> true
========================================================================
Received Prepare
Registering precompiled user dll's ...
Registered in 0.000962 seconds.
Begin MonoManager ReloadAssembly
Native extension for WindowsStandalone target not found
Native extension for WebGL target not found
Refreshing native plugins compatible for Editor in 0.40 ms, found 1 plugins.
Preloading 0 native plugins for Editor in 0.00 ms.
Mono: successfully reloaded assembly
- Completed reload, in  0.775 seconds
Platform modules already initialized, skipping
Refreshing native plugins compatible for Editor in 0.35 ms, found 1 plugins.
Preloading 0 native plugins for Editor in 0.00 ms.
Unloading 2134 Unused Serialized files (Serialized files now loaded: 0)
System memory in use before: 101.7 MB.
System memory in use after: 101.6 MB.

Unloading 12 unused Assets to reduce memory usage. Loaded Objects now: 2645.
Total: 2.132600 ms (FindLiveObjects: 0.186600 ms CreateObjectMapping: 0.078700 ms MarkObjects: 1.742300 ms  DeleteObjects: 0.124300 ms)

AssetImportParameters requested are different than current active one (requested -> active):
  requireTextureImportCompression: false -> true
========================================================================
Received Import Request.
  Time since last request: 1116.308647 seconds.
  path: Assets/MapData/Castle.asset
  artifactKey: Guid(c3b1904031c7f3c40a7ea46a3705a2c0) Importer(815301076,1909f56bfc062723c751e8b465ee728b)
Start importing Assets/MapData/Castle.asset using Guid(c3b1904031c7f3c40a7ea46a3705a2c0) Importer(815301076,1909f56bfc062723c751e8b465ee728b)  -> (artifact id: 'b3e5f83ec1395a57db6a58b09f5ffbe2') in 0.012405 seconds
  Import took 0.086197 seconds .

========================================================================
Received Import Request.
  Time since last request: 0.007407 seconds.
  path: Assets/MapData/Castle.asset
  artifactKey: Guid(c3b1904031c7f3c40a7ea46a3705a2c0) Importer(815301076,1909f56bfc062723c751e8b465ee728b)
Start importing Assets/MapData/Castle.asset using Guid(c3b1904031c7f3c40a7ea46a3705a2c0) Importer(815301076,1909f56bfc062723c751e8b465ee728b)  -> (artifact id: 'b3e5f83ec1395a57db6a58b09f5ffbe2') in 0.005033 seconds
  Import took 0.007817 seconds .

========================================================================
Received Prepare
Registering precompiled user dll's ...
Registered in 0.001006 seconds.
Begin MonoManager ReloadAssembly
Native extension for WindowsStandalone target not found
Native extension for WebGL target not found
Refreshing native plugins compatible for Editor in 0.46 ms, found 1 plugins.
Preloading 0 native plugins for Editor in 0.00 ms.
Mono: successfully reloaded assembly
- Completed reload, in  0.771 seconds
Platform modules already initialized, skipping
Refreshing native plugins compatible for Editor in 0.36 ms, found 1 plugins.
Preloading 0 native plugins for Editor in 0.00 ms.
Unloading 2134 Unused Serialized files (Serialized files now loaded: 0)
System memory in use before: 101.7 MB.
System memory in use after: 101.7 MB.

Unloading 12 unused Assets to reduce memory usage. Loaded Objects now: 2649.
Total: 2.071100 ms (FindLiveObjects: 0.325400 ms CreateObjectMapping: 0.105000 ms MarkObjects: 1.542400 ms  DeleteObjects: 0.097500 ms)

AssetImportParameters requested are different than current active one (requested -> active):
  requireTextureImportCompression: false -> true
========================================================================
Received Import Request.
  Time since last request: 134.232108 seconds.
  path: Assets/MapData/Castle.asset
  artifactKey: Guid(c3b1904031c7f3c40a7ea46a3705a2c0) Importer(815301076,1909f56bfc062723c751e8b465ee728b)
Start importing Assets/MapData/Castle.asset using Guid(c3b1904031c7f3c40a7ea46a3705a2c0) Importer(815301076,1909f56bfc062723c751e8b465ee728b)  -> (artifact id: 'e189f77233bb63667b43a8f245c9dce7') in 0.013772 seconds
  Import took 0.016916 seconds .

========================================================================
Received Import Request.
  Time since last request: 0.070113 seconds.
  path: Assets/MapData/Castle.asset
  artifactKey: Guid(c3b1904031c7f3c40a7ea46a3705a2c0) Importer(815301076,1909f56bfc062723c751e8b465ee728b)
Start importing Assets/MapData/Castle.asset using Guid(c3b1904031c7f3c40a7ea46a3705a2c0) Importer(815301076,1909f56bfc062723c751e8b465ee728b)  -> (artifact id: 'e189f77233bb63667b43a8f245c9dce7') in 0.004931 seconds
  Import took 0.007849 seconds .

========================================================================
Received Prepare
Registering precompiled user dll's ...
Registered in 0.000734 seconds.
Begin MonoManager ReloadAssembly
Native extension for WindowsStandalone target not found
Native extension for WebGL target not found
Refreshing native plugins compatible for Editor in 0.34 ms, found 1 plugins.
Preloading 0 native plugins for Editor in 0.00 ms.
Mono: successfully reloaded assembly
- Completed reload, in  0.749 seconds
Platform modules already initialized, skipping
Refreshing native plugins compatible for Editor in 0.36 ms, found 1 plugins.
Preloading 0 native plugins for Editor in 0.00 ms.
Unloading 2134 Unused Serialized files (Serialized files now loaded: 0)
System memory in use before: 101.7 MB.
System memory in use after: 101.7 MB.

Unloading 12 unused Assets to reduce memory usage. Loaded Objects now: 2653.
Total: 1.999500 ms (FindLiveObjects: 0.172000 ms CreateObjectMapping: 0.071400 ms MarkObjects: 1.669900 ms  DeleteObjects: 0.085600 ms)

AssetImportParameters requested are different than current active one (requested -> active):
  requireTextureImportCompression: false -> true
========================================================================
Received Import Request.
  Time since last request: 49.950438 seconds.
  path: Assets/MapData/Castle.asset
  artifactKey: Guid(c3b1904031c7f3c40a7ea46a3705a2c0) Importer(815301076,1909f56bfc062723c751e8b465ee728b)
Start importing Assets/MapData/Castle.asset using Guid(c3b1904031c7f3c40a7ea46a3705a2c0) Importer(815301076,1909f56bfc062723c751e8b465ee728b)  -> (artifact id: 'ea7f8470481777fcd056c17fe9e25106') in 0.013793 seconds
  Import took 0.016958 seconds .

========================================================================
Received Import Request.
  Time since last request: 0.074696 seconds.
  path: Assets/MapData/Castle.asset
  artifactKey: Guid(c3b1904031c7f3c40a7ea46a3705a2c0) Importer(815301076,1909f56bfc062723c751e8b465ee728b)
Start importing Assets/MapData/Castle.asset using Guid(c3b1904031c7f3c40a7ea46a3705a2c0) Importer(815301076,1909f56bfc062723c751e8b465ee728b)  -> (artifact id: 'ea7f8470481777fcd056c17fe9e25106') in 0.005052 seconds
  Import took 0.008426 seconds .

