Using pre-set license
Built from '2020.3/staging' branch; Version is '2020.3.5f1 (8095aa901b9b) revision 8426922'; Using compiler version '192528614'; Build Type 'Release'
OS: 'Windows 10 Home; OS build 19042.1288; Version 2009; 64bit' Language: 'en' Physical Memory: 32588 MB
BatchMode: 1, IsHumanControllingUs: 0, StartBugReporterOnCrash: 0, Is64bit: 1, IsPro: 0

 COMMAND LINE ARGUMENTS:
C:\Program Files\Unity\Hub\Editor\2020.3.5f1\Editor\Unity.exe
-adb2
-batchMode
-noUpm
-name
AssetImportWorker2
-projectPath
D:/My Projects/Unity3D/JrProgrammer/JrProgrammingOOPChallenge/Adventurer_JrProgrammerOOPChallenge/Adventurer
-logFile
Logs/AssetImportWorker2.log
-srvPort
63795
Successfully changed project path to: D:/My Projects/Unity3D/JrProgrammer/JrProgrammingOOPChallenge/Adventurer_JrProgrammerOOPChallenge/Adventurer
D:/My Projects/Unity3D/JrProgrammer/JrProgrammingOOPChallenge/Adventurer_JrProgrammerOOPChallenge/Adventurer
Using Asset Import Pipeline V2.
Refreshing native plugins compatible for Editor in 91.27 ms, found 1 plugins.
Preloading 0 native plugins for Editor in 0.00 ms.
Initialize engine version: 2020.3.5f1 (8095aa901b9b)
[Subsystems] Discovering subsystems at path C:/Program Files/Unity/Hub/Editor/2020.3.5f1/Editor/Data/Resources/UnitySubsystems
[Subsystems] Discovering subsystems at path D:/My Projects/Unity3D/JrProgrammer/JrProgrammingOOPChallenge/Adventurer_JrProgrammerOOPChallenge/Adventurer/Assets
GfxDevice: creating device client; threaded=0
Direct3D:
    Version:  Direct3D 11.0 [level 11.1]
    Renderer: NVIDIA GeForce RTX 2060 (ID=0x1f15)
    Vendor:   
    VRAM:     5980 MB
    Driver:   30.0.14.9649
Initialize mono
Mono path[0] = 'C:/Program Files/Unity/Hub/Editor/2020.3.5f1/Editor/Data/Managed'
Mono path[1] = 'C:/Program Files/Unity/Hub/Editor/2020.3.5f1/Editor/Data/MonoBleedingEdge/lib/mono/unityjit'
Mono config path = 'C:/Program Files/Unity/Hub/Editor/2020.3.5f1/Editor/Data/MonoBleedingEdge/etc'
Using monoOptions --debugger-agent=transport=dt_socket,embedding=1,server=y,suspend=n,address=127.0.0.1:56688
Begin MonoManager ReloadAssembly
Registering precompiled unity dll's ...
Register platform support module: C:/Program Files/Unity/Hub/Editor/2020.3.5f1/Editor/Data/PlaybackEngines/WebGLSupport/UnityEditor.WebGL.Extensions.dll
Register platform support module: C:/Program Files/Unity/Hub/Editor/2020.3.5f1/Editor/Data/PlaybackEngines/WindowsStandaloneSupport/UnityEditor.WindowsStandalone.Extensions.dll
Registered in 0.003732 seconds.
Native extension for WindowsStandalone target not found
Native extension for WebGL target not found
Refreshing native plugins compatible for Editor in 35.06 ms, found 1 plugins.
Preloading 0 native plugins for Editor in 0.00 ms.
Mono: successfully reloaded assembly
- Completed reload, in  2.148 seconds
Platform modules already initialized, skipping
Registering precompiled user dll's ...
Registered in 0.000935 seconds.
Begin MonoManager ReloadAssembly
Native extension for WindowsStandalone target not found
Native extension for WebGL target not found
Refreshing native plugins compatible for Editor in 33.33 ms, found 1 plugins.
Preloading 0 native plugins for Editor in 0.00 ms.
Mono: successfully reloaded assembly
- Completed reload, in  0.837 seconds
Platform modules already initialized, skipping
========================================================================
Worker process is ready to serve import requests
Launched and connected shader compiler UnityShaderCompiler.exe after 0.10 seconds
Refreshing native plugins compatible for Editor in 0.81 ms, found 1 plugins.
Preloading 0 native plugins for Editor in 0.00 ms.
Unloading 2147 Unused Serialized files (Serialized files now loaded: 0)
System memory in use before: 99.5 MB.
System memory in use after: 99.4 MB.

Unloading 26 unused Assets to reduce memory usage. Loaded Objects now: 2593.
Total: 2.534000 ms (FindLiveObjects: 0.348700 ms CreateObjectMapping: 0.378800 ms MarkObjects: 1.652100 ms  DeleteObjects: 0.153100 ms)

AssetImportParameters requested are different than current active one (requested -> active):
  requireTextureImportCompression: false -> true
========================================================================
Received Import Request.
  path: Assets/Scripts/Tools/MapCapture.cs
  artifactKey: Guid(93312600039744e49b5b08c1d464bba6) Importer(815301076,1909f56bfc062723c751e8b465ee728b)
Start importing Assets/Scripts/Tools/MapCapture.cs using Guid(93312600039744e49b5b08c1d464bba6) Importer(815301076,1909f56bfc062723c751e8b465ee728b)  -> (artifact id: '74662f6b4e1bc5c11256b7ae226d206b') in 0.069490 seconds
  Import took 0.073684 seconds .

========================================================================
Received Prepare
Registering precompiled user dll's ...
Registered in 0.000748 seconds.
Begin MonoManager ReloadAssembly
Native extension for WindowsStandalone target not found
Native extension for WebGL target not found
Refreshing native plugins compatible for Editor in 0.34 ms, found 1 plugins.
Preloading 0 native plugins for Editor in 0.00 ms.
Mono: successfully reloaded assembly
- Completed reload, in  0.761 seconds
Platform modules already initialized, skipping
Refreshing native plugins compatible for Editor in 0.36 ms, found 1 plugins.
Preloading 0 native plugins for Editor in 0.00 ms.
Unloading 2129 Unused Serialized files (Serialized files now loaded: 0)
System memory in use before: 98.3 MB.
System memory in use after: 98.3 MB.

Unloading 12 unused Assets to reduce memory usage. Loaded Objects now: 2597.
Total: 2.129700 ms (FindLiveObjects: 0.222200 ms CreateObjectMapping: 0.088300 ms MarkObjects: 1.668800 ms  DeleteObjects: 0.149300 ms)

AssetImportParameters requested are different than current active one (requested -> active):
  requireTextureImportCompression: false -> true
========================================================================
Received Import Request.
  Time since last request: 140.161614 seconds.
  path: Assets/Prefabs/Rooms/_oldCastle/CastleRoom_L.prefab
  artifactKey: Guid(2b15e914301167e41b3e9aad119dd4ef) Importer(815301076,1909f56bfc062723c751e8b465ee728b)
Start importing Assets/Prefabs/Rooms/_oldCastle/CastleRoom_L.prefab using Guid(2b15e914301167e41b3e9aad119dd4ef) Importer(815301076,1909f56bfc062723c751e8b465ee728b)  -> (artifact id: '888f754ac56a024af7f388e881ff54c5') in 0.178982 seconds
  Import took 0.195224 seconds .

========================================================================
Received Import Request.
  Time since last request: 0.002072 seconds.
  path: Assets/Prefabs/Rooms/_oldCastle/CastleRoom_L.prefab
  artifactKey: Guid(2b15e914301167e41b3e9aad119dd4ef) Importer(815301076,1909f56bfc062723c751e8b465ee728b)
Start importing Assets/Prefabs/Rooms/_oldCastle/CastleRoom_L.prefab using Guid(2b15e914301167e41b3e9aad119dd4ef) Importer(815301076,1909f56bfc062723c751e8b465ee728b)  -> (artifact id: '888f754ac56a024af7f388e881ff54c5') in 0.010891 seconds
  Import took 0.014049 seconds .

========================================================================
Received Import Request.
  Time since last request: 2.886455 seconds.
  path: Assets/Prefabs/Rooms/_oldCastle/CastleRoom_I.prefab
  artifactKey: Guid(20cb1a1786809be48afe02b0c22cd041) Importer(815301076,1909f56bfc062723c751e8b465ee728b)
Start importing Assets/Prefabs/Rooms/_oldCastle/CastleRoom_I.prefab using Guid(20cb1a1786809be48afe02b0c22cd041) Importer(815301076,1909f56bfc062723c751e8b465ee728b)  -> (artifact id: '86651847aa2f05b3b14f4b38592d415a') in 0.012058 seconds
  Import took 0.015159 seconds .

========================================================================
Received Import Request.
  Time since last request: 3.927337 seconds.
  path: Assets/Prefabs/Rooms/_oldCastle/CastleRoom_I.prefab
  artifactKey: Guid(20cb1a1786809be48afe02b0c22cd041) Importer(815301076,1909f56bfc062723c751e8b465ee728b)
Start importing Assets/Prefabs/Rooms/_oldCastle/CastleRoom_I.prefab using Guid(20cb1a1786809be48afe02b0c22cd041) Importer(815301076,1909f56bfc062723c751e8b465ee728b)  -> (artifact id: '5ba4fddc69eb5318d976456f9ae6e094') in 0.035393 seconds
  Import took 0.038560 seconds .

========================================================================
Received Import Request.
  Time since last request: 3.112046 seconds.
  path: Assets/Prefabs/Rooms/_oldCastle/CastleRoom_L.prefab
  artifactKey: Guid(2b15e914301167e41b3e9aad119dd4ef) Importer(815301076,1909f56bfc062723c751e8b465ee728b)
Start importing Assets/Prefabs/Rooms/_oldCastle/CastleRoom_L.prefab using Guid(2b15e914301167e41b3e9aad119dd4ef) Importer(815301076,1909f56bfc062723c751e8b465ee728b)  -> (artifact id: 'a3fc67ab6403575389304a92ae8fca70') in 0.011115 seconds
  Import took 0.014310 seconds .

========================================================================
Received Import Request.
  Time since last request: 0.724170 seconds.
  path: Assets/Prefabs/Rooms/_oldCastle/CastleRoom_T.prefab
  artifactKey: Guid(31eaa44a566511b468d4fe2f267134df) Importer(815301076,1909f56bfc062723c751e8b465ee728b)
Start importing Assets/Prefabs/Rooms/_oldCastle/CastleRoom_T.prefab using Guid(31eaa44a566511b468d4fe2f267134df) Importer(815301076,1909f56bfc062723c751e8b465ee728b)  -> (artifact id: 'e4b5022d073308f785a4dfe6a3df85f8') in 0.013328 seconds
  Import took 0.016355 seconds .

========================================================================
Received Import Request.
  Time since last request: 2.845538 seconds.
  path: Assets/Prefabs/Rooms/_oldCastle/CastleRoom_T.prefab
  artifactKey: Guid(31eaa44a566511b468d4fe2f267134df) Importer(815301076,1909f56bfc062723c751e8b465ee728b)
Start importing Assets/Prefabs/Rooms/_oldCastle/CastleRoom_T.prefab using Guid(31eaa44a566511b468d4fe2f267134df) Importer(815301076,1909f56bfc062723c751e8b465ee728b)  -> (artifact id: 'dfea59e447d70b3e311694521906a402') in 0.014246 seconds
  Import took 0.018043 seconds .

========================================================================
Received Import Request.
  Time since last request: 0.709936 seconds.
  path: Assets/Prefabs/Rooms/_oldCastle/CastleRoom_U.prefab
  artifactKey: Guid(ee9305761c3f85b4c88cc2ea4d061639) Importer(815301076,1909f56bfc062723c751e8b465ee728b)
Start importing Assets/Prefabs/Rooms/_oldCastle/CastleRoom_U.prefab using Guid(ee9305761c3f85b4c88cc2ea4d061639) Importer(815301076,1909f56bfc062723c751e8b465ee728b)  -> (artifact id: '3cac31cbf9edd51cf029e19a753d5cca') in 0.012155 seconds
  Import took 0.015296 seconds .

========================================================================
Received Import Request.
  Time since last request: 1.765747 seconds.
  path: Assets/Prefabs/Rooms/_oldCastle/CastleRoom_U.prefab
  artifactKey: Guid(ee9305761c3f85b4c88cc2ea4d061639) Importer(815301076,1909f56bfc062723c751e8b465ee728b)
Start importing Assets/Prefabs/Rooms/_oldCastle/CastleRoom_U.prefab using Guid(ee9305761c3f85b4c88cc2ea4d061639) Importer(815301076,1909f56bfc062723c751e8b465ee728b)  -> (artifact id: '08c7f9ec6cf329117a4d9dd11fb55a89') in 0.010917 seconds
  Import took 0.055004 seconds .

========================================================================
Received Import Request.
  Time since last request: 0.818870 seconds.
  path: Assets/Prefabs/Rooms/_oldCastle/CastleRoom_X.prefab
  artifactKey: Guid(9d357824078ef1049bad61d0e6d9a3d3) Importer(815301076,1909f56bfc062723c751e8b465ee728b)
Start importing Assets/Prefabs/Rooms/_oldCastle/CastleRoom_X.prefab using Guid(9d357824078ef1049bad61d0e6d9a3d3) Importer(815301076,1909f56bfc062723c751e8b465ee728b)  -> (artifact id: 'ca27ee3c658357dbf70b40e6984d8bd6') in 0.013016 seconds
  Import took 0.128807 seconds .

========================================================================
Received Import Request.
  Time since last request: 2.262109 seconds.
  path: Assets/Prefabs/Rooms/_oldCastle/CastleRoom_X.prefab
  artifactKey: Guid(9d357824078ef1049bad61d0e6d9a3d3) Importer(815301076,1909f56bfc062723c751e8b465ee728b)
Start importing Assets/Prefabs/Rooms/_oldCastle/CastleRoom_X.prefab using Guid(9d357824078ef1049bad61d0e6d9a3d3) Importer(815301076,1909f56bfc062723c751e8b465ee728b)  -> (artifact id: '22365eab37e1485b2fc2ddd7bf3ab95f') in 0.012419 seconds
  Import took 0.116510 seconds .

========================================================================
Received Import Request.
  Time since last request: 23.147461 seconds.
  path: Assets/Scripts/Tools
  artifactKey: Guid(bef0cf67149a0544ca281678b348f4c9) Importer(815301076,1909f56bfc062723c751e8b465ee728b)
Start importing Assets/Scripts/Tools using Guid(bef0cf67149a0544ca281678b348f4c9) Importer(815301076,1909f56bfc062723c751e8b465ee728b)  -> (artifact id: 'd9b63dc6c028550278c46a928ad66ef1') in 0.005414 seconds
  Import took 0.126225 seconds .

========================================================================
Received Import Request.
  Time since last request: 7.953883 seconds.
  path: Assets/Scripts/Tools/MapCaptureData.cs
  artifactKey: Guid(d9087d5c81817ae45a1ec27367d0e942) Importer(815301076,1909f56bfc062723c751e8b465ee728b)
Start importing Assets/Scripts/Tools/MapCaptureData.cs using Guid(d9087d5c81817ae45a1ec27367d0e942) Importer(815301076,1909f56bfc062723c751e8b465ee728b)  -> (artifact id: 'cafccacd9027c3278cb3f69f553dd207') in 0.003193 seconds
  Import took 0.006259 seconds .

========================================================================
Received Import Request.
  Time since last request: 0.018219 seconds.
  path: Assets/Scripts/Tools/MapCaptureData.cs
  artifactKey: Guid(d9087d5c81817ae45a1ec27367d0e942) Importer(815301076,1909f56bfc062723c751e8b465ee728b)
Start importing Assets/Scripts/Tools/MapCaptureData.cs using Guid(d9087d5c81817ae45a1ec27367d0e942) Importer(815301076,1909f56bfc062723c751e8b465ee728b)  -> (artifact id: 'cafccacd9027c3278cb3f69f553dd207') in 0.003397 seconds
  Import took 0.006448 seconds .

========================================================================
Received Prepare
Registering precompiled user dll's ...
Registered in 0.000648 seconds.
Begin MonoManager ReloadAssembly
Native extension for WindowsStandalone target not found
Native extension for WebGL target not found
Refreshing native plugins compatible for Editor in 0.35 ms, found 1 plugins.
Preloading 0 native plugins for Editor in 0.00 ms.
Mono: successfully reloaded assembly
- Completed reload, in  0.774 seconds
Platform modules already initialized, skipping
Refreshing native plugins compatible for Editor in 0.34 ms, found 1 plugins.
Preloading 0 native plugins for Editor in 0.00 ms.
Unloading 2130 Unused Serialized files (Serialized files now loaded: 0)
System memory in use before: 101.4 MB.
System memory in use after: 101.4 MB.

Unloading 12 unused Assets to reduce memory usage. Loaded Objects now: 2609.
Total: 2.122100 ms (FindLiveObjects: 0.181700 ms CreateObjectMapping: 0.084900 ms MarkObjects: 1.764100 ms  DeleteObjects: 0.090400 ms)

AssetImportParameters requested are different than current active one (requested -> active):
  requireTextureImportCompression: false -> true
========================================================================
Received Prepare
Registering precompiled user dll's ...
Registered in 0.000763 seconds.
Begin MonoManager ReloadAssembly
Native extension for WindowsStandalone target not found
Native extension for WebGL target not found
Refreshing native plugins compatible for Editor in 0.36 ms, found 1 plugins.
Preloading 0 native plugins for Editor in 0.00 ms.
Mono: successfully reloaded assembly
- Completed reload, in  0.773 seconds
Platform modules already initialized, skipping
Refreshing native plugins compatible for Editor in 0.35 ms, found 1 plugins.
Preloading 0 native plugins for Editor in 0.00 ms.
Unloading 2130 Unused Serialized files (Serialized files now loaded: 0)
System memory in use before: 101.4 MB.
System memory in use after: 101.4 MB.

Unloading 12 unused Assets to reduce memory usage. Loaded Objects now: 2613.
Total: 2.105600 ms (FindLiveObjects: 0.193000 ms CreateObjectMapping: 0.084600 ms MarkObjects: 1.731800 ms  DeleteObjects: 0.095000 ms)

AssetImportParameters requested are different than current active one (requested -> active):
  requireTextureImportCompression: false -> true
========================================================================
Received Import Request.
  Time since last request: 20.458664 seconds.
  path: Assets/Scripts/Tools/MapCaptureData.cs
  artifactKey: Guid(d9087d5c81817ae45a1ec27367d0e942) Importer(815301076,1909f56bfc062723c751e8b465ee728b)
Start importing Assets/Scripts/Tools/MapCaptureData.cs using Guid(d9087d5c81817ae45a1ec27367d0e942) Importer(815301076,1909f56bfc062723c751e8b465ee728b)  -> (artifact id: 'a91b992a4ad161c9fb130fadebf2648a') in 0.005504 seconds
  Import took 0.008433 seconds .

========================================================================
Received Prepare
Registering precompiled user dll's ...
Registered in 0.000711 seconds.
Begin MonoManager ReloadAssembly
Native extension for WindowsStandalone target not found
Native extension for WebGL target not found
Refreshing native plugins compatible for Editor in 0.35 ms, found 1 plugins.
Preloading 0 native plugins for Editor in 0.00 ms.
Mono: successfully reloaded assembly
- Completed reload, in  0.782 seconds
Platform modules already initialized, skipping
Refreshing native plugins compatible for Editor in 0.40 ms, found 1 plugins.
Preloading 0 native plugins for Editor in 0.00 ms.
Unloading 2130 Unused Serialized files (Serialized files now loaded: 0)
System memory in use before: 101.4 MB.
System memory in use after: 101.4 MB.

Unloading 12 unused Assets to reduce memory usage. Loaded Objects now: 2617.
Total: 1.999400 ms (FindLiveObjects: 0.176100 ms CreateObjectMapping: 0.067600 ms MarkObjects: 1.663400 ms  DeleteObjects: 0.091400 ms)

AssetImportParameters requested are different than current active one (requested -> active):
  requireTextureImportCompression: false -> true
========================================================================
Received Import Request.
  Time since last request: 344.294632 seconds.
  path: Assets/Scripts/Tools/MapCaptureData.cs
  artifactKey: Guid(d9087d5c81817ae45a1ec27367d0e942) Importer(815301076,1909f56bfc062723c751e8b465ee728b)
Start importing Assets/Scripts/Tools/MapCaptureData.cs using Guid(d9087d5c81817ae45a1ec27367d0e942) Importer(815301076,1909f56bfc062723c751e8b465ee728b)  -> (artifact id: 'fda69526c63e3b76e9fd01aec07868f9') in 0.008445 seconds
  Import took 0.011218 seconds .

========================================================================
Received Import Request.
  Time since last request: 57.258224 seconds.
  path: Assets/Scripts/Tools/Editor
  artifactKey: Guid(eadf59c35d357d846b073bd70ab70312) Importer(815301076,1909f56bfc062723c751e8b465ee728b)
Start importing Assets/Scripts/Tools/Editor using Guid(eadf59c35d357d846b073bd70ab70312) Importer(815301076,1909f56bfc062723c751e8b465ee728b)  -> (artifact id: 'eb1ac7b0e868da87ae1e588f0bd8992d') in 0.003847 seconds
  Import took 0.007027 seconds .

========================================================================
Received Import Request.
  Time since last request: 1.601878 seconds.
  path: Assets/Scripts/Tools/MapCapture.cs
  artifactKey: Guid(93312600039744e49b5b08c1d464bba6) Importer(815301076,1909f56bfc062723c751e8b465ee728b)
Start importing Assets/Scripts/Tools/MapCapture.cs using Guid(93312600039744e49b5b08c1d464bba6) Importer(815301076,1909f56bfc062723c751e8b465ee728b)  -> (artifact id: '668739780fc2834557c0a64edef8fe2d') in 0.003786 seconds
  Import took 0.006528 seconds .

========================================================================
Received Prepare
Registering precompiled user dll's ...
Registered in 0.001144 seconds.
Begin MonoManager ReloadAssembly
Native extension for WindowsStandalone target not found
Native extension for WebGL target not found
Refreshing native plugins compatible for Editor in 0.42 ms, found 1 plugins.
Preloading 0 native plugins for Editor in 0.00 ms.
Mono: successfully reloaded assembly
- Completed reload, in  0.836 seconds
Platform modules already initialized, skipping
Refreshing native plugins compatible for Editor in 0.36 ms, found 1 plugins.
Preloading 0 native plugins for Editor in 0.00 ms.
Unloading 2130 Unused Serialized files (Serialized files now loaded: 0)
System memory in use before: 101.4 MB.
System memory in use after: 101.4 MB.

Unloading 12 unused Assets to reduce memory usage. Loaded Objects now: 2621.
Total: 2.162100 ms (FindLiveObjects: 0.256500 ms CreateObjectMapping: 0.081400 ms MarkObjects: 1.679400 ms  DeleteObjects: 0.143400 ms)

AssetImportParameters requested are different than current active one (requested -> active):
  requireTextureImportCompression: false -> true
========================================================================
Received Import Request.
  Time since last request: 235.154510 seconds.
  path: Assets/Scripts/Tools/Editor/MapCaptureEditor.cs
  artifactKey: Guid(ec45aed262a1b3c46ae69d79662b329a) Importer(815301076,1909f56bfc062723c751e8b465ee728b)
Start importing Assets/Scripts/Tools/Editor/MapCaptureEditor.cs using Guid(ec45aed262a1b3c46ae69d79662b329a) Importer(815301076,1909f56bfc062723c751e8b465ee728b)  -> (artifact id: 'c0d54dc26c1591cb590a498c6330f96e') in 0.006903 seconds
  Import took 0.029481 seconds .

========================================================================
Received Prepare
Registering precompiled user dll's ...
Registered in 0.000861 seconds.
Begin MonoManager ReloadAssembly
Native extension for WindowsStandalone target not found
Native extension for WebGL target not found
Refreshing native plugins compatible for Editor in 0.55 ms, found 1 plugins.
Preloading 0 native plugins for Editor in 0.00 ms.
Mono: successfully reloaded assembly
- Completed reload, in  0.865 seconds
Platform modules already initialized, skipping
Refreshing native plugins compatible for Editor in 0.66 ms, found 1 plugins.
Preloading 0 native plugins for Editor in 0.00 ms.
Unloading 2131 Unused Serialized files (Serialized files now loaded: 0)
System memory in use before: 101.5 MB.
System memory in use after: 101.4 MB.

Unloading 12 unused Assets to reduce memory usage. Loaded Objects now: 2626.
Total: 2.036800 ms (FindLiveObjects: 0.243000 ms CreateObjectMapping: 0.088600 ms MarkObjects: 1.599700 ms  DeleteObjects: 0.104400 ms)

AssetImportParameters requested are different than current active one (requested -> active):
  requireTextureImportCompression: false -> true
========================================================================
Received Prepare
Registering precompiled user dll's ...
Registered in 0.000775 seconds.
Begin MonoManager ReloadAssembly
Native extension for WindowsStandalone target not found
Native extension for WebGL target not found
Refreshing native plugins compatible for Editor in 0.54 ms, found 1 plugins.
Preloading 0 native plugins for Editor in 0.00 ms.
Mono: successfully reloaded assembly
- Completed reload, in  0.780 seconds
Platform modules already initialized, skipping
Refreshing native plugins compatible for Editor in 0.39 ms, found 1 plugins.
Preloading 0 native plugins for Editor in 0.00 ms.
Unloading 2131 Unused Serialized files (Serialized files now loaded: 0)
System memory in use before: 101.5 MB.
System memory in use after: 101.5 MB.

Unloading 12 unused Assets to reduce memory usage. Loaded Objects now: 2630.
Total: 1.964000 ms (FindLiveObjects: 0.230900 ms CreateObjectMapping: 0.105300 ms MarkObjects: 1.527400 ms  DeleteObjects: 0.098700 ms)

AssetImportParameters requested are different than current active one (requested -> active):
  requireTextureImportCompression: false -> true
========================================================================
Received Import Request.
  Time since last request: 90.850845 seconds.
  path: Assets/Scripts/Tools/Editor/MapCaptureEditor.cs
  artifactKey: Guid(ec45aed262a1b3c46ae69d79662b329a) Importer(815301076,1909f56bfc062723c751e8b465ee728b)
Start importing Assets/Scripts/Tools/Editor/MapCaptureEditor.cs using Guid(ec45aed262a1b3c46ae69d79662b329a) Importer(815301076,1909f56bfc062723c751e8b465ee728b)  -> (artifact id: 'd951e05d9e2508bc4b57e0f0349210b1') in 0.008920 seconds
  Import took 0.012014 seconds .

========================================================================
Received Prepare
Registering precompiled user dll's ...
Registered in 0.001049 seconds.
Begin MonoManager ReloadAssembly
Native extension for WindowsStandalone target not found
Native extension for WebGL target not found
Refreshing native plugins compatible for Editor in 0.38 ms, found 1 plugins.
Preloading 0 native plugins for Editor in 0.00 ms.
Mono: successfully reloaded assembly
- Completed reload, in  0.956 seconds
Platform modules already initialized, skipping
Refreshing native plugins compatible for Editor in 0.36 ms, found 1 plugins.
Preloading 0 native plugins for Editor in 0.00 ms.
Unloading 2132 Unused Serialized files (Serialized files now loaded: 0)
System memory in use before: 101.5 MB.
System memory in use after: 101.5 MB.

Unloading 12 unused Assets to reduce memory usage. Loaded Objects now: 2635.
Total: 2.825300 ms (FindLiveObjects: 0.471900 ms CreateObjectMapping: 0.210800 ms MarkObjects: 2.026500 ms  DeleteObjects: 0.114700 ms)

AssetImportParameters requested are different than current active one (requested -> active):
  requireTextureImportCompression: false -> true
========================================================================
Received Prepare
Registering precompiled user dll's ...
Registered in 0.000758 seconds.
Begin MonoManager ReloadAssembly
Native extension for WindowsStandalone target not found
Native extension for WebGL target not found
Refreshing native plugins compatible for Editor in 0.35 ms, found 1 plugins.
Preloading 0 native plugins for Editor in 0.00 ms.
Mono: successfully reloaded assembly
- Completed reload, in  0.801 seconds
Platform modules already initialized, skipping
Refreshing native plugins compatible for Editor in 0.36 ms, found 1 plugins.
Preloading 0 native plugins for Editor in 0.00 ms.
Unloading 2132 Unused Serialized files (Serialized files now loaded: 0)
System memory in use before: 101.5 MB.
System memory in use after: 101.5 MB.

Unloading 12 unused Assets to reduce memory usage. Loaded Objects now: 2639.
Total: 1.925100 ms (FindLiveObjects: 0.215000 ms CreateObjectMapping: 0.089000 ms MarkObjects: 1.524600 ms  DeleteObjects: 0.095500 ms)

AssetImportParameters requested are different than current active one (requested -> active):
  requireTextureImportCompression: false -> true
========================================================================
Received Import Request.
  Time since last request: 1865.456879 seconds.
  path: Assets/MapData
  artifactKey: Guid(6b4e98424b252a24b8e3a49377f1ab25) Importer(815301076,1909f56bfc062723c751e8b465ee728b)
Start importing Assets/MapData using Guid(6b4e98424b252a24b8e3a49377f1ab25) Importer(815301076,1909f56bfc062723c751e8b465ee728b)  -> (artifact id: 'c427d6160571595cd81dca843dde46f4') in 0.006740 seconds
  Import took 0.013544 seconds .

========================================================================
Received Import Request.
  Time since last request: 24.433206 seconds.
  path: Assets/MapData/Castle.asset
  artifactKey: Guid(c3b1904031c7f3c40a7ea46a3705a2c0) Importer(815301076,1909f56bfc062723c751e8b465ee728b)
Start importing Assets/MapData/Castle.asset using Guid(c3b1904031c7f3c40a7ea46a3705a2c0) Importer(815301076,1909f56bfc062723c751e8b465ee728b)  -> (artifact id: 'f795cd8c3ddc4f9e839d77f641ceb699') in 0.011918 seconds
  Import took 0.014936 seconds .

========================================================================
Received Import Request.
  Time since last request: 0.007807 seconds.
  path: Assets/MapData/Castle.asset
  artifactKey: Guid(c3b1904031c7f3c40a7ea46a3705a2c0) Importer(815301076,1909f56bfc062723c751e8b465ee728b)
Start importing Assets/MapData/Castle.asset using Guid(c3b1904031c7f3c40a7ea46a3705a2c0) Importer(815301076,1909f56bfc062723c751e8b465ee728b)  -> (artifact id: 'f795cd8c3ddc4f9e839d77f641ceb699') in 0.004301 seconds
  Import took 0.007602 seconds .

========================================================================
Received Prepare
Registering precompiled user dll's ...
Registered in 0.000664 seconds.
Begin MonoManager ReloadAssembly
Native extension for WindowsStandalone target not found
Native extension for WebGL target not found
Refreshing native plugins compatible for Editor in 0.35 ms, found 1 plugins.
Preloading 0 native plugins for Editor in 0.00 ms.
Mono: successfully reloaded assembly
- Completed reload, in  0.785 seconds
Platform modules already initialized, skipping
Refreshing native plugins compatible for Editor in 0.40 ms, found 1 plugins.
Preloading 0 native plugins for Editor in 0.00 ms.
Unloading 2132 Unused Serialized files (Serialized files now loaded: 0)
System memory in use before: 101.6 MB.
System memory in use after: 101.6 MB.

Unloading 12 unused Assets to reduce memory usage. Loaded Objects now: 2643.
Total: 2.060300 ms (FindLiveObjects: 0.259400 ms CreateObjectMapping: 0.091500 ms MarkObjects: 1.619700 ms  DeleteObjects: 0.088900 ms)

AssetImportParameters requested are different than current active one (requested -> active):
  requireTextureImportCompression: false -> true
========================================================================
Received Import Request.
  Time since last request: 87.095209 seconds.
  path: Assets/MapData/Castle.asset
  artifactKey: Guid(c3b1904031c7f3c40a7ea46a3705a2c0) Importer(815301076,1909f56bfc062723c751e8b465ee728b)
Start importing Assets/MapData/Castle.asset using Guid(c3b1904031c7f3c40a7ea46a3705a2c0) Importer(815301076,1909f56bfc062723c751e8b465ee728b)  -> (artifact id: 'd514bb78cb94b4e754e0dc9dd146656d') in 0.012877 seconds
  Import took 0.016071 seconds .

========================================================================
Received Import Request.
  Time since last request: 0.088692 seconds.
  path: Assets/MapData/Castle.asset
  artifactKey: Guid(c3b1904031c7f3c40a7ea46a3705a2c0) Importer(815301076,1909f56bfc062723c751e8b465ee728b)
Start importing Assets/MapData/Castle.asset using Guid(c3b1904031c7f3c40a7ea46a3705a2c0) Importer(815301076,1909f56bfc062723c751e8b465ee728b)  -> (artifact id: 'd514bb78cb94b4e754e0dc9dd146656d') in 0.004510 seconds
  Import took 0.007622 seconds .

========================================================================
Received Import Request.
  Time since last request: 63.113225 seconds.
  path: Assets/Scripts/Tools/MapCapture
  artifactKey: Guid(25e04a0bd36974f4a9a0064d00b7312e) Importer(815301076,1909f56bfc062723c751e8b465ee728b)
Start importing Assets/Scripts/Tools/MapCapture using Guid(25e04a0bd36974f4a9a0064d00b7312e) Importer(815301076,1909f56bfc062723c751e8b465ee728b)  -> (artifact id: 'd88df4c86469d00c55e7e0d9c03f98a3') in 0.004054 seconds
  Import took 0.006945 seconds .

========================================================================
Received Import Request.
  Time since last request: 1.401740 seconds.
  path: Assets/Scripts/Tools/MapCaptureData.cs
  artifactKey: Guid(d9087d5c81817ae45a1ec27367d0e942) Importer(815301076,1909f56bfc062723c751e8b465ee728b)
Start importing Assets/Scripts/Tools/MapCaptureData.cs using Guid(d9087d5c81817ae45a1ec27367d0e942) Importer(815301076,1909f56bfc062723c751e8b465ee728b)  -> (artifact id: '853ec15be995ed98f8a58e233a6f76fe') in 0.326021 seconds
  Import took 0.328896 seconds .

========================================================================
Received Import Request.
  Time since last request: 0.240288 seconds.
  path: Assets/Scripts/Tools/MapCapture.cs
  artifactKey: Guid(93312600039744e49b5b08c1d464bba6) Importer(815301076,1909f56bfc062723c751e8b465ee728b)
Start importing Assets/Scripts/Tools/MapCapture.cs using Guid(93312600039744e49b5b08c1d464bba6) Importer(815301076,1909f56bfc062723c751e8b465ee728b)  -> (artifact id: '18c839e22f9f297c2af53cdbad22fd1b') in 0.003943 seconds
  Import took 0.094977 seconds .

========================================================================
Received Prepare
Registering precompiled user dll's ...
Registered in 0.000623 seconds.
Begin MonoManager ReloadAssembly
Native extension for WindowsStandalone target not found
Native extension for WebGL target not found
Refreshing native plugins compatible for Editor in 0.34 ms, found 1 plugins.
Preloading 0 native plugins for Editor in 0.00 ms.
Mono: successfully reloaded assembly
- Completed reload, in  0.761 seconds
Platform modules already initialized, skipping
Refreshing native plugins compatible for Editor in 0.37 ms, found 1 plugins.
Preloading 0 native plugins for Editor in 0.00 ms.
Unloading 2132 Unused Serialized files (Serialized files now loaded: 0)
System memory in use before: 101.6 MB.
System memory in use after: 101.6 MB.

Unloading 12 unused Assets to reduce memory usage. Loaded Objects now: 2647.
Total: 1.859200 ms (FindLiveObjects: 0.202000 ms CreateObjectMapping: 0.073200 ms MarkObjects: 1.490500 ms  DeleteObjects: 0.092800 ms)

AssetImportParameters requested are different than current active one (requested -> active):
  requireTextureImportCompression: false -> true
========================================================================
Received Import Request.
  Time since last request: 11.581909 seconds.
  path: Assets/Scripts/Tools/MapGenerate
  artifactKey: Guid(d07daf71fb4291d46a3679584fb9eea6) Importer(815301076,1909f56bfc062723c751e8b465ee728b)
Start importing Assets/Scripts/Tools/MapGenerate using Guid(d07daf71fb4291d46a3679584fb9eea6) Importer(815301076,1909f56bfc062723c751e8b465ee728b)  -> (artifact id: '1f3f844c71780345c704df280642fa68') in 0.073587 seconds
  Import took 0.634773 seconds .

========================================================================
Received Import Request.
  Time since last request: 37.219320 seconds.
  path: Assets/Scripts/Tools/MapGenerate/MapGenerator.cs
  artifactKey: Guid(42bdb0407fab8384ead9b747260e62ac) Importer(815301076,1909f56bfc062723c751e8b465ee728b)
Start importing Assets/Scripts/Tools/MapGenerate/MapGenerator.cs using Guid(42bdb0407fab8384ead9b747260e62ac) Importer(815301076,1909f56bfc062723c751e8b465ee728b)  -> (artifact id: '91c7e90c35cc1f9b03bd40670c0d2947') in 0.003216 seconds
  Import took 0.006355 seconds .

========================================================================
Received Prepare
Registering precompiled user dll's ...
Registered in 0.000749 seconds.
Begin MonoManager ReloadAssembly
Native extension for WindowsStandalone target not found
Native extension for WebGL target not found
Refreshing native plugins compatible for Editor in 0.36 ms, found 1 plugins.
Preloading 0 native plugins for Editor in 0.00 ms.
Mono: successfully reloaded assembly
- Completed reload, in  0.782 seconds
Platform modules already initialized, skipping
Refreshing native plugins compatible for Editor in 0.35 ms, found 1 plugins.
Preloading 0 native plugins for Editor in 0.00 ms.
Unloading 2133 Unused Serialized files (Serialized files now loaded: 0)
System memory in use before: 101.6 MB.
System memory in use after: 101.6 MB.

Unloading 12 unused Assets to reduce memory usage. Loaded Objects now: 2652.
Total: 1.901700 ms (FindLiveObjects: 0.247200 ms CreateObjectMapping: 0.097200 ms MarkObjects: 1.464700 ms  DeleteObjects: 0.091700 ms)

AssetImportParameters requested are different than current active one (requested -> active):
  requireTextureImportCompression: false -> true
========================================================================
Received Prepare
Registering precompiled user dll's ...
Registered in 0.000785 seconds.
Begin MonoManager ReloadAssembly
Native extension for WindowsStandalone target not found
Native extension for WebGL target not found
Refreshing native plugins compatible for Editor in 0.36 ms, found 1 plugins.
Preloading 0 native plugins for Editor in 0.00 ms.
Mono: successfully reloaded assembly
- Completed reload, in  0.811 seconds
Platform modules already initialized, skipping
Refreshing native plugins compatible for Editor in 0.35 ms, found 1 plugins.
Preloading 0 native plugins for Editor in 0.00 ms.
Unloading 2134 Unused Serialized files (Serialized files now loaded: 0)
System memory in use before: 101.7 MB.
System memory in use after: 101.6 MB.

Unloading 12 unused Assets to reduce memory usage. Loaded Objects now: 2657.
Total: 1.828500 ms (FindLiveObjects: 0.205400 ms CreateObjectMapping: 0.084200 ms MarkObjects: 1.445400 ms  DeleteObjects: 0.092700 ms)

AssetImportParameters requested are different than current active one (requested -> active):
  requireTextureImportCompression: false -> true
========================================================================
Received Import Request.
  Time since last request: 133.894499 seconds.
  path: Assets/Scripts/Tools/MapGenerate/MapGenerator.cs
  artifactKey: Guid(42bdb0407fab8384ead9b747260e62ac) Importer(815301076,1909f56bfc062723c751e8b465ee728b)
Start importing Assets/Scripts/Tools/MapGenerate/MapGenerator.cs using Guid(42bdb0407fab8384ead9b747260e62ac) Importer(815301076,1909f56bfc062723c751e8b465ee728b)  -> (artifact id: '7201e325e26211a8248e9925c1fd97c0') in 0.007421 seconds
  Import took 0.010308 seconds .

========================================================================
Received Prepare
Registering precompiled user dll's ...
Registered in 0.000675 seconds.
Begin MonoManager ReloadAssembly
Native extension for WindowsStandalone target not found
Native extension for WebGL target not found
Refreshing native plugins compatible for Editor in 0.34 ms, found 1 plugins.
Preloading 0 native plugins for Editor in 0.00 ms.
Mono: successfully reloaded assembly
- Completed reload, in  0.805 seconds
Platform modules already initialized, skipping
Refreshing native plugins compatible for Editor in 0.48 ms, found 1 plugins.
Preloading 0 native plugins for Editor in 0.00 ms.
Unloading 2134 Unused Serialized files (Serialized files now loaded: 0)
System memory in use before: 101.7 MB.
System memory in use after: 101.6 MB.

Unloading 12 unused Assets to reduce memory usage. Loaded Objects now: 2661.
Total: 2.022300 ms (FindLiveObjects: 0.210000 ms CreateObjectMapping: 0.087300 ms MarkObjects: 1.634400 ms  DeleteObjects: 0.089300 ms)

AssetImportParameters requested are different than current active one (requested -> active):
  requireTextureImportCompression: false -> true
