Using pre-set license
Built from '2020.3/staging' branch; Version is '2020.3.5f1 (8095aa901b9b) revision 8426922'; Using compiler version '192528614'; Build Type 'Release'
OS: 'Windows 10 Home; OS build 19042.1288; Version 2009; 64bit' Language: 'en' Physical Memory: 32588 MB
BatchMode: 1, IsHumanControllingUs: 0, StartBugReporterOnCrash: 0, Is64bit: 1, IsPro: 0

 COMMAND LINE ARGUMENTS:
C:\Program Files\Unity\Hub\Editor\2020.3.5f1\Editor\Unity.exe
-adb2
-batchMode
-noUpm
-name
AssetImportWorker3
-projectPath
D:/My Projects/Unity3D/JrProgrammer/JrProgrammingOOPChallenge/Adventurer_JrProgrammerOOPChallenge/Adventurer
-logFile
Logs/AssetImportWorker3.log
-srvPort
63795
Successfully changed project path to: D:/My Projects/Unity3D/JrProgrammer/JrProgrammingOOPChallenge/Adventurer_JrProgrammerOOPChallenge/Adventurer
D:/My Projects/Unity3D/JrProgrammer/JrProgrammingOOPChallenge/Adventurer_JrProgrammerOOPChallenge/Adventurer
Using Asset Import Pipeline V2.
Refreshing native plugins compatible for Editor in 91.68 ms, found 1 plugins.
Preloading 0 native plugins for Editor in 0.00 ms.
Initialize engine version: 2020.3.5f1 (8095aa901b9b)
[Subsystems] Discovering subsystems at path C:/Program Files/Unity/Hub/Editor/2020.3.5f1/Editor/Data/Resources/UnitySubsystems
[Subsystems] Discovering subsystems at path D:/My Projects/Unity3D/JrProgrammer/JrProgrammingOOPChallenge/Adventurer_JrProgrammerOOPChallenge/Adventurer/Assets
GfxDevice: creating device client; threaded=0
Direct3D:
    Version:  Direct3D 11.0 [level 11.1]
    Renderer: NVIDIA GeForce RTX 2060 (ID=0x1f15)
    Vendor:   
    VRAM:     5980 MB
    Driver:   30.0.14.9649
Initialize mono
Mono path[0] = 'C:/Program Files/Unity/Hub/Editor/2020.3.5f1/Editor/Data/Managed'
Mono path[1] = 'C:/Program Files/Unity/Hub/Editor/2020.3.5f1/Editor/Data/MonoBleedingEdge/lib/mono/unityjit'
Mono config path = 'C:/Program Files/Unity/Hub/Editor/2020.3.5f1/Editor/Data/MonoBleedingEdge/etc'
Using monoOptions --debugger-agent=transport=dt_socket,embedding=1,server=y,suspend=n,address=127.0.0.1:56800
Begin MonoManager ReloadAssembly
Registering precompiled unity dll's ...
Register platform support module: C:/Program Files/Unity/Hub/Editor/2020.3.5f1/Editor/Data/PlaybackEngines/WebGLSupport/UnityEditor.WebGL.Extensions.dll
Register platform support module: C:/Program Files/Unity/Hub/Editor/2020.3.5f1/Editor/Data/PlaybackEngines/WindowsStandaloneSupport/UnityEditor.WindowsStandalone.Extensions.dll
Registered in 0.003588 seconds.
Native extension for WindowsStandalone target not found
Native extension for WebGL target not found
Refreshing native plugins compatible for Editor in 37.18 ms, found 1 plugins.
Preloading 0 native plugins for Editor in 0.00 ms.
Mono: successfully reloaded assembly
- Completed reload, in  4.369 seconds
Platform modules already initialized, skipping
Registering precompiled user dll's ...
Registered in 0.000779 seconds.
Begin MonoManager ReloadAssembly
Native extension for WindowsStandalone target not found
Native extension for WebGL target not found
Refreshing native plugins compatible for Editor in 35.06 ms, found 1 plugins.
Preloading 0 native plugins for Editor in 0.00 ms.
Mono: successfully reloaded assembly
- Completed reload, in  0.907 seconds
Platform modules already initialized, skipping
========================================================================
Worker process is ready to serve import requests
Launched and connected shader compiler UnityShaderCompiler.exe after 0.15 seconds
Refreshing native plugins compatible for Editor in 0.53 ms, found 1 plugins.
Preloading 0 native plugins for Editor in 0.00 ms.
Unloading 2152 Unused Serialized files (Serialized files now loaded: 0)
System memory in use before: 99.7 MB.
System memory in use after: 99.6 MB.

Unloading 26 unused Assets to reduce memory usage. Loaded Objects now: 2598.
Total: 2.778100 ms (FindLiveObjects: 0.554600 ms CreateObjectMapping: 0.157600 ms MarkObjects: 1.911300 ms  DeleteObjects: 0.153900 ms)

AssetImportParameters requested are different than current active one (requested -> active):
  requireTextureImportCompression: false -> true
========================================================================
Received Import Request.
  path: Assets/MapData/Castle.asset
  artifactKey: Guid(c3b1904031c7f3c40a7ea46a3705a2c0) Importer(815301076,1909f56bfc062723c751e8b465ee728b)
Start importing Assets/MapData/Castle.asset using Guid(c3b1904031c7f3c40a7ea46a3705a2c0) Importer(815301076,1909f56bfc062723c751e8b465ee728b)  -> (artifact id: 'a4b4dc5da7e7ee84f2b8c6c510bde4cb') in 0.071427 seconds
  Import took 0.074395 seconds .

========================================================================
Received Prepare
Registering precompiled user dll's ...
Registered in 0.000712 seconds.
Begin MonoManager ReloadAssembly
Native extension for WindowsStandalone target not found
Native extension for WebGL target not found
Refreshing native plugins compatible for Editor in 0.36 ms, found 1 plugins.
Preloading 0 native plugins for Editor in 0.00 ms.
Mono: successfully reloaded assembly
- Completed reload, in  0.760 seconds
Platform modules already initialized, skipping
Refreshing native plugins compatible for Editor in 0.37 ms, found 1 plugins.
Preloading 0 native plugins for Editor in 0.00 ms.
Unloading 2134 Unused Serialized files (Serialized files now loaded: 0)
System memory in use before: 98.5 MB.
System memory in use after: 98.5 MB.

Unloading 12 unused Assets to reduce memory usage. Loaded Objects now: 2602.
Total: 1.844600 ms (FindLiveObjects: 0.198200 ms CreateObjectMapping: 0.107400 ms MarkObjects: 1.445900 ms  DeleteObjects: 0.092300 ms)

AssetImportParameters requested are different than current active one (requested -> active):
  requireTextureImportCompression: false -> true
========================================================================
Received Import Request.
  Time since last request: 110.490639 seconds.
  path: Assets/MapData/Castle.asset
  artifactKey: Guid(c3b1904031c7f3c40a7ea46a3705a2c0) Importer(815301076,1909f56bfc062723c751e8b465ee728b)
Start importing Assets/MapData/Castle.asset using Guid(c3b1904031c7f3c40a7ea46a3705a2c0) Importer(815301076,1909f56bfc062723c751e8b465ee728b)  -> (artifact id: '5f9f6227776fd2f2f61d70b1c8636988') in 0.013653 seconds
  Import took 0.016657 seconds .

========================================================================
Received Import Request.
  Time since last request: 0.073074 seconds.
  path: Assets/MapData/Castle.asset
  artifactKey: Guid(c3b1904031c7f3c40a7ea46a3705a2c0) Importer(815301076,1909f56bfc062723c751e8b465ee728b)
Start importing Assets/MapData/Castle.asset using Guid(c3b1904031c7f3c40a7ea46a3705a2c0) Importer(815301076,1909f56bfc062723c751e8b465ee728b)  -> (artifact id: '5f9f6227776fd2f2f61d70b1c8636988') in 0.005342 seconds
  Import took 0.008134 seconds .

========================================================================
Received Prepare
Registering precompiled user dll's ...
Registered in 0.000721 seconds.
Begin MonoManager ReloadAssembly
Native extension for WindowsStandalone target not found
Native extension for WebGL target not found
Refreshing native plugins compatible for Editor in 0.35 ms, found 1 plugins.
Preloading 0 native plugins for Editor in 0.00 ms.
Mono: successfully reloaded assembly
- Completed reload, in  0.774 seconds
Platform modules already initialized, skipping
Refreshing native plugins compatible for Editor in 0.35 ms, found 1 plugins.
Preloading 0 native plugins for Editor in 0.00 ms.
Unloading 2134 Unused Serialized files (Serialized files now loaded: 0)
System memory in use before: 98.5 MB.
System memory in use after: 98.5 MB.

Unloading 12 unused Assets to reduce memory usage. Loaded Objects now: 2606.
Total: 1.796600 ms (FindLiveObjects: 0.182900 ms CreateObjectMapping: 0.075100 ms MarkObjects: 1.447300 ms  DeleteObjects: 0.090500 ms)

AssetImportParameters requested are different than current active one (requested -> active):
  requireTextureImportCompression: false -> true
========================================================================
Received Prepare
Registering precompiled user dll's ...
Registered in 0.000883 seconds.
Begin MonoManager ReloadAssembly
Native extension for WindowsStandalone target not found
Native extension for WebGL target not found
Refreshing native plugins compatible for Editor in 0.36 ms, found 1 plugins.
Preloading 0 native plugins for Editor in 0.00 ms.
Mono: successfully reloaded assembly
- Completed reload, in  0.767 seconds
Platform modules already initialized, skipping
Refreshing native plugins compatible for Editor in 0.35 ms, found 1 plugins.
Preloading 0 native plugins for Editor in 0.00 ms.
Unloading 2134 Unused Serialized files (Serialized files now loaded: 0)
System memory in use before: 98.6 MB.
System memory in use after: 98.5 MB.

Unloading 12 unused Assets to reduce memory usage. Loaded Objects now: 2610.
Total: 1.990200 ms (FindLiveObjects: 0.180100 ms CreateObjectMapping: 0.077200 ms MarkObjects: 1.641900 ms  DeleteObjects: 0.090100 ms)

AssetImportParameters requested are different than current active one (requested -> active):
  requireTextureImportCompression: false -> true
========================================================================
Received Prepare
Registering precompiled user dll's ...
Registered in 0.000789 seconds.
Begin MonoManager ReloadAssembly
Native extension for WindowsStandalone target not found
Native extension for WebGL target not found
Refreshing native plugins compatible for Editor in 0.38 ms, found 1 plugins.
Preloading 0 native plugins for Editor in 0.00 ms.
Mono: successfully reloaded assembly
- Completed reload, in  0.781 seconds
Platform modules already initialized, skipping
Refreshing native plugins compatible for Editor in 0.35 ms, found 1 plugins.
Preloading 0 native plugins for Editor in 0.00 ms.
Unloading 2134 Unused Serialized files (Serialized files now loaded: 0)
System memory in use before: 98.6 MB.
System memory in use after: 98.6 MB.

Unloading 12 unused Assets to reduce memory usage. Loaded Objects now: 2614.
Total: 2.083200 ms (FindLiveObjects: 0.161200 ms CreateObjectMapping: 0.072300 ms MarkObjects: 1.763900 ms  DeleteObjects: 0.085200 ms)

AssetImportParameters requested are different than current active one (requested -> active):
  requireTextureImportCompression: false -> true
========================================================================
Received Import Request.
  Time since last request: 3135.787634 seconds.
  path: Assets/Prefabs/Rooms/Castle/CastleRoom_I.prefab
  artifactKey: Guid(08d84e547c1a78a4e9a22af16abb4181) Importer(815301076,1909f56bfc062723c751e8b465ee728b)
Start importing Assets/Prefabs/Rooms/Castle/CastleRoom_I.prefab using Guid(08d84e547c1a78a4e9a22af16abb4181) Importer(815301076,1909f56bfc062723c751e8b465ee728b)  -> (artifact id: '2f2a5931a17e90e1c79e2dc410e6a7fe') in 0.302981 seconds
  Import took 0.306082 seconds .

========================================================================
Received Import Request.
  Time since last request: 0.007282 seconds.
  path: Assets/Prefabs/Rooms/Castle/CastleRoom_I.prefab
  artifactKey: Guid(08d84e547c1a78a4e9a22af16abb4181) Importer(815301076,1909f56bfc062723c751e8b465ee728b)
Start importing Assets/Prefabs/Rooms/Castle/CastleRoom_I.prefab using Guid(08d84e547c1a78a4e9a22af16abb4181) Importer(815301076,1909f56bfc062723c751e8b465ee728b)  -> (artifact id: '2f2a5931a17e90e1c79e2dc410e6a7fe') in 0.011856 seconds
  Import took 0.015134 seconds .

========================================================================
Received Import Request.
  Time since last request: 2.931131 seconds.
  path: Assets/Prefabs/Rooms/Castle/CastleRoom_I.prefab
  artifactKey: Guid(08d84e547c1a78a4e9a22af16abb4181) Importer(815301076,1909f56bfc062723c751e8b465ee728b)
Start importing Assets/Prefabs/Rooms/Castle/CastleRoom_I.prefab using Guid(08d84e547c1a78a4e9a22af16abb4181) Importer(815301076,1909f56bfc062723c751e8b465ee728b)  -> (artifact id: '66137ec6b0c81c53ac76c7ae41d54f90') in 0.092059 seconds
  Import took 0.095650 seconds .

========================================================================
Received Import Request.
  Time since last request: 0.690409 seconds.
  path: Assets/Prefabs/Rooms/Castle/CastleRoom_L.prefab
  artifactKey: Guid(d138fb59984286942a86fb59f8009c99) Importer(815301076,1909f56bfc062723c751e8b465ee728b)
Start importing Assets/Prefabs/Rooms/Castle/CastleRoom_L.prefab using Guid(d138fb59984286942a86fb59f8009c99) Importer(815301076,1909f56bfc062723c751e8b465ee728b)  -> (artifact id: 'f81d575d64db7970ea90d51d8e432c63') in 0.050748 seconds
  Import took 0.053797 seconds .

========================================================================
Received Import Request.
  Time since last request: 3.380981 seconds.
  path: Assets/Prefabs/Rooms/Castle/CastleRoom_L.prefab
  artifactKey: Guid(d138fb59984286942a86fb59f8009c99) Importer(815301076,1909f56bfc062723c751e8b465ee728b)
Start importing Assets/Prefabs/Rooms/Castle/CastleRoom_L.prefab using Guid(d138fb59984286942a86fb59f8009c99) Importer(815301076,1909f56bfc062723c751e8b465ee728b)  -> (artifact id: 'e2173458521e1f8110ec554bcb097f68') in 0.012483 seconds
  Import took 0.032384 seconds .

========================================================================
Received Import Request.
  Time since last request: 0.968830 seconds.
  path: Assets/Prefabs/Rooms/Castle/CastleRoom_O.prefab
  artifactKey: Guid(629ea72afa00a74468f46a20a1f046a3) Importer(815301076,1909f56bfc062723c751e8b465ee728b)
Start importing Assets/Prefabs/Rooms/Castle/CastleRoom_O.prefab using Guid(629ea72afa00a74468f46a20a1f046a3) Importer(815301076,1909f56bfc062723c751e8b465ee728b)  -> (artifact id: 'e2540fd15f516b209876956c18608547') in 0.050081 seconds
  Import took 0.053102 seconds .

========================================================================
Received Import Request.
  Time since last request: 2.037651 seconds.
  path: Assets/Prefabs/Rooms/Castle/CastleRoom_O.prefab
  artifactKey: Guid(629ea72afa00a74468f46a20a1f046a3) Importer(815301076,1909f56bfc062723c751e8b465ee728b)
Start importing Assets/Prefabs/Rooms/Castle/CastleRoom_O.prefab using Guid(629ea72afa00a74468f46a20a1f046a3) Importer(815301076,1909f56bfc062723c751e8b465ee728b)  -> (artifact id: '1484223440268828a93f79103b89b36e') in 0.306778 seconds
  Import took 0.310434 seconds .

========================================================================
Received Import Request.
  Time since last request: 1.086613 seconds.
  path: Assets/Prefabs/Rooms/Castle/CastleRoom_T.prefab
  artifactKey: Guid(20607b05e56bd0043889e62b945d3ca6) Importer(815301076,1909f56bfc062723c751e8b465ee728b)
Start importing Assets/Prefabs/Rooms/Castle/CastleRoom_T.prefab using Guid(20607b05e56bd0043889e62b945d3ca6) Importer(815301076,1909f56bfc062723c751e8b465ee728b)  -> (artifact id: '6a46b5527abb4de0e55bb05b7f7a97dc') in 0.143880 seconds
  Import took 0.267014 seconds .

========================================================================
Received Import Request.
  Time since last request: 1.511657 seconds.
  path: Assets/Prefabs/Rooms/Castle/CastleRoom_T.prefab
  artifactKey: Guid(20607b05e56bd0043889e62b945d3ca6) Importer(815301076,1909f56bfc062723c751e8b465ee728b)
Start importing Assets/Prefabs/Rooms/Castle/CastleRoom_T.prefab using Guid(20607b05e56bd0043889e62b945d3ca6) Importer(815301076,1909f56bfc062723c751e8b465ee728b)  -> (artifact id: '3084ca9eb926e85ed53e67d3c258dcce') in 0.021254 seconds
  Import took 0.037951 seconds .

========================================================================
Received Import Request.
  Time since last request: 0.797395 seconds.
  path: Assets/Prefabs/Rooms/Castle/CastleRoom_U.prefab
  artifactKey: Guid(e66138367760c80449db222474f85589) Importer(815301076,1909f56bfc062723c751e8b465ee728b)
Start importing Assets/Prefabs/Rooms/Castle/CastleRoom_U.prefab using Guid(e66138367760c80449db222474f85589) Importer(815301076,1909f56bfc062723c751e8b465ee728b)  -> (artifact id: 'f64cfa1231cbf2cd0ad9cb4779586254') in 0.051056 seconds
  Import took 0.063947 seconds .

========================================================================
Received Import Request.
  Time since last request: 2.482420 seconds.
  path: Assets/Prefabs/Rooms/Castle/CastleRoom_U.prefab
  artifactKey: Guid(e66138367760c80449db222474f85589) Importer(815301076,1909f56bfc062723c751e8b465ee728b)
Start importing Assets/Prefabs/Rooms/Castle/CastleRoom_U.prefab using Guid(e66138367760c80449db222474f85589) Importer(815301076,1909f56bfc062723c751e8b465ee728b)  -> (artifact id: '1b5804eb6373bfabe6052fd331d22725') in 0.069728 seconds
  Import took 0.103834 seconds .

========================================================================
Received Import Request.
  Time since last request: 0.804274 seconds.
  path: Assets/Prefabs/Rooms/Castle/CastleRoom_X.prefab
  artifactKey: Guid(e88bbcfc6452228459bb099addc4fb12) Importer(815301076,1909f56bfc062723c751e8b465ee728b)
Start importing Assets/Prefabs/Rooms/Castle/CastleRoom_X.prefab using Guid(e88bbcfc6452228459bb099addc4fb12) Importer(815301076,1909f56bfc062723c751e8b465ee728b)  -> (artifact id: '4fbdba9e39870dcc2666ec68bd9a7cb9') in 0.046309 seconds
  Import took 0.133689 seconds .

========================================================================
Received Import Request.
  Time since last request: 1.956769 seconds.
  path: Assets/Prefabs/Rooms/Castle/CastleRoom_X.prefab
  artifactKey: Guid(e88bbcfc6452228459bb099addc4fb12) Importer(815301076,1909f56bfc062723c751e8b465ee728b)
Start importing Assets/Prefabs/Rooms/Castle/CastleRoom_X.prefab using Guid(e88bbcfc6452228459bb099addc4fb12) Importer(815301076,1909f56bfc062723c751e8b465ee728b)  -> (artifact id: 'ad229ff1cf0e00332a0073b7426a8050') in 0.012139 seconds
  Import took 0.111529 seconds .

========================================================================
Received Prepare
Registering precompiled user dll's ...
Registered in 0.000781 seconds.
Begin MonoManager ReloadAssembly
Native extension for WindowsStandalone target not found
Native extension for WebGL target not found
Refreshing native plugins compatible for Editor in 0.34 ms, found 1 plugins.
Preloading 0 native plugins for Editor in 0.00 ms.
Mono: successfully reloaded assembly
- Completed reload, in  0.751 seconds
Platform modules already initialized, skipping
Refreshing native plugins compatible for Editor in 0.35 ms, found 1 plugins.
Preloading 0 native plugins for Editor in 0.00 ms.
Unloading 2134 Unused Serialized files (Serialized files now loaded: 0)
System memory in use before: 101.6 MB.
System memory in use after: 101.6 MB.

Unloading 12 unused Assets to reduce memory usage. Loaded Objects now: 2625.
Total: 1.952700 ms (FindLiveObjects: 0.264500 ms CreateObjectMapping: 0.112800 ms MarkObjects: 1.487900 ms  DeleteObjects: 0.086500 ms)

AssetImportParameters requested are different than current active one (requested -> active):
  requireTextureImportCompression: false -> true
========================================================================
Received Prepare
Registering precompiled user dll's ...
Registered in 0.000852 seconds.
Begin MonoManager ReloadAssembly
Native extension for WindowsStandalone target not found
Native extension for WebGL target not found
Refreshing native plugins compatible for Editor in 0.36 ms, found 1 plugins.
Preloading 0 native plugins for Editor in 0.00 ms.
Mono: successfully reloaded assembly
- Completed reload, in  0.754 seconds
Platform modules already initialized, skipping
Refreshing native plugins compatible for Editor in 0.35 ms, found 1 plugins.
Preloading 0 native plugins for Editor in 0.00 ms.
Unloading 2134 Unused Serialized files (Serialized files now loaded: 0)
System memory in use before: 101.6 MB.
System memory in use after: 101.6 MB.

Unloading 12 unused Assets to reduce memory usage. Loaded Objects now: 2629.
Total: 1.909400 ms (FindLiveObjects: 0.180300 ms CreateObjectMapping: 0.085400 ms MarkObjects: 1.555400 ms  DeleteObjects: 0.087600 ms)

AssetImportParameters requested are different than current active one (requested -> active):
  requireTextureImportCompression: false -> true
========================================================================
Received Prepare
Registering precompiled user dll's ...
Registered in 0.000732 seconds.
Begin MonoManager ReloadAssembly
Native extension for WindowsStandalone target not found
Native extension for WebGL target not found
Refreshing native plugins compatible for Editor in 0.34 ms, found 1 plugins.
Preloading 0 native plugins for Editor in 0.00 ms.
Mono: successfully reloaded assembly
- Completed reload, in  0.776 seconds
Platform modules already initialized, skipping
Refreshing native plugins compatible for Editor in 0.36 ms, found 1 plugins.
Preloading 0 native plugins for Editor in 0.00 ms.
Unloading 2134 Unused Serialized files (Serialized files now loaded: 0)
System memory in use before: 101.6 MB.
System memory in use after: 101.6 MB.

Unloading 12 unused Assets to reduce memory usage. Loaded Objects now: 2633.
Total: 1.919400 ms (FindLiveObjects: 0.179300 ms CreateObjectMapping: 0.070400 ms MarkObjects: 1.581500 ms  DeleteObjects: 0.087400 ms)

AssetImportParameters requested are different than current active one (requested -> active):
  requireTextureImportCompression: false -> true
========================================================================
Received Prepare
Registering precompiled user dll's ...
Registered in 0.000754 seconds.
Begin MonoManager ReloadAssembly
Native extension for WindowsStandalone target not found
Native extension for WebGL target not found
Refreshing native plugins compatible for Editor in 0.36 ms, found 1 plugins.
Preloading 0 native plugins for Editor in 0.00 ms.
Mono: successfully reloaded assembly
- Completed reload, in  0.782 seconds
Platform modules already initialized, skipping
Refreshing native plugins compatible for Editor in 0.37 ms, found 1 plugins.
Preloading 0 native plugins for Editor in 0.00 ms.
Unloading 2134 Unused Serialized files (Serialized files now loaded: 0)
System memory in use before: 101.6 MB.
System memory in use after: 101.6 MB.

Unloading 12 unused Assets to reduce memory usage. Loaded Objects now: 2637.
Total: 2.105000 ms (FindLiveObjects: 0.218200 ms CreateObjectMapping: 0.126500 ms MarkObjects: 1.630700 ms  DeleteObjects: 0.129000 ms)

AssetImportParameters requested are different than current active one (requested -> active):
  requireTextureImportCompression: false -> true
========================================================================
Received Prepare
Registering precompiled user dll's ...
Registered in 0.000626 seconds.
Begin MonoManager ReloadAssembly
Native extension for WindowsStandalone target not found
Native extension for WebGL target not found
Refreshing native plugins compatible for Editor in 0.44 ms, found 1 plugins.
Preloading 0 native plugins for Editor in 0.00 ms.
Mono: successfully reloaded assembly
- Completed reload, in  0.755 seconds
Platform modules already initialized, skipping
Refreshing native plugins compatible for Editor in 0.35 ms, found 1 plugins.
Preloading 0 native plugins for Editor in 0.00 ms.
Unloading 2134 Unused Serialized files (Serialized files now loaded: 0)
System memory in use before: 101.7 MB.
System memory in use after: 101.6 MB.

Unloading 12 unused Assets to reduce memory usage. Loaded Objects now: 2641.
Total: 2.017400 ms (FindLiveObjects: 0.206300 ms CreateObjectMapping: 0.076100 ms MarkObjects: 1.629500 ms  DeleteObjects: 0.104800 ms)

AssetImportParameters requested are different than current active one (requested -> active):
  requireTextureImportCompression: false -> true
========================================================================
Received Prepare
Registering precompiled user dll's ...
Registered in 0.000962 seconds.
Begin MonoManager ReloadAssembly
Native extension for WindowsStandalone target not found
Native extension for WebGL target not found
Refreshing native plugins compatible for Editor in 0.40 ms, found 1 plugins.
Preloading 0 native plugins for Editor in 0.00 ms.
Mono: successfully reloaded assembly
- Completed reload, in  0.775 seconds
Platform modules already initialized, skipping
Refreshing native plugins compatible for Editor in 0.35 ms, found 1 plugins.
Preloading 0 native plugins for Editor in 0.00 ms.
Unloading 2134 Unused Serialized files (Serialized files now loaded: 0)
System memory in use before: 101.7 MB.
System memory in use after: 101.6 MB.

Unloading 12 unused Assets to reduce memory usage. Loaded Objects now: 2645.
Total: 2.132600 ms (FindLiveObjects: 0.186600 ms CreateObjectMapping: 0.078700 ms MarkObjects: 1.742300 ms  DeleteObjects: 0.124300 ms)

AssetImportParameters requested are different than current active one (requested -> active):
  requireTextureImportCompression: false -> true
========================================================================
Received Import Request.
  Time since last request: 1116.308647 seconds.
  path: Assets/MapData/Castle.asset
  artifactKey: Guid(c3b1904031c7f3c40a7ea46a3705a2c0) Importer(815301076,1909f56bfc062723c751e8b465ee728b)
Start importing Assets/MapData/Castle.asset using Guid(c3b1904031c7f3c40a7ea46a3705a2c0) Importer(815301076,1909f56bfc062723c751e8b465ee728b)  -> (artifact id: 'b3e5f83ec1395a57db6a58b09f5ffbe2') in 0.012405 seconds
  Import took 0.086197 seconds .

========================================================================
Received Import Request.
  Time since last request: 0.007407 seconds.
  path: Assets/MapData/Castle.asset
  artifactKey: Guid(c3b1904031c7f3c40a7ea46a3705a2c0) Importer(815301076,1909f56bfc062723c751e8b465ee728b)
Start importing Assets/MapData/Castle.asset using Guid(c3b1904031c7f3c40a7ea46a3705a2c0) Importer(815301076,1909f56bfc062723c751e8b465ee728b)  -> (artifact id: 'b3e5f83ec1395a57db6a58b09f5ffbe2') in 0.005033 seconds
  Import took 0.007817 seconds .

========================================================================
Received Prepare
Registering precompiled user dll's ...
Registered in 0.001006 seconds.
Begin MonoManager ReloadAssembly
Native extension for WindowsStandalone target not found
Native extension for WebGL target not found
Refreshing native plugins compatible for Editor in 0.46 ms, found 1 plugins.
Preloading 0 native plugins for Editor in 0.00 ms.
Mono: successfully reloaded assembly
- Completed reload, in  0.771 seconds
Platform modules already initialized, skipping
Refreshing native plugins compatible for Editor in 0.36 ms, found 1 plugins.
Preloading 0 native plugins for Editor in 0.00 ms.
Unloading 2134 Unused Serialized files (Serialized files now loaded: 0)
System memory in use before: 101.7 MB.
System memory in use after: 101.7 MB.

Unloading 12 unused Assets to reduce memory usage. Loaded Objects now: 2649.
Total: 2.071100 ms (FindLiveObjects: 0.325400 ms CreateObjectMapping: 0.105000 ms MarkObjects: 1.542400 ms  DeleteObjects: 0.097500 ms)

AssetImportParameters requested are different than current active one (requested -> active):
  requireTextureImportCompression: false -> true
========================================================================
Received Import Request.
  Time since last request: 134.232108 seconds.
  path: Assets/MapData/Castle.asset
  artifactKey: Guid(c3b1904031c7f3c40a7ea46a3705a2c0) Importer(815301076,1909f56bfc062723c751e8b465ee728b)
Start importing Assets/MapData/Castle.asset using Guid(c3b1904031c7f3c40a7ea46a3705a2c0) Importer(815301076,1909f56bfc062723c751e8b465ee728b)  -> (artifact id: 'e189f77233bb63667b43a8f245c9dce7') in 0.013772 seconds
  Import took 0.016916 seconds .

========================================================================
Received Import Request.
  Time since last request: 0.070113 seconds.
  path: Assets/MapData/Castle.asset
  artifactKey: Guid(c3b1904031c7f3c40a7ea46a3705a2c0) Importer(815301076,1909f56bfc062723c751e8b465ee728b)
Start importing Assets/MapData/Castle.asset using Guid(c3b1904031c7f3c40a7ea46a3705a2c0) Importer(815301076,1909f56bfc062723c751e8b465ee728b)  -> (artifact id: 'e189f77233bb63667b43a8f245c9dce7') in 0.004931 seconds
  Import took 0.007849 seconds .

========================================================================
Received Prepare
Registering precompiled user dll's ...
Registered in 0.000734 seconds.
Begin MonoManager ReloadAssembly
Native extension for WindowsStandalone target not found
Native extension for WebGL target not found
Refreshing native plugins compatible for Editor in 0.34 ms, found 1 plugins.
Preloading 0 native plugins for Editor in 0.00 ms.
Mono: successfully reloaded assembly
- Completed reload, in  0.749 seconds
Platform modules already initialized, skipping
Refreshing native plugins compatible for Editor in 0.36 ms, found 1 plugins.
Preloading 0 native plugins for Editor in 0.00 ms.
Unloading 2134 Unused Serialized files (Serialized files now loaded: 0)
System memory in use before: 101.7 MB.
System memory in use after: 101.7 MB.

Unloading 12 unused Assets to reduce memory usage. Loaded Objects now: 2653.
Total: 1.999500 ms (FindLiveObjects: 0.172000 ms CreateObjectMapping: 0.071400 ms MarkObjects: 1.669900 ms  DeleteObjects: 0.085600 ms)

AssetImportParameters requested are different than current active one (requested -> active):
  requireTextureImportCompression: false -> true
========================================================================
Received Import Request.
  Time since last request: 49.950438 seconds.
  path: Assets/MapData/Castle.asset
  artifactKey: Guid(c3b1904031c7f3c40a7ea46a3705a2c0) Importer(815301076,1909f56bfc062723c751e8b465ee728b)
Start importing Assets/MapData/Castle.asset using Guid(c3b1904031c7f3c40a7ea46a3705a2c0) Importer(815301076,1909f56bfc062723c751e8b465ee728b)  -> (artifact id: 'ea7f8470481777fcd056c17fe9e25106') in 0.013793 seconds
  Import took 0.016958 seconds .

========================================================================
Received Import Request.
  Time since last request: 0.074696 seconds.
  path: Assets/MapData/Castle.asset
  artifactKey: Guid(c3b1904031c7f3c40a7ea46a3705a2c0) Importer(815301076,1909f56bfc062723c751e8b465ee728b)
Start importing Assets/MapData/Castle.asset using Guid(c3b1904031c7f3c40a7ea46a3705a2c0) Importer(815301076,1909f56bfc062723c751e8b465ee728b)  -> (artifact id: 'ea7f8470481777fcd056c17fe9e25106') in 0.005052 seconds
  Import took 0.008426 seconds .

========================================================================
Received Prepare
Registering precompiled user dll's ...
Registered in 0.000681 seconds.
Begin MonoManager ReloadAssembly
Native extension for WindowsStandalone target not found
Native extension for WebGL target not found
Refreshing native plugins compatible for Editor in 0.34 ms, found 1 plugins.
Preloading 0 native plugins for Editor in 0.00 ms.
Mono: successfully reloaded assembly
- Completed reload, in  0.757 seconds
Platform modules already initialized, skipping
Refreshing native plugins compatible for Editor in 0.37 ms, found 1 plugins.
Preloading 0 native plugins for Editor in 0.00 ms.
Unloading 2134 Unused Serialized files (Serialized files now loaded: 0)
System memory in use before: 101.7 MB.
System memory in use after: 101.7 MB.

Unloading 12 unused Assets to reduce memory usage. Loaded Objects now: 2657.
Total: 2.097200 ms (FindLiveObjects: 0.201000 ms CreateObjectMapping: 0.091400 ms MarkObjects: 1.691000 ms  DeleteObjects: 0.112900 ms)

AssetImportParameters requested are different than current active one (requested -> active):
  requireTextureImportCompression: false -> true
========================================================================
Received Prepare
Registering precompiled user dll's ...
Registered in 0.000702 seconds.
Begin MonoManager ReloadAssembly
Native extension for WindowsStandalone target not found
Native extension for WebGL target not found
Refreshing native plugins compatible for Editor in 0.35 ms, found 1 plugins.
Preloading 0 native plugins for Editor in 0.00 ms.
Mono: successfully reloaded assembly
- Completed reload, in  0.710 seconds
Platform modules already initialized, skipping
Refreshing native plugins compatible for Editor in 0.37 ms, found 1 plugins.
Preloading 0 native plugins for Editor in 0.00 ms.
Unloading 2134 Unused Serialized files (Serialized files now loaded: 0)
System memory in use before: 101.7 MB.
System memory in use after: 101.7 MB.

Unloading 12 unused Assets to reduce memory usage. Loaded Objects now: 2661.
Total: 2.374200 ms (FindLiveObjects: 0.280700 ms CreateObjectMapping: 0.119800 ms MarkObjects: 1.857800 ms  DeleteObjects: 0.114200 ms)

AssetImportParameters requested are different than current active one (requested -> active):
  requireTextureImportCompression: false -> true
========================================================================
Received Prepare
Registering precompiled user dll's ...
Registered in 0.000740 seconds.
Begin MonoManager ReloadAssembly
Native extension for WindowsStandalone target not found
Native extension for WebGL target not found
Refreshing native plugins compatible for Editor in 0.35 ms, found 1 plugins.
Preloading 0 native plugins for Editor in 0.00 ms.
Mono: successfully reloaded assembly
- Completed reload, in  0.762 seconds
Platform modules already initialized, skipping
Refreshing native plugins compatible for Editor in 0.61 ms, found 1 plugins.
Preloading 0 native plugins for Editor in 0.00 ms.
Unloading 2134 Unused Serialized files (Serialized files now loaded: 0)
System memory in use before: 101.7 MB.
System memory in use after: 101.7 MB.

Unloading 12 unused Assets to reduce memory usage. Loaded Objects now: 2665.
Total: 2.077500 ms (FindLiveObjects: 0.235100 ms CreateObjectMapping: 0.068400 ms MarkObjects: 1.645700 ms  DeleteObjects: 0.127600 ms)

AssetImportParameters requested are different than current active one (requested -> active):
  requireTextureImportCompression: false -> true
========================================================================
Received Prepare
Registering precompiled user dll's ...
Registered in 0.000631 seconds.
Begin MonoManager ReloadAssembly
Native extension for WindowsStandalone target not found
Native extension for WebGL target not found
Refreshing native plugins compatible for Editor in 0.36 ms, found 1 plugins.
Preloading 0 native plugins for Editor in 0.00 ms.
Mono: successfully reloaded assembly
- Completed reload, in  0.744 seconds
Platform modules already initialized, skipping
Refreshing native plugins compatible for Editor in 0.36 ms, found 1 plugins.
Preloading 0 native plugins for Editor in 0.00 ms.
Unloading 2134 Unused Serialized files (Serialized files now loaded: 0)
System memory in use before: 101.8 MB.
System memory in use after: 101.7 MB.

Unloading 12 unused Assets to reduce memory usage. Loaded Objects now: 2669.
Total: 2.495200 ms (FindLiveObjects: 0.276900 ms CreateObjectMapping: 0.110500 ms MarkObjects: 1.958600 ms  DeleteObjects: 0.148200 ms)

AssetImportParameters requested are different than current active one (requested -> active):
  requireTextureImportCompression: false -> true
========================================================================
Received Prepare
Registering precompiled user dll's ...
Registered in 0.000679 seconds.
Begin MonoManager ReloadAssembly
Native extension for WindowsStandalone target not found
Native extension for WebGL target not found
Refreshing native plugins compatible for Editor in 0.34 ms, found 1 plugins.
Preloading 0 native plugins for Editor in 0.00 ms.
Mono: successfully reloaded assembly
- Completed reload, in  0.717 seconds
Platform modules already initialized, skipping
Refreshing native plugins compatible for Editor in 0.34 ms, found 1 plugins.
Preloading 0 native plugins for Editor in 0.00 ms.
Unloading 2134 Unused Serialized files (Serialized files now loaded: 0)
System memory in use before: 101.8 MB.
System memory in use after: 101.8 MB.

Unloading 12 unused Assets to reduce memory usage. Loaded Objects now: 2673.
Total: 1.767500 ms (FindLiveObjects: 0.179400 ms CreateObjectMapping: 0.076300 ms MarkObjects: 1.425000 ms  DeleteObjects: 0.086100 ms)

AssetImportParameters requested are different than current active one (requested -> active):
  requireTextureImportCompression: false -> true
========================================================================
Received Prepare
Registering precompiled user dll's ...
Registered in 0.000803 seconds.
Begin MonoManager ReloadAssembly
Native extension for WindowsStandalone target not found
Native extension for WebGL target not found
Refreshing native plugins compatible for Editor in 0.35 ms, found 1 plugins.
Preloading 0 native plugins for Editor in 0.00 ms.
Mono: successfully reloaded assembly
- Completed reload, in  0.798 seconds
Platform modules already initialized, skipping
Refreshing native plugins compatible for Editor in 0.37 ms, found 1 plugins.
Preloading 0 native plugins for Editor in 0.00 ms.
Unloading 2134 Unused Serialized files (Serialized files now loaded: 0)
System memory in use before: 101.8 MB.
System memory in use after: 101.8 MB.

Unloading 12 unused Assets to reduce memory usage. Loaded Objects now: 2677.
Total: 1.952500 ms (FindLiveObjects: 0.201300 ms CreateObjectMapping: 0.078400 ms MarkObjects: 1.576700 ms  DeleteObjects: 0.095100 ms)

AssetImportParameters requested are different than current active one (requested -> active):
  requireTextureImportCompression: false -> true
========================================================================
Received Prepare
Registering precompiled user dll's ...
Registered in 0.000706 seconds.
Begin MonoManager ReloadAssembly
Native extension for WindowsStandalone target not found
Native extension for WebGL target not found
Refreshing native plugins compatible for Editor in 0.34 ms, found 1 plugins.
Preloading 0 native plugins for Editor in 0.00 ms.
Mono: successfully reloaded assembly
- Completed reload, in  0.767 seconds
Platform modules already initialized, skipping
Refreshing native plugins compatible for Editor in 0.35 ms, found 1 plugins.
Preloading 0 native plugins for Editor in 0.00 ms.
Unloading 2134 Unused Serialized files (Serialized files now loaded: 0)
System memory in use before: 101.8 MB.
System memory in use after: 101.8 MB.

Unloading 12 unused Assets to reduce memory usage. Loaded Objects now: 2681.
Total: 2.297200 ms (FindLiveObjects: 0.212300 ms CreateObjectMapping: 0.079400 ms MarkObjects: 1.860800 ms  DeleteObjects: 0.143900 ms)

AssetImportParameters requested are different than current active one (requested -> active):
  requireTextureImportCompression: false -> true
========================================================================
Received Import Request.
  Time since last request: 6289.188852 seconds.
  path: Assets/Scenes/Game.unity
  artifactKey: Guid(5a4263b681d10e84e83d5e9e3ea69ec1) Importer(815301076,1909f56bfc062723c751e8b465ee728b)
Start importing Assets/Scenes/Game.unity using Guid(5a4263b681d10e84e83d5e9e3ea69ec1) Importer(815301076,1909f56bfc062723c751e8b465ee728b)  -> (artifact id: 'e608970ae9723521c08c977203bb0659') in 0.012518 seconds
  Import took 0.018180 seconds .

========================================================================
Received Prepare
Registering precompiled user dll's ...
Registered in 0.000828 seconds.
Begin MonoManager ReloadAssembly
Native extension for WindowsStandalone target not found
Native extension for WebGL target not found
Refreshing native plugins compatible for Editor in 0.34 ms, found 1 plugins.
Preloading 0 native plugins for Editor in 0.00 ms.
Mono: successfully reloaded assembly
- Completed reload, in  0.731 seconds
Platform modules already initialized, skipping
Refreshing native plugins compatible for Editor in 0.35 ms, found 1 plugins.
Preloading 0 native plugins for Editor in 0.00 ms.
Unloading 2134 Unused Serialized files (Serialized files now loaded: 0)
System memory in use before: 101.8 MB.
System memory in use after: 101.8 MB.

Unloading 12 unused Assets to reduce memory usage. Loaded Objects now: 2685.
Total: 2.041100 ms (FindLiveObjects: 0.201500 ms CreateObjectMapping: 0.072800 ms MarkObjects: 1.672600 ms  DeleteObjects: 0.093200 ms)

AssetImportParameters requested are different than current active one (requested -> active):
  requireTextureImportCompression: false -> true
========================================================================
Received Prepare
Registering precompiled user dll's ...
Registered in 0.000686 seconds.
Begin MonoManager ReloadAssembly
Native extension for WindowsStandalone target not found
Native extension for WebGL target not found
Refreshing native plugins compatible for Editor in 0.35 ms, found 1 plugins.
Preloading 0 native plugins for Editor in 0.00 ms.
Mono: successfully reloaded assembly
- Completed reload, in  0.755 seconds
Platform modules already initialized, skipping
Refreshing native plugins compatible for Editor in 0.38 ms, found 1 plugins.
Preloading 0 native plugins for Editor in 0.00 ms.
Unloading 2134 Unused Serialized files (Serialized files now loaded: 0)
System memory in use before: 101.8 MB.
System memory in use after: 101.8 MB.

Unloading 12 unused Assets to reduce memory usage. Loaded Objects now: 2689.
Total: 1.907000 ms (FindLiveObjects: 0.212200 ms CreateObjectMapping: 0.069500 ms MarkObjects: 1.535200 ms  DeleteObjects: 0.089300 ms)

AssetImportParameters requested are different than current active one (requested -> active):
  requireTextureImportCompression: false -> true
========================================================================
Received Prepare
Registering precompiled user dll's ...
Registered in 0.000715 seconds.
Begin MonoManager ReloadAssembly
Native extension for WindowsStandalone target not found
Native extension for WebGL target not found
Refreshing native plugins compatible for Editor in 0.37 ms, found 1 plugins.
Preloading 0 native plugins for Editor in 0.00 ms.
Mono: successfully reloaded assembly
- Completed reload, in  0.754 seconds
Platform modules already initialized, skipping
Refreshing native plugins compatible for Editor in 0.35 ms, found 1 plugins.
Preloading 0 native plugins for Editor in 0.00 ms.
Unloading 2134 Unused Serialized files (Serialized files now loaded: 0)
System memory in use before: 101.8 MB.
System memory in use after: 101.8 MB.

Unloading 12 unused Assets to reduce memory usage. Loaded Objects now: 2693.
Total: 2.011900 ms (FindLiveObjects: 0.217000 ms CreateObjectMapping: 0.097800 ms MarkObjects: 1.581300 ms  DeleteObjects: 0.115000 ms)

AssetImportParameters requested are different than current active one (requested -> active):
  requireTextureImportCompression: false -> true
========================================================================
Received Prepare
Registering precompiled user dll's ...
Registered in 0.000978 seconds.
Begin MonoManager ReloadAssembly
Native extension for WindowsStandalone target not found
Native extension for WebGL target not found
Refreshing native plugins compatible for Editor in 0.40 ms, found 1 plugins.
Preloading 0 native plugins for Editor in 0.00 ms.
Mono: successfully reloaded assembly
- Completed reload, in  0.769 seconds
Platform modules already initialized, skipping
Refreshing native plugins compatible for Editor in 0.36 ms, found 1 plugins.
Preloading 0 native plugins for Editor in 0.00 ms.
Unloading 2134 Unused Serialized files (Serialized files now loaded: 0)
System memory in use before: 101.8 MB.
System memory in use after: 101.8 MB.

Unloading 12 unused Assets to reduce memory usage. Loaded Objects now: 2697.
Total: 2.290900 ms (FindLiveObjects: 0.220800 ms CreateObjectMapping: 0.086300 ms MarkObjects: 1.843800 ms  DeleteObjects: 0.139200 ms)

AssetImportParameters requested are different than current active one (requested -> active):
  requireTextureImportCompression: false -> true
========================================================================
Received Prepare
Registering precompiled user dll's ...
Registered in 0.000709 seconds.
Begin MonoManager ReloadAssembly
Native extension for WindowsStandalone target not found
Native extension for WebGL target not found
Refreshing native plugins compatible for Editor in 0.35 ms, found 1 plugins.
Preloading 0 native plugins for Editor in 0.00 ms.
Mono: successfully reloaded assembly
- Completed reload, in  0.786 seconds
Platform modules already initialized, skipping
Refreshing native plugins compatible for Editor in 0.39 ms, found 1 plugins.
Preloading 0 native plugins for Editor in 0.00 ms.
Unloading 2134 Unused Serialized files (Serialized files now loaded: 0)
System memory in use before: 101.8 MB.
System memory in use after: 101.8 MB.

Unloading 12 unused Assets to reduce memory usage. Loaded Objects now: 2701.
Total: 2.123200 ms (FindLiveObjects: 0.194300 ms CreateObjectMapping: 0.075700 ms MarkObjects: 1.717900 ms  DeleteObjects: 0.134500 ms)

AssetImportParameters requested are different than current active one (requested -> active):
  requireTextureImportCompression: false -> true
========================================================================
Received Prepare
Registering precompiled user dll's ...
Registered in 0.000671 seconds.
Begin MonoManager ReloadAssembly
Native extension for WindowsStandalone target not found
Native extension for WebGL target not found
Refreshing native plugins compatible for Editor in 0.43 ms, found 1 plugins.
Preloading 0 native plugins for Editor in 0.00 ms.
Mono: successfully reloaded assembly
- Completed reload, in  0.730 seconds
Platform modules already initialized, skipping
Refreshing native plugins compatible for Editor in 0.38 ms, found 1 plugins.
Preloading 0 native plugins for Editor in 0.00 ms.
Unloading 2134 Unused Serialized files (Serialized files now loaded: 0)
System memory in use before: 101.9 MB.
System memory in use after: 101.8 MB.

Unloading 12 unused Assets to reduce memory usage. Loaded Objects now: 2705.
Total: 1.887000 ms (FindLiveObjects: 0.220200 ms CreateObjectMapping: 0.092600 ms MarkObjects: 1.481100 ms  DeleteObjects: 0.092300 ms)

AssetImportParameters requested are different than current active one (requested -> active):
  requireTextureImportCompression: false -> true
========================================================================
Received Prepare
Registering precompiled user dll's ...
Registered in 0.001113 seconds.
Begin MonoManager ReloadAssembly
Native extension for WindowsStandalone target not found
Native extension for WebGL target not found
Refreshing native plugins compatible for Editor in 0.34 ms, found 1 plugins.
Preloading 0 native plugins for Editor in 0.00 ms.
Mono: successfully reloaded assembly
- Completed reload, in  0.769 seconds
Platform modules already initialized, skipping
Refreshing native plugins compatible for Editor in 0.36 ms, found 1 plugins.
Preloading 0 native plugins for Editor in 0.00 ms.
Unloading 2134 Unused Serialized files (Serialized files now loaded: 0)
System memory in use before: 101.9 MB.
System memory in use after: 101.8 MB.

Unloading 12 unused Assets to reduce memory usage. Loaded Objects now: 2709.
Total: 1.975600 ms (FindLiveObjects: 0.196200 ms CreateObjectMapping: 0.069200 ms MarkObjects: 1.581300 ms  DeleteObjects: 0.128200 ms)

AssetImportParameters requested are different than current active one (requested -> active):
  requireTextureImportCompression: false -> true
========================================================================
Received Prepare
Registering precompiled user dll's ...
Registered in 0.000733 seconds.
Begin MonoManager ReloadAssembly
Native extension for WindowsStandalone target not found
Native extension for WebGL target not found
Refreshing native plugins compatible for Editor in 0.34 ms, found 1 plugins.
Preloading 0 native plugins for Editor in 0.00 ms.
Mono: successfully reloaded assembly
- Completed reload, in  0.767 seconds
Platform modules already initialized, skipping
Refreshing native plugins compatible for Editor in 0.36 ms, found 1 plugins.
Preloading 0 native plugins for Editor in 0.00 ms.
Unloading 2134 Unused Serialized files (Serialized files now loaded: 0)
System memory in use before: 101.9 MB.
System memory in use after: 101.9 MB.

Unloading 12 unused Assets to reduce memory usage. Loaded Objects now: 2713.
Total: 2.079400 ms (FindLiveObjects: 0.248900 ms CreateObjectMapping: 0.100400 ms MarkObjects: 1.638000 ms  DeleteObjects: 0.091200 ms)

AssetImportParameters requested are different than current active one (requested -> active):
  requireTextureImportCompression: false -> true
========================================================================
Received Prepare
Registering precompiled user dll's ...
Registered in 0.000895 seconds.
Begin MonoManager ReloadAssembly
Native extension for WindowsStandalone target not found
Native extension for WebGL target not found
Refreshing native plugins compatible for Editor in 0.34 ms, found 1 plugins.
Preloading 0 native plugins for Editor in 0.00 ms.
Mono: successfully reloaded assembly
- Completed reload, in  0.800 seconds
Platform modules already initialized, skipping
Refreshing native plugins compatible for Editor in 0.36 ms, found 1 plugins.
Preloading 0 native plugins for Editor in 0.00 ms.
Unloading 2134 Unused Serialized files (Serialized files now loaded: 0)
System memory in use before: 102.0 MB.
System memory in use after: 102.0 MB.

Unloading 12 unused Assets to reduce memory usage. Loaded Objects now: 2717.
Total: 1.975600 ms (FindLiveObjects: 0.225100 ms CreateObjectMapping: 0.085200 ms MarkObjects: 1.559300 ms  DeleteObjects: 0.105000 ms)

AssetImportParameters requested are different than current active one (requested -> active):
  requireTextureImportCompression: false -> true
========================================================================
Received Prepare
Registering precompiled user dll's ...
Registered in 0.000702 seconds.
Begin MonoManager ReloadAssembly
Native extension for WindowsStandalone target not found
Native extension for WebGL target not found
Refreshing native plugins compatible for Editor in 0.36 ms, found 1 plugins.
Preloading 0 native plugins for Editor in 0.00 ms.
Mono: successfully reloaded assembly
- Completed reload, in  0.778 seconds
Platform modules already initialized, skipping
Refreshing native plugins compatible for Editor in 0.38 ms, found 1 plugins.
Preloading 0 native plugins for Editor in 0.00 ms.
Unloading 2134 Unused Serialized files (Serialized files now loaded: 0)
System memory in use before: 102.0 MB.
System memory in use after: 102.0 MB.

Unloading 12 unused Assets to reduce memory usage. Loaded Objects now: 2721.
Total: 1.938400 ms (FindLiveObjects: 0.226200 ms CreateObjectMapping: 0.091100 ms MarkObjects: 1.527400 ms  DeleteObjects: 0.092800 ms)

AssetImportParameters requested are different than current active one (requested -> active):
  requireTextureImportCompression: false -> true
========================================================================
Received Prepare
Registering precompiled user dll's ...
Registered in 0.000863 seconds.
Begin MonoManager ReloadAssembly
Native extension for WindowsStandalone target not found
Native extension for WebGL target not found
Refreshing native plugins compatible for Editor in 0.66 ms, found 1 plugins.
Preloading 0 native plugins for Editor in 0.00 ms.
Mono: successfully reloaded assembly
- Completed reload, in  0.860 seconds
Platform modules already initialized, skipping
Refreshing native plugins compatible for Editor in 0.37 ms, found 1 plugins.
Preloading 0 native plugins for Editor in 0.00 ms.
Unloading 2134 Unused Serialized files (Serialized files now loaded: 0)
System memory in use before: 102.0 MB.
System memory in use after: 102.1 MB.

Unloading 12 unused Assets to reduce memory usage. Loaded Objects now: 2725.
Total: 1.998300 ms (FindLiveObjects: 0.214000 ms CreateObjectMapping: 0.094100 ms MarkObjects: 1.593100 ms  DeleteObjects: 0.095900 ms)

AssetImportParameters requested are different than current active one (requested -> active):
  requireTextureImportCompression: false -> true
========================================================================
Received Import Request.
  Time since last request: 5917.010068 seconds.
  path: Assets/Scenes/Game.unity
  artifactKey: Guid(5a4263b681d10e84e83d5e9e3ea69ec1) Importer(815301076,1909f56bfc062723c751e8b465ee728b)
Start importing Assets/Scenes/Game.unity using Guid(5a4263b681d10e84e83d5e9e3ea69ec1) Importer(815301076,1909f56bfc062723c751e8b465ee728b)  -> (artifact id: '90208733946663dfc772195272c849d7') in 0.015230 seconds
  Import took 0.019281 seconds .

========================================================================
Received Prepare
Registering precompiled user dll's ...
Registered in 0.000711 seconds.
Begin MonoManager ReloadAssembly
Native extension for WindowsStandalone target not found
Native extension for WebGL target not found
Refreshing native plugins compatible for Editor in 0.36 ms, found 1 plugins.
Preloading 0 native plugins for Editor in 0.00 ms.
Mono: successfully reloaded assembly
- Completed reload, in  0.790 seconds
Platform modules already initialized, skipping
Refreshing native plugins compatible for Editor in 0.36 ms, found 1 plugins.
Preloading 0 native plugins for Editor in 0.00 ms.
Unloading 2134 Unused Serialized files (Serialized files now loaded: 0)
System memory in use before: 102.0 MB.
System memory in use after: 102.1 MB.

Unloading 12 unused Assets to reduce memory usage. Loaded Objects now: 2729.
Total: 1.971500 ms (FindLiveObjects: 0.239000 ms CreateObjectMapping: 0.077200 ms MarkObjects: 1.541000 ms  DeleteObjects: 0.113300 ms)

AssetImportParameters requested are different than current active one (requested -> active):
  requireTextureImportCompression: false -> true
========================================================================
Received Prepare
Registering precompiled user dll's ...
Registered in 0.000717 seconds.
Begin MonoManager ReloadAssembly
Native extension for WindowsStandalone target not found
Native extension for WebGL target not found
Refreshing native plugins compatible for Editor in 0.35 ms, found 1 plugins.
Preloading 0 native plugins for Editor in 0.00 ms.
Mono: successfully reloaded assembly
- Completed reload, in  0.784 seconds
Platform modules already initialized, skipping
Refreshing native plugins compatible for Editor in 0.35 ms, found 1 plugins.
Preloading 0 native plugins for Editor in 0.00 ms.
Unloading 2134 Unused Serialized files (Serialized files now loaded: 0)
System memory in use before: 102.0 MB.
System memory in use after: 102.1 MB.

Unloading 12 unused Assets to reduce memory usage. Loaded Objects now: 2733.
Total: 2.044600 ms (FindLiveObjects: 0.197000 ms CreateObjectMapping: 0.088400 ms MarkObjects: 1.654000 ms  DeleteObjects: 0.104400 ms)

AssetImportParameters requested are different than current active one (requested -> active):
  requireTextureImportCompression: false -> true
========================================================================
Received Import Request.
  Time since last request: 258.121836 seconds.
  path: Assets/MapData/CastleNew.asset
  artifactKey: Guid(cc3d7d7d5f2cf60488c7d948b44386f3) Importer(815301076,1909f56bfc062723c751e8b465ee728b)
Start importing Assets/MapData/CastleNew.asset using Guid(cc3d7d7d5f2cf60488c7d948b44386f3) Importer(815301076,1909f56bfc062723c751e8b465ee728b)  -> (artifact id: '81a42e084879fb2a46dcc2d589bd7375') in 0.013276 seconds
  Import took 0.016839 seconds .

========================================================================
Received Import Request.
  Time since last request: 0.069782 seconds.
  path: Assets/MapData/CastleNew.asset
  artifactKey: Guid(cc3d7d7d5f2cf60488c7d948b44386f3) Importer(815301076,1909f56bfc062723c751e8b465ee728b)
Start importing Assets/MapData/CastleNew.asset using Guid(cc3d7d7d5f2cf60488c7d948b44386f3) Importer(815301076,1909f56bfc062723c751e8b465ee728b)  -> (artifact id: '81a42e084879fb2a46dcc2d589bd7375') in 0.005215 seconds
  Import took 0.008042 seconds .

========================================================================
Received Import Request.
  Time since last request: 4.109752 seconds.
  path: Assets/MapData/Castle.asset
  artifactKey: Guid(c3b1904031c7f3c40a7ea46a3705a2c0) Importer(815301076,1909f56bfc062723c751e8b465ee728b)
Start importing Assets/MapData/Castle.asset using Guid(c3b1904031c7f3c40a7ea46a3705a2c0) Importer(815301076,1909f56bfc062723c751e8b465ee728b)  -> (artifact id: 'a11d631498607fc0607e619827cee6f1') in 0.004243 seconds
  Import took 0.007312 seconds .

========================================================================
Received Import Request.
  Time since last request: 0.056178 seconds.
  path: Assets/MapData/Castle.asset
  artifactKey: Guid(c3b1904031c7f3c40a7ea46a3705a2c0) Importer(815301076,1909f56bfc062723c751e8b465ee728b)
Start importing Assets/MapData/Castle.asset using Guid(c3b1904031c7f3c40a7ea46a3705a2c0) Importer(815301076,1909f56bfc062723c751e8b465ee728b)  -> (artifact id: 'a11d631498607fc0607e619827cee6f1') in 0.004436 seconds
  Import took 0.007273 seconds .

========================================================================
Received Import Request.
  Time since last request: 57.955706 seconds.
  path: Assets/Prefabs/Rooms/Castle/CastleRoom_U.prefab
  artifactKey: Guid(e66138367760c80449db222474f85589) Importer(815301076,1909f56bfc062723c751e8b465ee728b)
Start importing Assets/Prefabs/Rooms/Castle/CastleRoom_U.prefab using Guid(e66138367760c80449db222474f85589) Importer(815301076,1909f56bfc062723c751e8b465ee728b)  -> (artifact id: '172ff8e675eeebbc862d839b9231d149') in 0.074196 seconds
  Import took 0.077472 seconds .

========================================================================
Received Import Request.
  Time since last request: 99.420590 seconds.
  path: Assets/MapData/CastleNew.asset
  artifactKey: Guid(cc3d7d7d5f2cf60488c7d948b44386f3) Importer(815301076,1909f56bfc062723c751e8b465ee728b)
Start importing Assets/MapData/CastleNew.asset using Guid(cc3d7d7d5f2cf60488c7d948b44386f3) Importer(815301076,1909f56bfc062723c751e8b465ee728b)  -> (artifact id: '7a3980e7dcf2ff89ebd74e3c81a65f9d') in 0.004151 seconds
  Import took 0.096489 seconds .

========================================================================
Received Prepare
Registering precompiled user dll's ...
Registered in 0.000749 seconds.
Begin MonoManager ReloadAssembly
Native extension for WindowsStandalone target not found
Native extension for WebGL target not found
Refreshing native plugins compatible for Editor in 0.37 ms, found 1 plugins.
Preloading 0 native plugins for Editor in 0.00 ms.
Mono: successfully reloaded assembly
- Completed reload, in  0.794 seconds
Platform modules already initialized, skipping
Refreshing native plugins compatible for Editor in 0.36 ms, found 1 plugins.
Preloading 0 native plugins for Editor in 0.00 ms.
Unloading 2134 Unused Serialized files (Serialized files now loaded: 0)
System memory in use before: 102.0 MB.
System memory in use after: 102.1 MB.

Unloading 12 unused Assets to reduce memory usage. Loaded Objects now: 2738.
Total: 2.329100 ms (FindLiveObjects: 0.331000 ms CreateObjectMapping: 0.132300 ms MarkObjects: 1.736300 ms  DeleteObjects: 0.128700 ms)

AssetImportParameters requested are different than current active one (requested -> active):
  requireTextureImportCompression: false -> true
========================================================================
Received Prepare
Registering precompiled user dll's ...
Registered in 0.000773 seconds.
Begin MonoManager ReloadAssembly
Native extension for WindowsStandalone target not found
Native extension for WebGL target not found
Refreshing native plugins compatible for Editor in 0.41 ms, found 1 plugins.
Preloading 0 native plugins for Editor in 0.00 ms.
Mono: successfully reloaded assembly
- Completed reload, in  0.785 seconds
Platform modules already initialized, skipping
Refreshing native plugins compatible for Editor in 0.37 ms, found 1 plugins.
Preloading 0 native plugins for Editor in 0.00 ms.
Unloading 2134 Unused Serialized files (Serialized files now loaded: 0)
System memory in use before: 102.0 MB.
System memory in use after: 102.1 MB.

Unloading 12 unused Assets to reduce memory usage. Loaded Objects now: 2742.
Total: 2.271400 ms (FindLiveObjects: 0.235100 ms CreateObjectMapping: 0.154400 ms MarkObjects: 1.743300 ms  DeleteObjects: 0.137900 ms)

AssetImportParameters requested are different than current active one (requested -> active):
  requireTextureImportCompression: false -> true
========================================================================
Received Import Request.
  Time since last request: 338.786730 seconds.
  path: Assets/MapData/CastleNew.asset
  artifactKey: Guid(cc3d7d7d5f2cf60488c7d948b44386f3) Importer(815301076,1909f56bfc062723c751e8b465ee728b)
Start importing Assets/MapData/CastleNew.asset using Guid(cc3d7d7d5f2cf60488c7d948b44386f3) Importer(815301076,1909f56bfc062723c751e8b465ee728b)  -> (artifact id: '67200f820c31649704dbc2f512f4476c') in 0.012745 seconds
  Import took 0.016061 seconds .

========================================================================
Received Import Request.
  Time since last request: 0.092175 seconds.
  path: Assets/MapData/CastleNew.asset
  artifactKey: Guid(cc3d7d7d5f2cf60488c7d948b44386f3) Importer(815301076,1909f56bfc062723c751e8b465ee728b)
Start importing Assets/MapData/CastleNew.asset using Guid(cc3d7d7d5f2cf60488c7d948b44386f3) Importer(815301076,1909f56bfc062723c751e8b465ee728b)  -> (artifact id: '67200f820c31649704dbc2f512f4476c') in 0.004721 seconds
  Import took 0.007883 seconds .

========================================================================
Received Prepare
Registering precompiled user dll's ...
Registered in 0.000767 seconds.
Begin MonoManager ReloadAssembly
Native extension for WindowsStandalone target not found
Native extension for WebGL target not found
Refreshing native plugins compatible for Editor in 0.35 ms, found 1 plugins.
Preloading 0 native plugins for Editor in 0.00 ms.
Mono: successfully reloaded assembly
- Completed reload, in  0.779 seconds
Platform modules already initialized, skipping
Refreshing native plugins compatible for Editor in 0.35 ms, found 1 plugins.
Preloading 0 native plugins for Editor in 0.00 ms.
Unloading 2134 Unused Serialized files (Serialized files now loaded: 0)
System memory in use before: 102.1 MB.
System memory in use after: 102.1 MB.

Unloading 12 unused Assets to reduce memory usage. Loaded Objects now: 2746.
Total: 2.008700 ms (FindLiveObjects: 0.266400 ms CreateObjectMapping: 0.095800 ms MarkObjects: 1.506400 ms  DeleteObjects: 0.139400 ms)

AssetImportParameters requested are different than current active one (requested -> active):
  requireTextureImportCompression: false -> true
========================================================================
Received Prepare
Registering precompiled user dll's ...
Registered in 0.000755 seconds.
Begin MonoManager ReloadAssembly
Native extension for WindowsStandalone target not found
Native extension for WebGL target not found
Refreshing native plugins compatible for Editor in 0.37 ms, found 1 plugins.
Preloading 0 native plugins for Editor in 0.00 ms.
Mono: successfully reloaded assembly
- Completed reload, in  0.775 seconds
Platform modules already initialized, skipping
Refreshing native plugins compatible for Editor in 0.36 ms, found 1 plugins.
Preloading 0 native plugins for Editor in 0.00 ms.
Unloading 2134 Unused Serialized files (Serialized files now loaded: 0)
System memory in use before: 102.1 MB.
System memory in use after: 102.1 MB.

Unloading 12 unused Assets to reduce memory usage. Loaded Objects now: 2750.
Total: 2.042400 ms (FindLiveObjects: 0.229200 ms CreateObjectMapping: 0.095900 ms MarkObjects: 1.584100 ms  DeleteObjects: 0.132400 ms)

AssetImportParameters requested are different than current active one (requested -> active):
  requireTextureImportCompression: false -> true
========================================================================
Received Import Request.
  Time since last request: 204.427311 seconds.
  path: Assets/MapData/CastleNew.asset
  artifactKey: Guid(cc3d7d7d5f2cf60488c7d948b44386f3) Importer(815301076,1909f56bfc062723c751e8b465ee728b)
Start importing Assets/MapData/CastleNew.asset using Guid(cc3d7d7d5f2cf60488c7d948b44386f3) Importer(815301076,1909f56bfc062723c751e8b465ee728b)  -> (artifact id: '4a98e43dd3137de911d80dae5e60f1cf') in 0.013081 seconds
  Import took 0.016279 seconds .

========================================================================
Received Import Request.
  Time since last request: 0.095085 seconds.
  path: Assets/MapData/CastleNew.asset
  artifactKey: Guid(cc3d7d7d5f2cf60488c7d948b44386f3) Importer(815301076,1909f56bfc062723c751e8b465ee728b)
Start importing Assets/MapData/CastleNew.asset using Guid(cc3d7d7d5f2cf60488c7d948b44386f3) Importer(815301076,1909f56bfc062723c751e8b465ee728b)  -> (artifact id: '4a98e43dd3137de911d80dae5e60f1cf') in 0.004681 seconds
  Import took 0.007608 seconds .

========================================================================
Received Prepare
Registering precompiled user dll's ...
Registered in 0.000696 seconds.
Begin MonoManager ReloadAssembly
Native extension for WindowsStandalone target not found
Native extension for WebGL target not found
Refreshing native plugins compatible for Editor in 0.35 ms, found 1 plugins.
Preloading 0 native plugins for Editor in 0.00 ms.
Mono: successfully reloaded assembly
- Completed reload, in  0.774 seconds
Platform modules already initialized, skipping
Refreshing native plugins compatible for Editor in 0.35 ms, found 1 plugins.
Preloading 0 native plugins for Editor in 0.00 ms.
Unloading 2134 Unused Serialized files (Serialized files now loaded: 0)
System memory in use before: 102.1 MB.
System memory in use after: 102.2 MB.

Unloading 12 unused Assets to reduce memory usage. Loaded Objects now: 2754.
Total: 2.311200 ms (FindLiveObjects: 0.197200 ms CreateObjectMapping: 0.131100 ms MarkObjects: 1.845100 ms  DeleteObjects: 0.137200 ms)

AssetImportParameters requested are different than current active one (requested -> active):
  requireTextureImportCompression: false -> true
========================================================================
Received Prepare
Registering precompiled user dll's ...
Registered in 0.000771 seconds.
Begin MonoManager ReloadAssembly
Native extension for WindowsStandalone target not found
Native extension for WebGL target not found
Refreshing native plugins compatible for Editor in 0.34 ms, found 1 plugins.
Preloading 0 native plugins for Editor in 0.00 ms.
Mono: successfully reloaded assembly
- Completed reload, in  0.787 seconds
Platform modules already initialized, skipping
Refreshing native plugins compatible for Editor in 0.35 ms, found 1 plugins.
Preloading 0 native plugins for Editor in 0.00 ms.
Unloading 2134 Unused Serialized files (Serialized files now loaded: 0)
System memory in use before: 102.1 MB.
System memory in use after: 102.2 MB.

Unloading 12 unused Assets to reduce memory usage. Loaded Objects now: 2758.
Total: 2.110000 ms (FindLiveObjects: 0.240400 ms CreateObjectMapping: 0.102100 ms MarkObjects: 1.667600 ms  DeleteObjects: 0.098900 ms)

AssetImportParameters requested are different than current active one (requested -> active):
  requireTextureImportCompression: false -> true
========================================================================
Received Prepare
Registering precompiled user dll's ...
Registered in 0.000987 seconds.
Begin MonoManager ReloadAssembly
Native extension for WindowsStandalone target not found
Native extension for WebGL target not found
Refreshing native plugins compatible for Editor in 0.36 ms, found 1 plugins.
Preloading 0 native plugins for Editor in 0.00 ms.
Mono: successfully reloaded assembly
- Completed reload, in  0.760 seconds
Platform modules already initialized, skipping
Refreshing native plugins compatible for Editor in 0.38 ms, found 1 plugins.
Preloading 0 native plugins for Editor in 0.00 ms.
Unloading 2134 Unused Serialized files (Serialized files now loaded: 0)
System memory in use before: 102.1 MB.
System memory in use after: 102.2 MB.

Unloading 12 unused Assets to reduce memory usage. Loaded Objects now: 2762.
Total: 2.036000 ms (FindLiveObjects: 0.205100 ms CreateObjectMapping: 0.094900 ms MarkObjects: 1.640900 ms  DeleteObjects: 0.094500 ms)

AssetImportParameters requested are different than current active one (requested -> active):
  requireTextureImportCompression: false -> true
========================================================================
Received Import Request.
  Time since last request: 315.527262 seconds.
  path: Assets/Scenes/Game.unity
  artifactKey: Guid(5a4263b681d10e84e83d5e9e3ea69ec1) Importer(815301076,1909f56bfc062723c751e8b465ee728b)
Start importing Assets/Scenes/Game.unity using Guid(5a4263b681d10e84e83d5e9e3ea69ec1) Importer(815301076,1909f56bfc062723c751e8b465ee728b)  -> (artifact id: 'd4b589a5a67a934ccb3cd6ba0a68e83e') in 0.014574 seconds
  Import took 0.017846 seconds .

========================================================================
Received Prepare
Registering precompiled user dll's ...
Registered in 0.001000 seconds.
Begin MonoManager ReloadAssembly
Native extension for WindowsStandalone target not found
Native extension for WebGL target not found
Refreshing native plugins compatible for Editor in 0.35 ms, found 1 plugins.
Preloading 0 native plugins for Editor in 0.00 ms.
Mono: successfully reloaded assembly
- Completed reload, in  0.806 seconds
Platform modules already initialized, skipping
Refreshing native plugins compatible for Editor in 0.36 ms, found 1 plugins.
Preloading 0 native plugins for Editor in 0.00 ms.
Unloading 2134 Unused Serialized files (Serialized files now loaded: 0)
System memory in use before: 102.1 MB.
System memory in use after: 102.2 MB.

Unloading 12 unused Assets to reduce memory usage. Loaded Objects now: 2766.
Total: 1.866900 ms (FindLiveObjects: 0.218300 ms CreateObjectMapping: 0.087500 ms MarkObjects: 1.469800 ms  DeleteObjects: 0.090200 ms)

AssetImportParameters requested are different than current active one (requested -> active):
  requireTextureImportCompression: false -> true
========================================================================
Received Prepare
Registering precompiled user dll's ...
Registered in 0.000709 seconds.
Begin MonoManager ReloadAssembly
Native extension for WindowsStandalone target not found
Native extension for WebGL target not found
Refreshing native plugins compatible for Editor in 0.34 ms, found 1 plugins.
Preloading 0 native plugins for Editor in 0.00 ms.
Mono: successfully reloaded assembly
- Completed reload, in  0.786 seconds
Platform modules already initialized, skipping
Refreshing native plugins compatible for Editor in 0.36 ms, found 1 plugins.
Preloading 0 native plugins for Editor in 0.00 ms.
Unloading 2134 Unused Serialized files (Serialized files now loaded: 0)
System memory in use before: 102.1 MB.
System memory in use after: 102.2 MB.

Unloading 12 unused Assets to reduce memory usage. Loaded Objects now: 2770.
Total: 2.263600 ms (FindLiveObjects: 0.312900 ms CreateObjectMapping: 0.106800 ms MarkObjects: 1.749600 ms  DeleteObjects: 0.093500 ms)

AssetImportParameters requested are different than current active one (requested -> active):
  requireTextureImportCompression: false -> true
========================================================================
Received Prepare
Registering precompiled user dll's ...
Registered in 0.000750 seconds.
Begin MonoManager ReloadAssembly
Native extension for WindowsStandalone target not found
Native extension for WebGL target not found
Refreshing native plugins compatible for Editor in 0.36 ms, found 1 plugins.
Preloading 0 native plugins for Editor in 0.00 ms.
Mono: successfully reloaded assembly
- Completed reload, in  0.803 seconds
Platform modules already initialized, skipping
Refreshing native plugins compatible for Editor in 0.35 ms, found 1 plugins.
Preloading 0 native plugins for Editor in 0.00 ms.
Unloading 2134 Unused Serialized files (Serialized files now loaded: 0)
System memory in use before: 102.1 MB.
System memory in use after: 102.2 MB.

Unloading 12 unused Assets to reduce memory usage. Loaded Objects now: 2774.
Total: 2.767500 ms (FindLiveObjects: 0.465900 ms CreateObjectMapping: 0.331100 ms MarkObjects: 1.821800 ms  DeleteObjects: 0.147400 ms)

AssetImportParameters requested are different than current active one (requested -> active):
  requireTextureImportCompression: false -> true
========================================================================
Received Prepare
Registering precompiled user dll's ...
Registered in 0.000925 seconds.
Begin MonoManager ReloadAssembly
Native extension for WindowsStandalone target not found
Native extension for WebGL target not found
Refreshing native plugins compatible for Editor in 0.34 ms, found 1 plugins.
Preloading 0 native plugins for Editor in 0.00 ms.
Mono: successfully reloaded assembly
- Completed reload, in  0.785 seconds
Platform modules already initialized, skipping
Refreshing native plugins compatible for Editor in 0.37 ms, found 1 plugins.
Preloading 0 native plugins for Editor in 0.00 ms.
Unloading 2134 Unused Serialized files (Serialized files now loaded: 0)
System memory in use before: 102.1 MB.
System memory in use after: 102.2 MB.

Unloading 12 unused Assets to reduce memory usage. Loaded Objects now: 2778.
Total: 2.090600 ms (FindLiveObjects: 0.232600 ms CreateObjectMapping: 0.104200 ms MarkObjects: 1.655800 ms  DeleteObjects: 0.097200 ms)

AssetImportParameters requested are different than current active one (requested -> active):
  requireTextureImportCompression: false -> true
========================================================================
Received Import Request.
  Time since last request: 582.778498 seconds.
  path: ProjectSettings/TagManager.asset
  artifactKey: Guid(00000000000000003000000000000000) Importer(815301076,1909f56bfc062723c751e8b465ee728b)
Start importing ProjectSettings/TagManager.asset using Guid(00000000000000003000000000000000) Importer(815301076,1909f56bfc062723c751e8b465ee728b)  -> (artifact id: '0f0a1c639ca0fb9ed42a16eca91fccca') in 0.039065 seconds
  Import took 0.042804 seconds .

========================================================================
Received Import Request.
  Time since last request: 0.004931 seconds.
  path: ProjectSettings/TagManager.asset
  artifactKey: Guid(00000000000000003000000000000000) Importer(815301076,1909f56bfc062723c751e8b465ee728b)
Start importing ProjectSettings/TagManager.asset using Guid(00000000000000003000000000000000) Importer(815301076,1909f56bfc062723c751e8b465ee728b)  -> (artifact id: '0f0a1c639ca0fb9ed42a16eca91fccca') in 0.003337 seconds
  Import took 0.006979 seconds .

========================================================================
Received Import Request.
  Time since last request: 32.932440 seconds.
  path: Assets/Prefabs/Rooms/Parts/Wall.prefab
  artifactKey: Guid(e27bd00759c6e3f40a547a314c7bed3d) Importer(815301076,1909f56bfc062723c751e8b465ee728b)
Start importing Assets/Prefabs/Rooms/Parts/Wall.prefab using Guid(e27bd00759c6e3f40a547a314c7bed3d) Importer(815301076,1909f56bfc062723c751e8b465ee728b)  -> (artifact id: '32294ee0460557fd4c0197b011c34478') in 0.041671 seconds
  Import took 0.778643 seconds .

========================================================================
Received Prepare
Registering precompiled user dll's ...
Registered in 0.000715 seconds.
Begin MonoManager ReloadAssembly
Native extension for WindowsStandalone target not found
Native extension for WebGL target not found
Refreshing native plugins compatible for Editor in 0.35 ms, found 1 plugins.
Preloading 0 native plugins for Editor in 0.00 ms.
Mono: successfully reloaded assembly
- Completed reload, in  0.756 seconds
Platform modules already initialized, skipping
Refreshing native plugins compatible for Editor in 0.37 ms, found 1 plugins.
Preloading 0 native plugins for Editor in 0.00 ms.
Unloading 2134 Unused Serialized files (Serialized files now loaded: 0)
System memory in use before: 102.1 MB.
System memory in use after: 102.2 MB.

Unloading 14 unused Assets to reduce memory usage. Loaded Objects now: 2783.
Total: 1.854300 ms (FindLiveObjects: 0.213700 ms CreateObjectMapping: 0.085000 ms MarkObjects: 1.428300 ms  DeleteObjects: 0.126800 ms)

AssetImportParameters requested are different than current active one (requested -> active):
  requireTextureImportCompression: false -> true
========================================================================
Received Prepare
Registering precompiled user dll's ...
Registered in 0.000869 seconds.
Begin MonoManager ReloadAssembly
Native extension for WindowsStandalone target not found
Native extension for WebGL target not found
Refreshing native plugins compatible for Editor in 0.48 ms, found 1 plugins.
Preloading 0 native plugins for Editor in 0.00 ms.
Mono: successfully reloaded assembly
- Completed reload, in  0.766 seconds
Platform modules already initialized, skipping
Refreshing native plugins compatible for Editor in 0.37 ms, found 1 plugins.
Preloading 0 native plugins for Editor in 0.00 ms.
Unloading 2134 Unused Serialized files (Serialized files now loaded: 0)
System memory in use before: 102.1 MB.
System memory in use after: 102.2 MB.

Unloading 12 unused Assets to reduce memory usage. Loaded Objects now: 2787.
Total: 1.918500 ms (FindLiveObjects: 0.262500 ms CreateObjectMapping: 0.101300 ms MarkObjects: 1.466800 ms  DeleteObjects: 0.087200 ms)

AssetImportParameters requested are different than current active one (requested -> active):
  requireTextureImportCompression: false -> true
========================================================================
Received Prepare
Registering precompiled user dll's ...
Registered in 0.000674 seconds.
Begin MonoManager ReloadAssembly
Native extension for WindowsStandalone target not found
Native extension for WebGL target not found
Refreshing native plugins compatible for Editor in 0.35 ms, found 1 plugins.
Preloading 0 native plugins for Editor in 0.00 ms.
Mono: successfully reloaded assembly
- Completed reload, in  0.759 seconds
Platform modules already initialized, skipping
Refreshing native plugins compatible for Editor in 0.48 ms, found 1 plugins.
Preloading 0 native plugins for Editor in 0.00 ms.
Unloading 2134 Unused Serialized files (Serialized files now loaded: 0)
System memory in use before: 102.2 MB.
System memory in use after: 102.2 MB.

Unloading 12 unused Assets to reduce memory usage. Loaded Objects now: 2791.
Total: 2.264500 ms (FindLiveObjects: 0.227100 ms CreateObjectMapping: 0.078000 ms MarkObjects: 1.795700 ms  DeleteObjects: 0.162100 ms)

AssetImportParameters requested are different than current active one (requested -> active):
  requireTextureImportCompression: false -> true
========================================================================
Received Prepare
Registering precompiled user dll's ...
Registered in 0.000682 seconds.
Begin MonoManager ReloadAssembly
Native extension for WindowsStandalone target not found
Native extension for WebGL target not found
Refreshing native plugins compatible for Editor in 0.35 ms, found 1 plugins.
Preloading 0 native plugins for Editor in 0.00 ms.
Mono: successfully reloaded assembly
- Completed reload, in  0.790 seconds
Platform modules already initialized, skipping
Refreshing native plugins compatible for Editor in 0.35 ms, found 1 plugins.
Preloading 0 native plugins for Editor in 0.00 ms.
Unloading 2134 Unused Serialized files (Serialized files now loaded: 0)
System memory in use before: 102.2 MB.
System memory in use after: 102.2 MB.

Unloading 12 unused Assets to reduce memory usage. Loaded Objects now: 2795.
Total: 2.076700 ms (FindLiveObjects: 0.224400 ms CreateObjectMapping: 0.091500 ms MarkObjects: 1.670800 ms  DeleteObjects: 0.089400 ms)

AssetImportParameters requested are different than current active one (requested -> active):
  requireTextureImportCompression: false -> true
========================================================================
Received Import Request.
  Time since last request: 569.215901 seconds.
  path: Assets/_DOCS/TODO.txt
  artifactKey: Guid(e7a298b6fead74541a23b46d081aeba6) Importer(815301076,1909f56bfc062723c751e8b465ee728b)
Start importing Assets/_DOCS/TODO.txt using Guid(e7a298b6fead74541a23b46d081aeba6) Importer(815301076,1909f56bfc062723c751e8b465ee728b)  -> (artifact id: '2e7f5b18e16620807e4d471a0354440f') in 0.045928 seconds
  Import took 0.049144 seconds .

========================================================================
Received Prepare
Registering precompiled user dll's ...
Registered in 0.000902 seconds.
Begin MonoManager ReloadAssembly
Native extension for WindowsStandalone target not found
Native extension for WebGL target not found
Refreshing native plugins compatible for Editor in 0.34 ms, found 1 plugins.
Preloading 0 native plugins for Editor in 0.00 ms.
Mono: successfully reloaded assembly
- Completed reload, in  0.800 seconds
Platform modules already initialized, skipping
Refreshing native plugins compatible for Editor in 0.35 ms, found 1 plugins.
Preloading 0 native plugins for Editor in 0.00 ms.
Unloading 2134 Unused Serialized files (Serialized files now loaded: 0)
System memory in use before: 102.2 MB.
System memory in use after: 102.3 MB.

Unloading 12 unused Assets to reduce memory usage. Loaded Objects now: 2799.
Total: 1.992000 ms (FindLiveObjects: 0.201900 ms CreateObjectMapping: 0.087600 ms MarkObjects: 1.613000 ms  DeleteObjects: 0.088800 ms)

AssetImportParameters requested are different than current active one (requested -> active):
  requireTextureImportCompression: false -> true
========================================================================
Received Import Request.
  Time since last request: 71.513547 seconds.
  path: Assets/_DOCS/TODO.txt
  artifactKey: Guid(e7a298b6fead74541a23b46d081aeba6) Importer(815301076,1909f56bfc062723c751e8b465ee728b)
Start importing Assets/_DOCS/TODO.txt using Guid(e7a298b6fead74541a23b46d081aeba6) Importer(815301076,1909f56bfc062723c751e8b465ee728b)  -> (artifact id: '2a444e5f15d0194bff21c6e298eeed4d') in 0.011150 seconds
  Import took 0.026714 seconds .

AssetImportWorkerClient::OnTransportError - code=2 error=End of file
