Using pre-set license
Built from '2020.3/staging' branch; Version is '2020.3.5f1 (8095aa901b9b) revision 8426922'; Using compiler version '192528614'; Build Type 'Release'
OS: 'Windows 10 Home; OS build 19042.1288; Version 2009; 64bit' Language: 'en' Physical Memory: 32588 MB
BatchMode: 1, IsHumanControllingUs: 0, StartBugReporterOnCrash: 0, Is64bit: 1, IsPro: 0

 COMMAND LINE ARGUMENTS:
C:\Program Files\Unity\Hub\Editor\2020.3.5f1\Editor\Unity.exe
-adb2
-batchMode
-noUpm
-name
AssetImportWorker0
-projectPath
D:/My Projects/Unity3D/JrProgrammer/JrProgrammingOOPChallenge/Adventurer_JrProgrammerOOPChallenge/Adventurer
-logFile
Logs/AssetImportWorker0.log
-srvPort
55576
Successfully changed project path to: D:/My Projects/Unity3D/JrProgrammer/JrProgrammingOOPChallenge/Adventurer_JrProgrammerOOPChallenge/Adventurer
D:/My Projects/Unity3D/JrProgrammer/JrProgrammingOOPChallenge/Adventurer_JrProgrammerOOPChallenge/Adventurer
Using Asset Import Pipeline V2.
Refreshing native plugins compatible for Editor in 34.67 ms, found 1 plugins.
Preloading 0 native plugins for Editor in 0.00 ms.
Initialize engine version: 2020.3.5f1 (8095aa901b9b)
[Subsystems] Discovering subsystems at path C:/Program Files/Unity/Hub/Editor/2020.3.5f1/Editor/Data/Resources/UnitySubsystems
[Subsystems] Discovering subsystems at path D:/My Projects/Unity3D/JrProgrammer/JrProgrammingOOPChallenge/Adventurer_JrProgrammerOOPChallenge/Adventurer/Assets
GfxDevice: creating device client; threaded=0
Direct3D:
    Version:  Direct3D 11.0 [level 11.1]
    Renderer: NVIDIA GeForce RTX 2060 (ID=0x1f15)
    Vendor:   
    VRAM:     5980 MB
    Driver:   30.0.14.9649
Initialize mono
Mono path[0] = 'C:/Program Files/Unity/Hub/Editor/2020.3.5f1/Editor/Data/Managed'
Mono path[1] = 'C:/Program Files/Unity/Hub/Editor/2020.3.5f1/Editor/Data/MonoBleedingEdge/lib/mono/unityjit'
Mono config path = 'C:/Program Files/Unity/Hub/Editor/2020.3.5f1/Editor/Data/MonoBleedingEdge/etc'
Using monoOptions --debugger-agent=transport=dt_socket,embedding=1,server=y,suspend=n,address=127.0.0.1:56492
Begin MonoManager ReloadAssembly
Registering precompiled unity dll's ...
Register platform support module: C:/Program Files/Unity/Hub/Editor/2020.3.5f1/Editor/Data/PlaybackEngines/WebGLSupport/UnityEditor.WebGL.Extensions.dll
Register platform support module: C:/Program Files/Unity/Hub/Editor/2020.3.5f1/Editor/Data/PlaybackEngines/WindowsStandaloneSupport/UnityEditor.WindowsStandalone.Extensions.dll
Registered in 0.004667 seconds.
Native extension for WindowsStandalone target not found
Native extension for WebGL target not found
Refreshing native plugins compatible for Editor in 35.17 ms, found 1 plugins.
Preloading 0 native plugins for Editor in 0.00 ms.
Mono: successfully reloaded assembly
- Completed reload, in  1.917 seconds
Platform modules already initialized, skipping
Registering precompiled user dll's ...
Registered in 0.000735 seconds.
Begin MonoManager ReloadAssembly
Native extension for WindowsStandalone target not found
Native extension for WebGL target not found
Refreshing native plugins compatible for Editor in 40.02 ms, found 1 plugins.
Preloading 0 native plugins for Editor in 0.00 ms.
Mono: successfully reloaded assembly
- Completed reload, in  0.934 seconds
Platform modules already initialized, skipping
========================================================================
Worker process is ready to serve import requests
Launched and connected shader compiler UnityShaderCompiler.exe after 0.09 seconds
Refreshing native plugins compatible for Editor in 0.34 ms, found 1 plugins.
Preloading 0 native plugins for Editor in 0.00 ms.
Unloading 2104 Unused Serialized files (Serialized files now loaded: 0)
System memory in use before: 96.3 MB.
System memory in use after: 96.3 MB.

Unloading 26 unused Assets to reduce memory usage. Loaded Objects now: 2548.
Total: 2.570300 ms (FindLiveObjects: 0.607900 ms CreateObjectMapping: 0.135000 ms MarkObjects: 1.723400 ms  DeleteObjects: 0.102700 ms)

AssetImportParameters requested are different than current active one (requested -> active):
  requireTextureImportCompression: false -> true
========================================================================
Received Import Request.
  path: Assets/Prefabs
  artifactKey: Guid(3ead7408da5c78343b3186e750aff30c) Importer(815301076,1909f56bfc062723c751e8b465ee728b)
Start importing Assets/Prefabs using Guid(3ead7408da5c78343b3186e750aff30c) Importer(815301076,1909f56bfc062723c751e8b465ee728b)  -> (artifact id: '8196c14c61cc333244554983128e61b7') in 0.006110 seconds
  Import took 0.008865 seconds .

========================================================================
Received Import Request.
  Time since last request: 1.223405 seconds.
  path: Assets/Materials
  artifactKey: Guid(187e33b7095c01e469b3234f9b751b51) Importer(815301076,1909f56bfc062723c751e8b465ee728b)
Start importing Assets/Materials using Guid(187e33b7095c01e469b3234f9b751b51) Importer(815301076,1909f56bfc062723c751e8b465ee728b)  -> (artifact id: '1d400bf797cad2c236c492e29992d14e') in 0.057919 seconds
  Import took 0.060901 seconds .

========================================================================
Received Import Request.
  Time since last request: 4.714498 seconds.
  path: Assets/_DOCS
  artifactKey: Guid(8f1283f4e9c3c254cb07d388d21410c4) Importer(815301076,1909f56bfc062723c751e8b465ee728b)
Start importing Assets/_DOCS using Guid(8f1283f4e9c3c254cb07d388d21410c4) Importer(815301076,1909f56bfc062723c751e8b465ee728b)  -> (artifact id: '10b454ff91c7084cbd83876a19262946') in 0.004595 seconds
  Import took 0.007955 seconds .

========================================================================
Received Import Request.
  Time since last request: 5.797234 seconds.
  path: Assets/Scripts
  artifactKey: Guid(8268b4c0b3619a141b31202efe6ec5b3) Importer(815301076,1909f56bfc062723c751e8b465ee728b)
Start importing Assets/Scripts using Guid(8268b4c0b3619a141b31202efe6ec5b3) Importer(815301076,1909f56bfc062723c751e8b465ee728b)  -> (artifact id: '86fabd84a55d05b812b03bd23f09acf6') in 0.003456 seconds
  Import took 0.006550 seconds .

========================================================================
Received Import Request.
  Time since last request: 5.595836 seconds.
  path: Assets/Textures
  artifactKey: Guid(f3090c6d3e493c8459ac7d778f0f4587) Importer(815301076,1909f56bfc062723c751e8b465ee728b)
Start importing Assets/Textures using Guid(f3090c6d3e493c8459ac7d778f0f4587) Importer(815301076,1909f56bfc062723c751e8b465ee728b)  -> (artifact id: '41a966bc6c33307c725a5e5a42e7df91') in 0.012416 seconds
  Import took 0.016132 seconds .

========================================================================
Received Import Request.
  Time since last request: 2.012553 seconds.
  path: Assets/Scenes
  artifactKey: Guid(fd6eba1cd64cb7e49a9c548511860c2a) Importer(815301076,1909f56bfc062723c751e8b465ee728b)
Start importing Assets/Scenes using Guid(fd6eba1cd64cb7e49a9c548511860c2a) Importer(815301076,1909f56bfc062723c751e8b465ee728b)  -> (artifact id: '5771d192e4761b5f96797d718c706aeb') in 0.004298 seconds
  Import took 0.007253 seconds .

========================================================================
Received Import Request.
  Time since last request: 9.348299 seconds.
  path: Assets/Scenes/Game.unity
  artifactKey: Guid(5a4263b681d10e84e83d5e9e3ea69ec1) Importer(815301076,1909f56bfc062723c751e8b465ee728b)
Start importing Assets/Scenes/Game.unity using Guid(5a4263b681d10e84e83d5e9e3ea69ec1) Importer(815301076,1909f56bfc062723c751e8b465ee728b)  -> (artifact id: '9c47acf435309a1f5b49cb1028d34383') in 0.009386 seconds
  Import took 0.013540 seconds .

========================================================================
Received Import Request.
  Time since last request: 2.573462 seconds.
  path: Assets/Scenes/SampleScene.unity
  artifactKey: Guid(2cda990e2423bbf4892e6590ba056729) Importer(815301076,1909f56bfc062723c751e8b465ee728b)
Start importing Assets/Scenes/SampleScene.unity using Guid(2cda990e2423bbf4892e6590ba056729) Importer(815301076,1909f56bfc062723c751e8b465ee728b)  -> (artifact id: '5db6c5a27ce610e8eb13047cc6caff06') in 0.005217 seconds
  Import took 0.008333 seconds .

========================================================================
Received Import Request.
  Time since last request: 46.787382 seconds.
  path: Assets/Textures/Block.png
  artifactKey: Guid(38d6b960bec9302468b037b3f04be22e) Importer(815301076,1909f56bfc062723c751e8b465ee728b)
Start importing Assets/Textures/Block.png using Guid(38d6b960bec9302468b037b3f04be22e) Importer(815301076,1909f56bfc062723c751e8b465ee728b)  -> (artifact id: 'da3f15439568bcef647945d1f9cda55f') in 0.142356 seconds
  Import took 0.145376 seconds .

========================================================================
Received Import Request.
  Time since last request: 0.000457 seconds.
  path: Assets/Textures/Block_2.png
  artifactKey: Guid(c6ad6f2fccbc3c24eb7d6efa0dac163a) Importer(815301076,1909f56bfc062723c751e8b465ee728b)
Start importing Assets/Textures/Block_2.png using Guid(c6ad6f2fccbc3c24eb7d6efa0dac163a) Importer(815301076,1909f56bfc062723c751e8b465ee728b)  -> (artifact id: '491c794223237f509fe031bfbef32069') in 0.010065 seconds
  Import took 0.012751 seconds .

========================================================================
Received Import Request.
  Time since last request: 0.000212 seconds.
  path: Assets/Textures/Circle.png
  artifactKey: Guid(31f828b7b398b574f9123d300fd3ae81) Importer(815301076,1909f56bfc062723c751e8b465ee728b)
Start importing Assets/Textures/Circle.png using Guid(31f828b7b398b574f9123d300fd3ae81) Importer(815301076,1909f56bfc062723c751e8b465ee728b)  -> (artifact id: 'c7ca139e7d29cc1b18e1372fee1c6fa9') in 0.012909 seconds
  Import took 0.015525 seconds .

========================================================================
Received Import Request.
  Time since last request: 0.000203 seconds.
  path: Assets/Textures/Square.png
  artifactKey: Guid(3f21e14031196ff419ad1b483aa78188) Importer(815301076,1909f56bfc062723c751e8b465ee728b)
Start importing Assets/Textures/Square.png using Guid(3f21e14031196ff419ad1b483aa78188) Importer(815301076,1909f56bfc062723c751e8b465ee728b)  -> (artifact id: 'b9000c14d733d0d2093a1e20a4f522ed') in 0.008544 seconds
  Import took 0.011212 seconds .

========================================================================
Received Import Request.
  Time since last request: 20.727908 seconds.
  path: Assets/Textures/Block.png
  artifactKey: Guid(38d6b960bec9302468b037b3f04be22e) Importer(815301076,1909f56bfc062723c751e8b465ee728b)
Start importing Assets/Textures/Block.png using Guid(38d6b960bec9302468b037b3f04be22e) Importer(815301076,1909f56bfc062723c751e8b465ee728b)  -> (artifact id: '131c8d3ab80d2de00b04a9a99b2fb58d') in 0.010645 seconds
  Import took 0.013814 seconds .

========================================================================
Received Import Request.
  Time since last request: 0.035573 seconds.
  path: Assets/Textures/Block.png
  artifactKey: Guid(38d6b960bec9302468b037b3f04be22e) Importer(815301076,1909f56bfc062723c751e8b465ee728b)
Start importing Assets/Textures/Block.png using Guid(38d6b960bec9302468b037b3f04be22e) Importer(815301076,1909f56bfc062723c751e8b465ee728b)  -> (artifact id: '131c8d3ab80d2de00b04a9a99b2fb58d') in 0.009257 seconds
  Import took 0.012092 seconds .

========================================================================
Received Import Request.
  Time since last request: 0.000236 seconds.
  path: Assets/Textures/Block_2.png
  artifactKey: Guid(c6ad6f2fccbc3c24eb7d6efa0dac163a) Importer(815301076,1909f56bfc062723c751e8b465ee728b)
Start importing Assets/Textures/Block_2.png using Guid(c6ad6f2fccbc3c24eb7d6efa0dac163a) Importer(815301076,1909f56bfc062723c751e8b465ee728b)  -> (artifact id: '7a831aff7d14b6de7b6a1487b05176d7') in 0.009926 seconds
  Import took 0.012529 seconds .

========================================================================
Received Import Request.
  Time since last request: 0.000198 seconds.
  path: Assets/Textures/Circle.png
  artifactKey: Guid(31f828b7b398b574f9123d300fd3ae81) Importer(815301076,1909f56bfc062723c751e8b465ee728b)
Start importing Assets/Textures/Circle.png using Guid(31f828b7b398b574f9123d300fd3ae81) Importer(815301076,1909f56bfc062723c751e8b465ee728b)  -> (artifact id: 'bbcc64669882562af5f44265a90d5e26') in 0.011290 seconds
  Import took 0.013843 seconds .

========================================================================
Received Import Request.
  Time since last request: 0.000190 seconds.
  path: Assets/Textures/Square.png
  artifactKey: Guid(3f21e14031196ff419ad1b483aa78188) Importer(815301076,1909f56bfc062723c751e8b465ee728b)
Start importing Assets/Textures/Square.png using Guid(3f21e14031196ff419ad1b483aa78188) Importer(815301076,1909f56bfc062723c751e8b465ee728b)  -> (artifact id: 'f7bc299ccab3382dfe8935579a510398') in 0.008143 seconds
  Import took 0.010681 seconds .

